[2022-08-13 10:25:23] local.ERROR: Argument 1 passed to Tymon\JWTAuth\JWT::fromUser() must implement interface Tymon\JWTAuth\Contracts\JWTSubject, null given, called in /Users/rahul/Documents/store/initappz/foodiesworld/foodies-api/vendor/laravel/framework/src/Illuminate/Support/Facades/Facade.php on line 261 {"exception":"[object] (Symfony\\Component\\Debug\\Exception\\FatalThrowableError(code: 0): Argument 1 passed to Tymon\\JWTAuth\\JWT::fromUser() must implement interface Tymon\\JWTAuth\\Contracts\\JWTSubject, null given, called in /Users/rahul/Documents/store/initappz/foodiesworld/foodies-api/vendor/laravel/framework/src/Illuminate/Support/Facades/Facade.php on line 261 at /Users/rahul/Documents/store/initappz/foodiesworld/foodies-api/vendor/tymon/jwt-auth/src/JWT.php:88)
[stacktrace]
#0 /Users/rahul/Documents/store/initappz/foodiesworld/foodies-api/vendor/laravel/framework/src/Illuminate/Support/Facades/Facade.php(261): Tymon\\JWTAuth\\JWT->fromUser(NULL, Array)
#1 /Users/rahul/Documents/store/initappz/foodiesworld/foodies-api/app/Http/Controllers/v1/OtpController.php(437): Illuminate\\Support\\Facades\\Facade::__callStatic('fromUser', Array)
#2 [internal function]: App\\Http\\Controllers\\v1\\OtpController->verifyOTPReset(Object(Illuminate\\Http\\Request))
#3 /Users/rahul/Documents/store/initappz/foodiesworld/foodies-api/vendor/laravel/framework/src/Illuminate/Routing/Controller.php(54): call_user_func_array(Array, Array)
#4 /Users/rahul/Documents/store/initappz/foodiesworld/foodies-api/vendor/laravel/framework/src/Illuminate/Routing/ControllerDispatcher.php(45): Illuminate\\Routing\\Controller->callAction('verifyOTPReset', Array)
#5 /Users/rahul/Documents/store/initappz/foodiesworld/foodies-api/vendor/laravel/framework/src/Illuminate/Routing/Route.php(219): Illuminate\\Routing\\ControllerDispatcher->dispatch(Object(Illuminate\\Routing\\Route), Object(App\\Http\\Controllers\\v1\\OtpController), 'verifyOTPReset')
#6 /Users/rahul/Documents/store/initappz/foodiesworld/foodies-api/vendor/laravel/framework/src/Illuminate/Routing/Route.php(176): Illuminate\\Routing\\Route->runController()
#7 /Users/rahul/Documents/store/initappz/foodiesworld/foodies-api/vendor/laravel/framework/src/Illuminate/Routing/Router.php(681): Illuminate\\Routing\\Route->run()
#8 /Users/rahul/Documents/store/initappz/foodiesworld/foodies-api/vendor/laravel/framework/src/Illuminate/Pipeline/Pipeline.php(130): Illuminate\\Routing\\Router->Illuminate\\Routing\\{closure}(Object(Illuminate\\Http\\Request))
#9 /Users/rahul/Documents/store/initappz/foodiesworld/foodies-api/vendor/laravel/framework/src/Illuminate/Routing/Middleware/SubstituteBindings.php(41): Illuminate\\Pipeline\\Pipeline->Illuminate\\Pipeline\\{closure}(Object(Illuminate\\Http\\Request))
#10 /Users/rahul/Documents/store/initappz/foodiesworld/foodies-api/vendor/laravel/framework/src/Illuminate/Pipeline/Pipeline.php(171): Illuminate\\Routing\\Middleware\\SubstituteBindings->handle(Object(Illuminate\\Http\\Request), Object(Closure))
#11 /Users/rahul/Documents/store/initappz/foodiesworld/foodies-api/vendor/laravel/framework/src/Illuminate/Routing/Middleware/ThrottleRequests.php(59): Illuminate\\Pipeline\\Pipeline->Illuminate\\Pipeline\\{closure}(Object(Illuminate\\Http\\Request))
#12 /Users/rahul/Documents/store/initappz/foodiesworld/foodies-api/vendor/laravel/framework/src/Illuminate/Pipeline/Pipeline.php(171): Illuminate\\Routing\\Middleware\\ThrottleRequests->handle(Object(Illuminate\\Http\\Request), Object(Closure), 60, '1')
#13 /Users/rahul/Documents/store/initappz/foodiesworld/foodies-api/vendor/laravel/framework/src/Illuminate/Pipeline/Pipeline.php(105): Illuminate\\Pipeline\\Pipeline->Illuminate\\Pipeline\\{closure}(Object(Illuminate\\Http\\Request))
#14 /Users/rahul/Documents/store/initappz/foodiesworld/foodies-api/vendor/laravel/framework/src/Illuminate/Routing/Router.php(683): Illuminate\\Pipeline\\Pipeline->then(Object(Closure))
#15 /Users/rahul/Documents/store/initappz/foodiesworld/foodies-api/vendor/laravel/framework/src/Illuminate/Routing/Router.php(658): Illuminate\\Routing\\Router->runRouteWithinStack(Object(Illuminate\\Routing\\Route), Object(Illuminate\\Http\\Request))
#16 /Users/rahul/Documents/store/initappz/foodiesworld/foodies-api/vendor/laravel/framework/src/Illuminate/Routing/Router.php(624): Illuminate\\Routing\\Router->runRoute(Object(Illuminate\\Http\\Request), Object(Illuminate\\Routing\\Route))
#17 /Users/rahul/Documents/store/initappz/foodiesworld/foodies-api/vendor/laravel/framework/src/Illuminate/Routing/Router.php(613): Illuminate\\Routing\\Router->dispatchToRoute(Object(Illuminate\\Http\\Request))
#18 /Users/rahul/Documents/store/initappz/foodiesworld/foodies-api/vendor/laravel/framework/src/Illuminate/Foundation/Http/Kernel.php(170): Illuminate\\Routing\\Router->dispatch(Object(Illuminate\\Http\\Request))
#19 /Users/rahul/Documents/store/initappz/foodiesworld/foodies-api/vendor/laravel/framework/src/Illuminate/Pipeline/Pipeline.php(130): Illuminate\\Foundation\\Http\\Kernel->Illuminate\\Foundation\\Http\\{closure}(Object(Illuminate\\Http\\Request))
#20 /Users/rahul/Documents/store/initappz/foodiesworld/foodies-api/vendor/fruitcake/laravel-cors/src/HandleCors.php(50): Illuminate\\Pipeline\\Pipeline->Illuminate\\Pipeline\\{closure}(Object(Illuminate\\Http\\Request))
#21 /Users/rahul/Documents/store/initappz/foodiesworld/foodies-api/vendor/laravel/framework/src/Illuminate/Pipeline/Pipeline.php(171): Fruitcake\\Cors\\HandleCors->handle(Object(Illuminate\\Http\\Request), Object(Closure))
#22 /Users/rahul/Documents/store/initappz/foodiesworld/foodies-api/vendor/laravel/framework/src/Illuminate/Foundation/Http/Middleware/TransformsRequest.php(21): Illuminate\\Pipeline\\Pipeline->Illuminate\\Pipeline\\{closure}(Object(Illuminate\\Http\\Request))
#23 /Users/rahul/Documents/store/initappz/foodiesworld/foodies-api/vendor/laravel/framework/src/Illuminate/Pipeline/Pipeline.php(171): Illuminate\\Foundation\\Http\\Middleware\\TransformsRequest->handle(Object(Illuminate\\Http\\Request), Object(Closure))
#24 /Users/rahul/Documents/store/initappz/foodiesworld/foodies-api/vendor/laravel/framework/src/Illuminate/Foundation/Http/Middleware/TransformsRequest.php(21): Illuminate\\Pipeline\\Pipeline->Illuminate\\Pipeline\\{closure}(Object(Illuminate\\Http\\Request))
#25 /Users/rahul/Documents/store/initappz/foodiesworld/foodies-api/vendor/laravel/framework/src/Illuminate/Pipeline/Pipeline.php(171): Illuminate\\Foundation\\Http\\Middleware\\TransformsRequest->handle(Object(Illuminate\\Http\\Request), Object(Closure))
#26 /Users/rahul/Documents/store/initappz/foodiesworld/foodies-api/vendor/laravel/framework/src/Illuminate/Foundation/Http/Middleware/ValidatePostSize.php(27): Illuminate\\Pipeline\\Pipeline->Illuminate\\Pipeline\\{closure}(Object(Illuminate\\Http\\Request))
#27 /Users/rahul/Documents/store/initappz/foodiesworld/foodies-api/vendor/laravel/framework/src/Illuminate/Pipeline/Pipeline.php(171): Illuminate\\Foundation\\Http\\Middleware\\ValidatePostSize->handle(Object(Illuminate\\Http\\Request), Object(Closure))
#28 /Users/rahul/Documents/store/initappz/foodiesworld/foodies-api/vendor/laravel/framework/src/Illuminate/Foundation/Http/Middleware/CheckForMaintenanceMode.php(63): Illuminate\\Pipeline\\Pipeline->Illuminate\\Pipeline\\{closure}(Object(Illuminate\\Http\\Request))
#29 /Users/rahul/Documents/store/initappz/foodiesworld/foodies-api/vendor/laravel/framework/src/Illuminate/Pipeline/Pipeline.php(171): Illuminate\\Foundation\\Http\\Middleware\\CheckForMaintenanceMode->handle(Object(Illuminate\\Http\\Request), Object(Closure))
#30 /Users/rahul/Documents/store/initappz/foodiesworld/foodies-api/vendor/fideloper/proxy/src/TrustProxies.php(57): Illuminate\\Pipeline\\Pipeline->Illuminate\\Pipeline\\{closure}(Object(Illuminate\\Http\\Request))
#31 /Users/rahul/Documents/store/initappz/foodiesworld/foodies-api/vendor/laravel/framework/src/Illuminate/Pipeline/Pipeline.php(171): Fideloper\\Proxy\\TrustProxies->handle(Object(Illuminate\\Http\\Request), Object(Closure))
#32 /Users/rahul/Documents/store/initappz/foodiesworld/foodies-api/vendor/laravel/framework/src/Illuminate/Pipeline/Pipeline.php(105): Illuminate\\Pipeline\\Pipeline->Illuminate\\Pipeline\\{closure}(Object(Illuminate\\Http\\Request))
#33 /Users/rahul/Documents/store/initappz/foodiesworld/foodies-api/vendor/laravel/framework/src/Illuminate/Foundation/Http/Kernel.php(145): Illuminate\\Pipeline\\Pipeline->then(Object(Closure))
#34 /Users/rahul/Documents/store/initappz/foodiesworld/foodies-api/vendor/laravel/framework/src/Illuminate/Foundation/Http/Kernel.php(110): Illuminate\\Foundation\\Http\\Kernel->sendRequestThroughRouter(Object(Illuminate\\Http\\Request))
#35 /Users/rahul/Documents/store/initappz/foodiesworld/foodies-api/public/index.php(55): Illuminate\\Foundation\\Http\\Kernel->handle(Object(Illuminate\\Http\\Request))
#36 /Users/rahul/Documents/store/initappz/foodiesworld/foodies-api/server.php(21): require_once('/Users/rahul/Do...')
#37 {main}
"} 
