[2022-08-06 04:34:56] local.ERROR: SQLSTATE[42S22]: Column not found: 1054 Unknown column 'phone' in 'where clause' (SQL: select * from `users` where (`country_code` = +91 and `phone` = 9426585554) limit 1) {"exception":"[object] (Illuminate\\Database\\QueryException(code: 42S22): SQLSTATE[42S22]: Column not found: 1054 Unknown column 'phone' in 'where clause' (SQL: select * from `users` where (`country_code` = +91 and `phone` = 9426585554) limit 1) at /Users/rahul/Documents/store/initappz/foodiesworld/foodies-api/vendor/laravel/framework/src/Illuminate/Database/Connection.php:669)
[stacktrace]
#0 /Users/rahul/Documents/store/initappz/foodiesworld/foodies-api/vendor/laravel/framework/src/Illuminate/Database/Connection.php(629): Illuminate\\Database\\Connection->runQueryCallback('select * from `...', Array, Object(Closure))
#1 /Users/rahul/Documents/store/initappz/foodiesworld/foodies-api/vendor/laravel/framework/src/Illuminate/Database/Connection.php(338): Illuminate\\Database\\Connection->run('select * from `...', Array, Object(Closure))
#2 /Users/rahul/Documents/store/initappz/foodiesworld/foodies-api/vendor/laravel/framework/src/Illuminate/Database/Query/Builder.php(2149): Illuminate\\Database\\Connection->select('select * from `...', Array, true)
#3 /Users/rahul/Documents/store/initappz/foodiesworld/foodies-api/vendor/laravel/framework/src/Illuminate/Database/Query/Builder.php(2137): Illuminate\\Database\\Query\\Builder->runSelect()
#4 /Users/rahul/Documents/store/initappz/foodiesworld/foodies-api/vendor/laravel/framework/src/Illuminate/Database/Query/Builder.php(2609): Illuminate\\Database\\Query\\Builder->Illuminate\\Database\\Query\\{closure}()
#5 /Users/rahul/Documents/store/initappz/foodiesworld/foodies-api/vendor/laravel/framework/src/Illuminate/Database/Query/Builder.php(2138): Illuminate\\Database\\Query\\Builder->onceWithColumns(Array, Object(Closure))
#6 /Users/rahul/Documents/store/initappz/foodiesworld/foodies-api/vendor/laravel/framework/src/Illuminate/Database/Eloquent/Builder.php(537): Illuminate\\Database\\Query\\Builder->get(Array)
#7 /Users/rahul/Documents/store/initappz/foodiesworld/foodies-api/vendor/laravel/framework/src/Illuminate/Database/Eloquent/Builder.php(521): Illuminate\\Database\\Eloquent\\Builder->getModels(Array)
#8 /Users/rahul/Documents/store/initappz/foodiesworld/foodies-api/vendor/laravel/framework/src/Illuminate/Database/Concerns/BuildsQueries.php(143): Illuminate\\Database\\Eloquent\\Builder->get(Array)
#9 /Users/rahul/Documents/store/initappz/foodiesworld/foodies-api/app/Http/Controllers/v1/OtpController.php(264): Illuminate\\Database\\Eloquent\\Builder->first()
#10 [internal function]: App\\Http\\Controllers\\v1\\OtpController->verifyPhone(Object(Illuminate\\Http\\Request))
#11 /Users/rahul/Documents/store/initappz/foodiesworld/foodies-api/vendor/laravel/framework/src/Illuminate/Routing/Controller.php(54): call_user_func_array(Array, Array)
#12 /Users/rahul/Documents/store/initappz/foodiesworld/foodies-api/vendor/laravel/framework/src/Illuminate/Routing/ControllerDispatcher.php(45): Illuminate\\Routing\\Controller->callAction('verifyPhone', Array)
#13 /Users/rahul/Documents/store/initappz/foodiesworld/foodies-api/vendor/laravel/framework/src/Illuminate/Routing/Route.php(219): Illuminate\\Routing\\ControllerDispatcher->dispatch(Object(Illuminate\\Routing\\Route), Object(App\\Http\\Controllers\\v1\\OtpController), 'verifyPhone')
#14 /Users/rahul/Documents/store/initappz/foodiesworld/foodies-api/vendor/laravel/framework/src/Illuminate/Routing/Route.php(176): Illuminate\\Routing\\Route->runController()
#15 /Users/rahul/Documents/store/initappz/foodiesworld/foodies-api/vendor/laravel/framework/src/Illuminate/Routing/Router.php(681): Illuminate\\Routing\\Route->run()
#16 /Users/rahul/Documents/store/initappz/foodiesworld/foodies-api/vendor/laravel/framework/src/Illuminate/Pipeline/Pipeline.php(130): Illuminate\\Routing\\Router->Illuminate\\Routing\\{closure}(Object(Illuminate\\Http\\Request))
#17 /Users/rahul/Documents/store/initappz/foodiesworld/foodies-api/vendor/laravel/framework/src/Illuminate/Routing/Middleware/SubstituteBindings.php(41): Illuminate\\Pipeline\\Pipeline->Illuminate\\Pipeline\\{closure}(Object(Illuminate\\Http\\Request))
#18 /Users/rahul/Documents/store/initappz/foodiesworld/foodies-api/vendor/laravel/framework/src/Illuminate/Pipeline/Pipeline.php(171): Illuminate\\Routing\\Middleware\\SubstituteBindings->handle(Object(Illuminate\\Http\\Request), Object(Closure))
#19 /Users/rahul/Documents/store/initappz/foodiesworld/foodies-api/vendor/laravel/framework/src/Illuminate/Routing/Middleware/ThrottleRequests.php(59): Illuminate\\Pipeline\\Pipeline->Illuminate\\Pipeline\\{closure}(Object(Illuminate\\Http\\Request))
#20 /Users/rahul/Documents/store/initappz/foodiesworld/foodies-api/vendor/laravel/framework/src/Illuminate/Pipeline/Pipeline.php(171): Illuminate\\Routing\\Middleware\\ThrottleRequests->handle(Object(Illuminate\\Http\\Request), Object(Closure), 60, '1')
#21 /Users/rahul/Documents/store/initappz/foodiesworld/foodies-api/vendor/laravel/framework/src/Illuminate/Pipeline/Pipeline.php(105): Illuminate\\Pipeline\\Pipeline->Illuminate\\Pipeline\\{closure}(Object(Illuminate\\Http\\Request))
#22 /Users/rahul/Documents/store/initappz/foodiesworld/foodies-api/vendor/laravel/framework/src/Illuminate/Routing/Router.php(683): Illuminate\\Pipeline\\Pipeline->then(Object(Closure))
#23 /Users/rahul/Documents/store/initappz/foodiesworld/foodies-api/vendor/laravel/framework/src/Illuminate/Routing/Router.php(658): Illuminate\\Routing\\Router->runRouteWithinStack(Object(Illuminate\\Routing\\Route), Object(Illuminate\\Http\\Request))
#24 /Users/rahul/Documents/store/initappz/foodiesworld/foodies-api/vendor/laravel/framework/src/Illuminate/Routing/Router.php(624): Illuminate\\Routing\\Router->runRoute(Object(Illuminate\\Http\\Request), Object(Illuminate\\Routing\\Route))
#25 /Users/rahul/Documents/store/initappz/foodiesworld/foodies-api/vendor/laravel/framework/src/Illuminate/Routing/Router.php(613): Illuminate\\Routing\\Router->dispatchToRoute(Object(Illuminate\\Http\\Request))
#26 /Users/rahul/Documents/store/initappz/foodiesworld/foodies-api/vendor/laravel/framework/src/Illuminate/Foundation/Http/Kernel.php(170): Illuminate\\Routing\\Router->dispatch(Object(Illuminate\\Http\\Request))
#27 /Users/rahul/Documents/store/initappz/foodiesworld/foodies-api/vendor/laravel/framework/src/Illuminate/Pipeline/Pipeline.php(130): Illuminate\\Foundation\\Http\\Kernel->Illuminate\\Foundation\\Http\\{closure}(Object(Illuminate\\Http\\Request))
#28 /Users/rahul/Documents/store/initappz/foodiesworld/foodies-api/vendor/fruitcake/laravel-cors/src/HandleCors.php(50): Illuminate\\Pipeline\\Pipeline->Illuminate\\Pipeline\\{closure}(Object(Illuminate\\Http\\Request))
#29 /Users/rahul/Documents/store/initappz/foodiesworld/foodies-api/vendor/laravel/framework/src/Illuminate/Pipeline/Pipeline.php(171): Fruitcake\\Cors\\HandleCors->handle(Object(Illuminate\\Http\\Request), Object(Closure))
#30 /Users/rahul/Documents/store/initappz/foodiesworld/foodies-api/vendor/laravel/framework/src/Illuminate/Foundation/Http/Middleware/TransformsRequest.php(21): Illuminate\\Pipeline\\Pipeline->Illuminate\\Pipeline\\{closure}(Object(Illuminate\\Http\\Request))
#31 /Users/rahul/Documents/store/initappz/foodiesworld/foodies-api/vendor/laravel/framework/src/Illuminate/Pipeline/Pipeline.php(171): Illuminate\\Foundation\\Http\\Middleware\\TransformsRequest->handle(Object(Illuminate\\Http\\Request), Object(Closure))
#32 /Users/rahul/Documents/store/initappz/foodiesworld/foodies-api/vendor/laravel/framework/src/Illuminate/Foundation/Http/Middleware/TransformsRequest.php(21): Illuminate\\Pipeline\\Pipeline->Illuminate\\Pipeline\\{closure}(Object(Illuminate\\Http\\Request))
#33 /Users/rahul/Documents/store/initappz/foodiesworld/foodies-api/vendor/laravel/framework/src/Illuminate/Pipeline/Pipeline.php(171): Illuminate\\Foundation\\Http\\Middleware\\TransformsRequest->handle(Object(Illuminate\\Http\\Request), Object(Closure))
#34 /Users/rahul/Documents/store/initappz/foodiesworld/foodies-api/vendor/laravel/framework/src/Illuminate/Foundation/Http/Middleware/ValidatePostSize.php(27): Illuminate\\Pipeline\\Pipeline->Illuminate\\Pipeline\\{closure}(Object(Illuminate\\Http\\Request))
#35 /Users/rahul/Documents/store/initappz/foodiesworld/foodies-api/vendor/laravel/framework/src/Illuminate/Pipeline/Pipeline.php(171): Illuminate\\Foundation\\Http\\Middleware\\ValidatePostSize->handle(Object(Illuminate\\Http\\Request), Object(Closure))
#36 /Users/rahul/Documents/store/initappz/foodiesworld/foodies-api/vendor/laravel/framework/src/Illuminate/Foundation/Http/Middleware/CheckForMaintenanceMode.php(63): Illuminate\\Pipeline\\Pipeline->Illuminate\\Pipeline\\{closure}(Object(Illuminate\\Http\\Request))
#37 /Users/rahul/Documents/store/initappz/foodiesworld/foodies-api/vendor/laravel/framework/src/Illuminate/Pipeline/Pipeline.php(171): Illuminate\\Foundation\\Http\\Middleware\\CheckForMaintenanceMode->handle(Object(Illuminate\\Http\\Request), Object(Closure))
#38 /Users/rahul/Documents/store/initappz/foodiesworld/foodies-api/vendor/fideloper/proxy/src/TrustProxies.php(57): Illuminate\\Pipeline\\Pipeline->Illuminate\\Pipeline\\{closure}(Object(Illuminate\\Http\\Request))
#39 /Users/rahul/Documents/store/initappz/foodiesworld/foodies-api/vendor/laravel/framework/src/Illuminate/Pipeline/Pipeline.php(171): Fideloper\\Proxy\\TrustProxies->handle(Object(Illuminate\\Http\\Request), Object(Closure))
#40 /Users/rahul/Documents/store/initappz/foodiesworld/foodies-api/vendor/laravel/framework/src/Illuminate/Pipeline/Pipeline.php(105): Illuminate\\Pipeline\\Pipeline->Illuminate\\Pipeline\\{closure}(Object(Illuminate\\Http\\Request))
#41 /Users/rahul/Documents/store/initappz/foodiesworld/foodies-api/vendor/laravel/framework/src/Illuminate/Foundation/Http/Kernel.php(145): Illuminate\\Pipeline\\Pipeline->then(Object(Closure))
#42 /Users/rahul/Documents/store/initappz/foodiesworld/foodies-api/vendor/laravel/framework/src/Illuminate/Foundation/Http/Kernel.php(110): Illuminate\\Foundation\\Http\\Kernel->sendRequestThroughRouter(Object(Illuminate\\Http\\Request))
#43 /Users/rahul/Documents/store/initappz/foodiesworld/foodies-api/public/index.php(55): Illuminate\\Foundation\\Http\\Kernel->handle(Object(Illuminate\\Http\\Request))
#44 /Users/rahul/Documents/store/initappz/foodiesworld/foodies-api/server.php(21): require_once('/Users/rahul/Do...')
#45 {main}

[previous exception] [object] (PDOException(code: 42S22): SQLSTATE[42S22]: Column not found: 1054 Unknown column 'phone' in 'where clause' at /Users/rahul/Documents/store/initappz/foodiesworld/foodies-api/vendor/laravel/framework/src/Illuminate/Database/Connection.php:331)
[stacktrace]
#0 /Users/rahul/Documents/store/initappz/foodiesworld/foodies-api/vendor/laravel/framework/src/Illuminate/Database/Connection.php(331): PDO->prepare('select * from `...')
#1 /Users/rahul/Documents/store/initappz/foodiesworld/foodies-api/vendor/laravel/framework/src/Illuminate/Database/Connection.php(662): Illuminate\\Database\\Connection->Illuminate\\Database\\{closure}('select * from `...', Array)
#2 /Users/rahul/Documents/store/initappz/foodiesworld/foodies-api/vendor/laravel/framework/src/Illuminate/Database/Connection.php(629): Illuminate\\Database\\Connection->runQueryCallback('select * from `...', Array, Object(Closure))
#3 /Users/rahul/Documents/store/initappz/foodiesworld/foodies-api/vendor/laravel/framework/src/Illuminate/Database/Connection.php(338): Illuminate\\Database\\Connection->run('select * from `...', Array, Object(Closure))
#4 /Users/rahul/Documents/store/initappz/foodiesworld/foodies-api/vendor/laravel/framework/src/Illuminate/Database/Query/Builder.php(2149): Illuminate\\Database\\Connection->select('select * from `...', Array, true)
#5 /Users/rahul/Documents/store/initappz/foodiesworld/foodies-api/vendor/laravel/framework/src/Illuminate/Database/Query/Builder.php(2137): Illuminate\\Database\\Query\\Builder->runSelect()
#6 /Users/rahul/Documents/store/initappz/foodiesworld/foodies-api/vendor/laravel/framework/src/Illuminate/Database/Query/Builder.php(2609): Illuminate\\Database\\Query\\Builder->Illuminate\\Database\\Query\\{closure}()
#7 /Users/rahul/Documents/store/initappz/foodiesworld/foodies-api/vendor/laravel/framework/src/Illuminate/Database/Query/Builder.php(2138): Illuminate\\Database\\Query\\Builder->onceWithColumns(Array, Object(Closure))
#8 /Users/rahul/Documents/store/initappz/foodiesworld/foodies-api/vendor/laravel/framework/src/Illuminate/Database/Eloquent/Builder.php(537): Illuminate\\Database\\Query\\Builder->get(Array)
#9 /Users/rahul/Documents/store/initappz/foodiesworld/foodies-api/vendor/laravel/framework/src/Illuminate/Database/Eloquent/Builder.php(521): Illuminate\\Database\\Eloquent\\Builder->getModels(Array)
#10 /Users/rahul/Documents/store/initappz/foodiesworld/foodies-api/vendor/laravel/framework/src/Illuminate/Database/Concerns/BuildsQueries.php(143): Illuminate\\Database\\Eloquent\\Builder->get(Array)
#11 /Users/rahul/Documents/store/initappz/foodiesworld/foodies-api/app/Http/Controllers/v1/OtpController.php(264): Illuminate\\Database\\Eloquent\\Builder->first()
#12 [internal function]: App\\Http\\Controllers\\v1\\OtpController->verifyPhone(Object(Illuminate\\Http\\Request))
#13 /Users/rahul/Documents/store/initappz/foodiesworld/foodies-api/vendor/laravel/framework/src/Illuminate/Routing/Controller.php(54): call_user_func_array(Array, Array)
#14 /Users/rahul/Documents/store/initappz/foodiesworld/foodies-api/vendor/laravel/framework/src/Illuminate/Routing/ControllerDispatcher.php(45): Illuminate\\Routing\\Controller->callAction('verifyPhone', Array)
#15 /Users/rahul/Documents/store/initappz/foodiesworld/foodies-api/vendor/laravel/framework/src/Illuminate/Routing/Route.php(219): Illuminate\\Routing\\ControllerDispatcher->dispatch(Object(Illuminate\\Routing\\Route), Object(App\\Http\\Controllers\\v1\\OtpController), 'verifyPhone')
#16 /Users/rahul/Documents/store/initappz/foodiesworld/foodies-api/vendor/laravel/framework/src/Illuminate/Routing/Route.php(176): Illuminate\\Routing\\Route->runController()
#17 /Users/rahul/Documents/store/initappz/foodiesworld/foodies-api/vendor/laravel/framework/src/Illuminate/Routing/Router.php(681): Illuminate\\Routing\\Route->run()
#18 /Users/rahul/Documents/store/initappz/foodiesworld/foodies-api/vendor/laravel/framework/src/Illuminate/Pipeline/Pipeline.php(130): Illuminate\\Routing\\Router->Illuminate\\Routing\\{closure}(Object(Illuminate\\Http\\Request))
#19 /Users/rahul/Documents/store/initappz/foodiesworld/foodies-api/vendor/laravel/framework/src/Illuminate/Routing/Middleware/SubstituteBindings.php(41): Illuminate\\Pipeline\\Pipeline->Illuminate\\Pipeline\\{closure}(Object(Illuminate\\Http\\Request))
#20 /Users/rahul/Documents/store/initappz/foodiesworld/foodies-api/vendor/laravel/framework/src/Illuminate/Pipeline/Pipeline.php(171): Illuminate\\Routing\\Middleware\\SubstituteBindings->handle(Object(Illuminate\\Http\\Request), Object(Closure))
#21 /Users/rahul/Documents/store/initappz/foodiesworld/foodies-api/vendor/laravel/framework/src/Illuminate/Routing/Middleware/ThrottleRequests.php(59): Illuminate\\Pipeline\\Pipeline->Illuminate\\Pipeline\\{closure}(Object(Illuminate\\Http\\Request))
#22 /Users/rahul/Documents/store/initappz/foodiesworld/foodies-api/vendor/laravel/framework/src/Illuminate/Pipeline/Pipeline.php(171): Illuminate\\Routing\\Middleware\\ThrottleRequests->handle(Object(Illuminate\\Http\\Request), Object(Closure), 60, '1')
#23 /Users/rahul/Documents/store/initappz/foodiesworld/foodies-api/vendor/laravel/framework/src/Illuminate/Pipeline/Pipeline.php(105): Illuminate\\Pipeline\\Pipeline->Illuminate\\Pipeline\\{closure}(Object(Illuminate\\Http\\Request))
#24 /Users/rahul/Documents/store/initappz/foodiesworld/foodies-api/vendor/laravel/framework/src/Illuminate/Routing/Router.php(683): Illuminate\\Pipeline\\Pipeline->then(Object(Closure))
#25 /Users/rahul/Documents/store/initappz/foodiesworld/foodies-api/vendor/laravel/framework/src/Illuminate/Routing/Router.php(658): Illuminate\\Routing\\Router->runRouteWithinStack(Object(Illuminate\\Routing\\Route), Object(Illuminate\\Http\\Request))
#26 /Users/rahul/Documents/store/initappz/foodiesworld/foodies-api/vendor/laravel/framework/src/Illuminate/Routing/Router.php(624): Illuminate\\Routing\\Router->runRoute(Object(Illuminate\\Http\\Request), Object(Illuminate\\Routing\\Route))
#27 /Users/rahul/Documents/store/initappz/foodiesworld/foodies-api/vendor/laravel/framework/src/Illuminate/Routing/Router.php(613): Illuminate\\Routing\\Router->dispatchToRoute(Object(Illuminate\\Http\\Request))
#28 /Users/rahul/Documents/store/initappz/foodiesworld/foodies-api/vendor/laravel/framework/src/Illuminate/Foundation/Http/Kernel.php(170): Illuminate\\Routing\\Router->dispatch(Object(Illuminate\\Http\\Request))
#29 /Users/rahul/Documents/store/initappz/foodiesworld/foodies-api/vendor/laravel/framework/src/Illuminate/Pipeline/Pipeline.php(130): Illuminate\\Foundation\\Http\\Kernel->Illuminate\\Foundation\\Http\\{closure}(Object(Illuminate\\Http\\Request))
#30 /Users/rahul/Documents/store/initappz/foodiesworld/foodies-api/vendor/fruitcake/laravel-cors/src/HandleCors.php(50): Illuminate\\Pipeline\\Pipeline->Illuminate\\Pipeline\\{closure}(Object(Illuminate\\Http\\Request))
#31 /Users/rahul/Documents/store/initappz/foodiesworld/foodies-api/vendor/laravel/framework/src/Illuminate/Pipeline/Pipeline.php(171): Fruitcake\\Cors\\HandleCors->handle(Object(Illuminate\\Http\\Request), Object(Closure))
#32 /Users/rahul/Documents/store/initappz/foodiesworld/foodies-api/vendor/laravel/framework/src/Illuminate/Foundation/Http/Middleware/TransformsRequest.php(21): Illuminate\\Pipeline\\Pipeline->Illuminate\\Pipeline\\{closure}(Object(Illuminate\\Http\\Request))
#33 /Users/rahul/Documents/store/initappz/foodiesworld/foodies-api/vendor/laravel/framework/src/Illuminate/Pipeline/Pipeline.php(171): Illuminate\\Foundation\\Http\\Middleware\\TransformsRequest->handle(Object(Illuminate\\Http\\Request), Object(Closure))
#34 /Users/rahul/Documents/store/initappz/foodiesworld/foodies-api/vendor/laravel/framework/src/Illuminate/Foundation/Http/Middleware/TransformsRequest.php(21): Illuminate\\Pipeline\\Pipeline->Illuminate\\Pipeline\\{closure}(Object(Illuminate\\Http\\Request))
#35 /Users/rahul/Documents/store/initappz/foodiesworld/foodies-api/vendor/laravel/framework/src/Illuminate/Pipeline/Pipeline.php(171): Illuminate\\Foundation\\Http\\Middleware\\TransformsRequest->handle(Object(Illuminate\\Http\\Request), Object(Closure))
#36 /Users/rahul/Documents/store/initappz/foodiesworld/foodies-api/vendor/laravel/framework/src/Illuminate/Foundation/Http/Middleware/ValidatePostSize.php(27): Illuminate\\Pipeline\\Pipeline->Illuminate\\Pipeline\\{closure}(Object(Illuminate\\Http\\Request))
#37 /Users/rahul/Documents/store/initappz/foodiesworld/foodies-api/vendor/laravel/framework/src/Illuminate/Pipeline/Pipeline.php(171): Illuminate\\Foundation\\Http\\Middleware\\ValidatePostSize->handle(Object(Illuminate\\Http\\Request), Object(Closure))
#38 /Users/rahul/Documents/store/initappz/foodiesworld/foodies-api/vendor/laravel/framework/src/Illuminate/Foundation/Http/Middleware/CheckForMaintenanceMode.php(63): Illuminate\\Pipeline\\Pipeline->Illuminate\\Pipeline\\{closure}(Object(Illuminate\\Http\\Request))
#39 /Users/rahul/Documents/store/initappz/foodiesworld/foodies-api/vendor/laravel/framework/src/Illuminate/Pipeline/Pipeline.php(171): Illuminate\\Foundation\\Http\\Middleware\\CheckForMaintenanceMode->handle(Object(Illuminate\\Http\\Request), Object(Closure))
#40 /Users/rahul/Documents/store/initappz/foodiesworld/foodies-api/vendor/fideloper/proxy/src/TrustProxies.php(57): Illuminate\\Pipeline\\Pipeline->Illuminate\\Pipeline\\{closure}(Object(Illuminate\\Http\\Request))
#41 /Users/rahul/Documents/store/initappz/foodiesworld/foodies-api/vendor/laravel/framework/src/Illuminate/Pipeline/Pipeline.php(171): Fideloper\\Proxy\\TrustProxies->handle(Object(Illuminate\\Http\\Request), Object(Closure))
#42 /Users/rahul/Documents/store/initappz/foodiesworld/foodies-api/vendor/laravel/framework/src/Illuminate/Pipeline/Pipeline.php(105): Illuminate\\Pipeline\\Pipeline->Illuminate\\Pipeline\\{closure}(Object(Illuminate\\Http\\Request))
#43 /Users/rahul/Documents/store/initappz/foodiesworld/foodies-api/vendor/laravel/framework/src/Illuminate/Foundation/Http/Kernel.php(145): Illuminate\\Pipeline\\Pipeline->then(Object(Closure))
#44 /Users/rahul/Documents/store/initappz/foodiesworld/foodies-api/vendor/laravel/framework/src/Illuminate/Foundation/Http/Kernel.php(110): Illuminate\\Foundation\\Http\\Kernel->sendRequestThroughRouter(Object(Illuminate\\Http\\Request))
#45 /Users/rahul/Documents/store/initappz/foodiesworld/foodies-api/public/index.php(55): Illuminate\\Foundation\\Http\\Kernel->handle(Object(Illuminate\\Http\\Request))
#46 /Users/rahul/Documents/store/initappz/foodiesworld/foodies-api/server.php(21): require_once('/Users/rahul/Do...')
#47 {main}
"} 
[2022-08-06 04:35:17] local.ERROR: Class 'App\Models\Setting' not found {"exception":"[object] (Symfony\\Component\\Debug\\Exception\\FatalThrowableError(code: 0): Class 'App\\Models\\Setting' not found at /Users/rahul/Documents/store/initappz/foodiesworld/foodies-api/app/Http/Controllers/v1/OtpController.php:269)
[stacktrace]
#0 [internal function]: App\\Http\\Controllers\\v1\\OtpController->verifyPhone(Object(Illuminate\\Http\\Request))
#1 /Users/rahul/Documents/store/initappz/foodiesworld/foodies-api/vendor/laravel/framework/src/Illuminate/Routing/Controller.php(54): call_user_func_array(Array, Array)
#2 /Users/rahul/Documents/store/initappz/foodiesworld/foodies-api/vendor/laravel/framework/src/Illuminate/Routing/ControllerDispatcher.php(45): Illuminate\\Routing\\Controller->callAction('verifyPhone', Array)
#3 /Users/rahul/Documents/store/initappz/foodiesworld/foodies-api/vendor/laravel/framework/src/Illuminate/Routing/Route.php(219): Illuminate\\Routing\\ControllerDispatcher->dispatch(Object(Illuminate\\Routing\\Route), Object(App\\Http\\Controllers\\v1\\OtpController), 'verifyPhone')
#4 /Users/rahul/Documents/store/initappz/foodiesworld/foodies-api/vendor/laravel/framework/src/Illuminate/Routing/Route.php(176): Illuminate\\Routing\\Route->runController()
#5 /Users/rahul/Documents/store/initappz/foodiesworld/foodies-api/vendor/laravel/framework/src/Illuminate/Routing/Router.php(681): Illuminate\\Routing\\Route->run()
#6 /Users/rahul/Documents/store/initappz/foodiesworld/foodies-api/vendor/laravel/framework/src/Illuminate/Pipeline/Pipeline.php(130): Illuminate\\Routing\\Router->Illuminate\\Routing\\{closure}(Object(Illuminate\\Http\\Request))
#7 /Users/rahul/Documents/store/initappz/foodiesworld/foodies-api/vendor/laravel/framework/src/Illuminate/Routing/Middleware/SubstituteBindings.php(41): Illuminate\\Pipeline\\Pipeline->Illuminate\\Pipeline\\{closure}(Object(Illuminate\\Http\\Request))
#8 /Users/rahul/Documents/store/initappz/foodiesworld/foodies-api/vendor/laravel/framework/src/Illuminate/Pipeline/Pipeline.php(171): Illuminate\\Routing\\Middleware\\SubstituteBindings->handle(Object(Illuminate\\Http\\Request), Object(Closure))
#9 /Users/rahul/Documents/store/initappz/foodiesworld/foodies-api/vendor/laravel/framework/src/Illuminate/Routing/Middleware/ThrottleRequests.php(59): Illuminate\\Pipeline\\Pipeline->Illuminate\\Pipeline\\{closure}(Object(Illuminate\\Http\\Request))
#10 /Users/rahul/Documents/store/initappz/foodiesworld/foodies-api/vendor/laravel/framework/src/Illuminate/Pipeline/Pipeline.php(171): Illuminate\\Routing\\Middleware\\ThrottleRequests->handle(Object(Illuminate\\Http\\Request), Object(Closure), 60, '1')
#11 /Users/rahul/Documents/store/initappz/foodiesworld/foodies-api/vendor/laravel/framework/src/Illuminate/Pipeline/Pipeline.php(105): Illuminate\\Pipeline\\Pipeline->Illuminate\\Pipeline\\{closure}(Object(Illuminate\\Http\\Request))
#12 /Users/rahul/Documents/store/initappz/foodiesworld/foodies-api/vendor/laravel/framework/src/Illuminate/Routing/Router.php(683): Illuminate\\Pipeline\\Pipeline->then(Object(Closure))
#13 /Users/rahul/Documents/store/initappz/foodiesworld/foodies-api/vendor/laravel/framework/src/Illuminate/Routing/Router.php(658): Illuminate\\Routing\\Router->runRouteWithinStack(Object(Illuminate\\Routing\\Route), Object(Illuminate\\Http\\Request))
#14 /Users/rahul/Documents/store/initappz/foodiesworld/foodies-api/vendor/laravel/framework/src/Illuminate/Routing/Router.php(624): Illuminate\\Routing\\Router->runRoute(Object(Illuminate\\Http\\Request), Object(Illuminate\\Routing\\Route))
#15 /Users/rahul/Documents/store/initappz/foodiesworld/foodies-api/vendor/laravel/framework/src/Illuminate/Routing/Router.php(613): Illuminate\\Routing\\Router->dispatchToRoute(Object(Illuminate\\Http\\Request))
#16 /Users/rahul/Documents/store/initappz/foodiesworld/foodies-api/vendor/laravel/framework/src/Illuminate/Foundation/Http/Kernel.php(170): Illuminate\\Routing\\Router->dispatch(Object(Illuminate\\Http\\Request))
#17 /Users/rahul/Documents/store/initappz/foodiesworld/foodies-api/vendor/laravel/framework/src/Illuminate/Pipeline/Pipeline.php(130): Illuminate\\Foundation\\Http\\Kernel->Illuminate\\Foundation\\Http\\{closure}(Object(Illuminate\\Http\\Request))
#18 /Users/rahul/Documents/store/initappz/foodiesworld/foodies-api/vendor/fruitcake/laravel-cors/src/HandleCors.php(50): Illuminate\\Pipeline\\Pipeline->Illuminate\\Pipeline\\{closure}(Object(Illuminate\\Http\\Request))
#19 /Users/rahul/Documents/store/initappz/foodiesworld/foodies-api/vendor/laravel/framework/src/Illuminate/Pipeline/Pipeline.php(171): Fruitcake\\Cors\\HandleCors->handle(Object(Illuminate\\Http\\Request), Object(Closure))
#20 /Users/rahul/Documents/store/initappz/foodiesworld/foodies-api/vendor/laravel/framework/src/Illuminate/Foundation/Http/Middleware/TransformsRequest.php(21): Illuminate\\Pipeline\\Pipeline->Illuminate\\Pipeline\\{closure}(Object(Illuminate\\Http\\Request))
#21 /Users/rahul/Documents/store/initappz/foodiesworld/foodies-api/vendor/laravel/framework/src/Illuminate/Pipeline/Pipeline.php(171): Illuminate\\Foundation\\Http\\Middleware\\TransformsRequest->handle(Object(Illuminate\\Http\\Request), Object(Closure))
#22 /Users/rahul/Documents/store/initappz/foodiesworld/foodies-api/vendor/laravel/framework/src/Illuminate/Foundation/Http/Middleware/TransformsRequest.php(21): Illuminate\\Pipeline\\Pipeline->Illuminate\\Pipeline\\{closure}(Object(Illuminate\\Http\\Request))
#23 /Users/rahul/Documents/store/initappz/foodiesworld/foodies-api/vendor/laravel/framework/src/Illuminate/Pipeline/Pipeline.php(171): Illuminate\\Foundation\\Http\\Middleware\\TransformsRequest->handle(Object(Illuminate\\Http\\Request), Object(Closure))
#24 /Users/rahul/Documents/store/initappz/foodiesworld/foodies-api/vendor/laravel/framework/src/Illuminate/Foundation/Http/Middleware/ValidatePostSize.php(27): Illuminate\\Pipeline\\Pipeline->Illuminate\\Pipeline\\{closure}(Object(Illuminate\\Http\\Request))
#25 /Users/rahul/Documents/store/initappz/foodiesworld/foodies-api/vendor/laravel/framework/src/Illuminate/Pipeline/Pipeline.php(171): Illuminate\\Foundation\\Http\\Middleware\\ValidatePostSize->handle(Object(Illuminate\\Http\\Request), Object(Closure))
#26 /Users/rahul/Documents/store/initappz/foodiesworld/foodies-api/vendor/laravel/framework/src/Illuminate/Foundation/Http/Middleware/CheckForMaintenanceMode.php(63): Illuminate\\Pipeline\\Pipeline->Illuminate\\Pipeline\\{closure}(Object(Illuminate\\Http\\Request))
#27 /Users/rahul/Documents/store/initappz/foodiesworld/foodies-api/vendor/laravel/framework/src/Illuminate/Pipeline/Pipeline.php(171): Illuminate\\Foundation\\Http\\Middleware\\CheckForMaintenanceMode->handle(Object(Illuminate\\Http\\Request), Object(Closure))
#28 /Users/rahul/Documents/store/initappz/foodiesworld/foodies-api/vendor/fideloper/proxy/src/TrustProxies.php(57): Illuminate\\Pipeline\\Pipeline->Illuminate\\Pipeline\\{closure}(Object(Illuminate\\Http\\Request))
#29 /Users/rahul/Documents/store/initappz/foodiesworld/foodies-api/vendor/laravel/framework/src/Illuminate/Pipeline/Pipeline.php(171): Fideloper\\Proxy\\TrustProxies->handle(Object(Illuminate\\Http\\Request), Object(Closure))
#30 /Users/rahul/Documents/store/initappz/foodiesworld/foodies-api/vendor/laravel/framework/src/Illuminate/Pipeline/Pipeline.php(105): Illuminate\\Pipeline\\Pipeline->Illuminate\\Pipeline\\{closure}(Object(Illuminate\\Http\\Request))
#31 /Users/rahul/Documents/store/initappz/foodiesworld/foodies-api/vendor/laravel/framework/src/Illuminate/Foundation/Http/Kernel.php(145): Illuminate\\Pipeline\\Pipeline->then(Object(Closure))
#32 /Users/rahul/Documents/store/initappz/foodiesworld/foodies-api/vendor/laravel/framework/src/Illuminate/Foundation/Http/Kernel.php(110): Illuminate\\Foundation\\Http\\Kernel->sendRequestThroughRouter(Object(Illuminate\\Http\\Request))
#33 /Users/rahul/Documents/store/initappz/foodiesworld/foodies-api/public/index.php(55): Illuminate\\Foundation\\Http\\Kernel->handle(Object(Illuminate\\Http\\Request))
#34 /Users/rahul/Documents/store/initappz/foodiesworld/foodies-api/server.php(21): require_once('/Users/rahul/Do...')
#35 {main}
"} 
[2022-08-06 04:35:46] local.ERROR: Client error: `POST https://api.twilio.com/2010-04-01/Accounts//Messages.json` resulted in a `401 Unauthorized` response:
{"code":20003,"message":"Authentication Error - No credentials provided","more_info":"https://www.twilio.com/docs/errors (truncated...)
 {"exception":"[object] (GuzzleHttp\\Exception\\ClientException(code: 401): Client error: `POST https://api.twilio.com/2010-04-01/Accounts//Messages.json` resulted in a `401 Unauthorized` response:
{\"code\":20003,\"message\":\"Authentication Error - No credentials provided\",\"more_info\":\"https://www.twilio.com/docs/errors (truncated...)
 at /Users/rahul/Documents/store/initappz/foodiesworld/foodies-api/vendor/guzzlehttp/guzzle/src/Exception/RequestException.php:113)
[stacktrace]
#0 /Users/rahul/Documents/store/initappz/foodiesworld/foodies-api/vendor/guzzlehttp/guzzle/src/Middleware.php(69): GuzzleHttp\\Exception\\RequestException::create(Object(GuzzleHttp\\Psr7\\Request), Object(GuzzleHttp\\Psr7\\Response), NULL, Array, NULL)
#1 /Users/rahul/Documents/store/initappz/foodiesworld/foodies-api/vendor/guzzlehttp/promises/src/Promise.php(204): GuzzleHttp\\Middleware::GuzzleHttp\\{closure}(Object(GuzzleHttp\\Psr7\\Response))
#2 /Users/rahul/Documents/store/initappz/foodiesworld/foodies-api/vendor/guzzlehttp/promises/src/Promise.php(153): GuzzleHttp\\Promise\\Promise::callHandler(1, Object(GuzzleHttp\\Psr7\\Response), NULL)
#3 /Users/rahul/Documents/store/initappz/foodiesworld/foodies-api/vendor/guzzlehttp/promises/src/TaskQueue.php(48): GuzzleHttp\\Promise\\Promise::GuzzleHttp\\Promise\\{closure}()
#4 /Users/rahul/Documents/store/initappz/foodiesworld/foodies-api/vendor/guzzlehttp/promises/src/Promise.php(248): GuzzleHttp\\Promise\\TaskQueue->run(true)
#5 /Users/rahul/Documents/store/initappz/foodiesworld/foodies-api/vendor/guzzlehttp/promises/src/Promise.php(224): GuzzleHttp\\Promise\\Promise->invokeWaitFn()
#6 /Users/rahul/Documents/store/initappz/foodiesworld/foodies-api/vendor/guzzlehttp/promises/src/Promise.php(269): GuzzleHttp\\Promise\\Promise->waitIfPending()
#7 /Users/rahul/Documents/store/initappz/foodiesworld/foodies-api/vendor/guzzlehttp/promises/src/Promise.php(226): GuzzleHttp\\Promise\\Promise->invokeWaitList()
#8 /Users/rahul/Documents/store/initappz/foodiesworld/foodies-api/vendor/guzzlehttp/promises/src/Promise.php(62): GuzzleHttp\\Promise\\Promise->waitIfPending()
#9 /Users/rahul/Documents/store/initappz/foodiesworld/foodies-api/vendor/guzzlehttp/guzzle/src/Client.php(187): GuzzleHttp\\Promise\\Promise->wait()
#10 /Users/rahul/Documents/store/initappz/foodiesworld/foodies-api/app/Http/Controllers/v1/OtpController.php(310): GuzzleHttp\\Client->request('POST', 'https://api.twi...', Array)
#11 [internal function]: App\\Http\\Controllers\\v1\\OtpController->verifyPhone(Object(Illuminate\\Http\\Request))
#12 /Users/rahul/Documents/store/initappz/foodiesworld/foodies-api/vendor/laravel/framework/src/Illuminate/Routing/Controller.php(54): call_user_func_array(Array, Array)
#13 /Users/rahul/Documents/store/initappz/foodiesworld/foodies-api/vendor/laravel/framework/src/Illuminate/Routing/ControllerDispatcher.php(45): Illuminate\\Routing\\Controller->callAction('verifyPhone', Array)
#14 /Users/rahul/Documents/store/initappz/foodiesworld/foodies-api/vendor/laravel/framework/src/Illuminate/Routing/Route.php(219): Illuminate\\Routing\\ControllerDispatcher->dispatch(Object(Illuminate\\Routing\\Route), Object(App\\Http\\Controllers\\v1\\OtpController), 'verifyPhone')
#15 /Users/rahul/Documents/store/initappz/foodiesworld/foodies-api/vendor/laravel/framework/src/Illuminate/Routing/Route.php(176): Illuminate\\Routing\\Route->runController()
#16 /Users/rahul/Documents/store/initappz/foodiesworld/foodies-api/vendor/laravel/framework/src/Illuminate/Routing/Router.php(681): Illuminate\\Routing\\Route->run()
#17 /Users/rahul/Documents/store/initappz/foodiesworld/foodies-api/vendor/laravel/framework/src/Illuminate/Pipeline/Pipeline.php(130): Illuminate\\Routing\\Router->Illuminate\\Routing\\{closure}(Object(Illuminate\\Http\\Request))
#18 /Users/rahul/Documents/store/initappz/foodiesworld/foodies-api/vendor/laravel/framework/src/Illuminate/Routing/Middleware/SubstituteBindings.php(41): Illuminate\\Pipeline\\Pipeline->Illuminate\\Pipeline\\{closure}(Object(Illuminate\\Http\\Request))
#19 /Users/rahul/Documents/store/initappz/foodiesworld/foodies-api/vendor/laravel/framework/src/Illuminate/Pipeline/Pipeline.php(171): Illuminate\\Routing\\Middleware\\SubstituteBindings->handle(Object(Illuminate\\Http\\Request), Object(Closure))
#20 /Users/rahul/Documents/store/initappz/foodiesworld/foodies-api/vendor/laravel/framework/src/Illuminate/Routing/Middleware/ThrottleRequests.php(59): Illuminate\\Pipeline\\Pipeline->Illuminate\\Pipeline\\{closure}(Object(Illuminate\\Http\\Request))
#21 /Users/rahul/Documents/store/initappz/foodiesworld/foodies-api/vendor/laravel/framework/src/Illuminate/Pipeline/Pipeline.php(171): Illuminate\\Routing\\Middleware\\ThrottleRequests->handle(Object(Illuminate\\Http\\Request), Object(Closure), 60, '1')
#22 /Users/rahul/Documents/store/initappz/foodiesworld/foodies-api/vendor/laravel/framework/src/Illuminate/Pipeline/Pipeline.php(105): Illuminate\\Pipeline\\Pipeline->Illuminate\\Pipeline\\{closure}(Object(Illuminate\\Http\\Request))
#23 /Users/rahul/Documents/store/initappz/foodiesworld/foodies-api/vendor/laravel/framework/src/Illuminate/Routing/Router.php(683): Illuminate\\Pipeline\\Pipeline->then(Object(Closure))
#24 /Users/rahul/Documents/store/initappz/foodiesworld/foodies-api/vendor/laravel/framework/src/Illuminate/Routing/Router.php(658): Illuminate\\Routing\\Router->runRouteWithinStack(Object(Illuminate\\Routing\\Route), Object(Illuminate\\Http\\Request))
#25 /Users/rahul/Documents/store/initappz/foodiesworld/foodies-api/vendor/laravel/framework/src/Illuminate/Routing/Router.php(624): Illuminate\\Routing\\Router->runRoute(Object(Illuminate\\Http\\Request), Object(Illuminate\\Routing\\Route))
#26 /Users/rahul/Documents/store/initappz/foodiesworld/foodies-api/vendor/laravel/framework/src/Illuminate/Routing/Router.php(613): Illuminate\\Routing\\Router->dispatchToRoute(Object(Illuminate\\Http\\Request))
#27 /Users/rahul/Documents/store/initappz/foodiesworld/foodies-api/vendor/laravel/framework/src/Illuminate/Foundation/Http/Kernel.php(170): Illuminate\\Routing\\Router->dispatch(Object(Illuminate\\Http\\Request))
#28 /Users/rahul/Documents/store/initappz/foodiesworld/foodies-api/vendor/laravel/framework/src/Illuminate/Pipeline/Pipeline.php(130): Illuminate\\Foundation\\Http\\Kernel->Illuminate\\Foundation\\Http\\{closure}(Object(Illuminate\\Http\\Request))
#29 /Users/rahul/Documents/store/initappz/foodiesworld/foodies-api/vendor/fruitcake/laravel-cors/src/HandleCors.php(50): Illuminate\\Pipeline\\Pipeline->Illuminate\\Pipeline\\{closure}(Object(Illuminate\\Http\\Request))
#30 /Users/rahul/Documents/store/initappz/foodiesworld/foodies-api/vendor/laravel/framework/src/Illuminate/Pipeline/Pipeline.php(171): Fruitcake\\Cors\\HandleCors->handle(Object(Illuminate\\Http\\Request), Object(Closure))
#31 /Users/rahul/Documents/store/initappz/foodiesworld/foodies-api/vendor/laravel/framework/src/Illuminate/Foundation/Http/Middleware/TransformsRequest.php(21): Illuminate\\Pipeline\\Pipeline->Illuminate\\Pipeline\\{closure}(Object(Illuminate\\Http\\Request))
#32 /Users/rahul/Documents/store/initappz/foodiesworld/foodies-api/vendor/laravel/framework/src/Illuminate/Pipeline/Pipeline.php(171): Illuminate\\Foundation\\Http\\Middleware\\TransformsRequest->handle(Object(Illuminate\\Http\\Request), Object(Closure))
#33 /Users/rahul/Documents/store/initappz/foodiesworld/foodies-api/vendor/laravel/framework/src/Illuminate/Foundation/Http/Middleware/TransformsRequest.php(21): Illuminate\\Pipeline\\Pipeline->Illuminate\\Pipeline\\{closure}(Object(Illuminate\\Http\\Request))
#34 /Users/rahul/Documents/store/initappz/foodiesworld/foodies-api/vendor/laravel/framework/src/Illuminate/Pipeline/Pipeline.php(171): Illuminate\\Foundation\\Http\\Middleware\\TransformsRequest->handle(Object(Illuminate\\Http\\Request), Object(Closure))
#35 /Users/rahul/Documents/store/initappz/foodiesworld/foodies-api/vendor/laravel/framework/src/Illuminate/Foundation/Http/Middleware/ValidatePostSize.php(27): Illuminate\\Pipeline\\Pipeline->Illuminate\\Pipeline\\{closure}(Object(Illuminate\\Http\\Request))
#36 /Users/rahul/Documents/store/initappz/foodiesworld/foodies-api/vendor/laravel/framework/src/Illuminate/Pipeline/Pipeline.php(171): Illuminate\\Foundation\\Http\\Middleware\\ValidatePostSize->handle(Object(Illuminate\\Http\\Request), Object(Closure))
#37 /Users/rahul/Documents/store/initappz/foodiesworld/foodies-api/vendor/laravel/framework/src/Illuminate/Foundation/Http/Middleware/CheckForMaintenanceMode.php(63): Illuminate\\Pipeline\\Pipeline->Illuminate\\Pipeline\\{closure}(Object(Illuminate\\Http\\Request))
#38 /Users/rahul/Documents/store/initappz/foodiesworld/foodies-api/vendor/laravel/framework/src/Illuminate/Pipeline/Pipeline.php(171): Illuminate\\Foundation\\Http\\Middleware\\CheckForMaintenanceMode->handle(Object(Illuminate\\Http\\Request), Object(Closure))
#39 /Users/rahul/Documents/store/initappz/foodiesworld/foodies-api/vendor/fideloper/proxy/src/TrustProxies.php(57): Illuminate\\Pipeline\\Pipeline->Illuminate\\Pipeline\\{closure}(Object(Illuminate\\Http\\Request))
#40 /Users/rahul/Documents/store/initappz/foodiesworld/foodies-api/vendor/laravel/framework/src/Illuminate/Pipeline/Pipeline.php(171): Fideloper\\Proxy\\TrustProxies->handle(Object(Illuminate\\Http\\Request), Object(Closure))
#41 /Users/rahul/Documents/store/initappz/foodiesworld/foodies-api/vendor/laravel/framework/src/Illuminate/Pipeline/Pipeline.php(105): Illuminate\\Pipeline\\Pipeline->Illuminate\\Pipeline\\{closure}(Object(Illuminate\\Http\\Request))
#42 /Users/rahul/Documents/store/initappz/foodiesworld/foodies-api/vendor/laravel/framework/src/Illuminate/Foundation/Http/Kernel.php(145): Illuminate\\Pipeline\\Pipeline->then(Object(Closure))
#43 /Users/rahul/Documents/store/initappz/foodiesworld/foodies-api/vendor/laravel/framework/src/Illuminate/Foundation/Http/Kernel.php(110): Illuminate\\Foundation\\Http\\Kernel->sendRequestThroughRouter(Object(Illuminate\\Http\\Request))
#44 /Users/rahul/Documents/store/initappz/foodiesworld/foodies-api/public/index.php(55): Illuminate\\Foundation\\Http\\Kernel->handle(Object(Illuminate\\Http\\Request))
#45 /Users/rahul/Documents/store/initappz/foodiesworld/foodies-api/server.php(21): require_once('/Users/rahul/Do...')
#46 {main}
"} 
[2022-08-06 04:36:43] local.ERROR: Client error: `POST https://api.twilio.com/2010-04-01/Accounts/AC0be0d88e2cfcab5a4daed50692f770a1/Messages.json` resulted in a `401 Unauthorized` response:
{"code":20003,"message":"Authenticate","more_info":"https://www.twilio.com/docs/errors/20003","status":401}
 {"exception":"[object] (GuzzleHttp\\Exception\\ClientException(code: 401): Client error: `POST https://api.twilio.com/2010-04-01/Accounts/AC0be0d88e2cfcab5a4daed50692f770a1/Messages.json` resulted in a `401 Unauthorized` response:
{\"code\":20003,\"message\":\"Authenticate\",\"more_info\":\"https://www.twilio.com/docs/errors/20003\",\"status\":401}
 at /Users/rahul/Documents/store/initappz/foodiesworld/foodies-api/vendor/guzzlehttp/guzzle/src/Exception/RequestException.php:113)
[stacktrace]
#0 /Users/rahul/Documents/store/initappz/foodiesworld/foodies-api/vendor/guzzlehttp/guzzle/src/Middleware.php(69): GuzzleHttp\\Exception\\RequestException::create(Object(GuzzleHttp\\Psr7\\Request), Object(GuzzleHttp\\Psr7\\Response), NULL, Array, NULL)
#1 /Users/rahul/Documents/store/initappz/foodiesworld/foodies-api/vendor/guzzlehttp/promises/src/Promise.php(204): GuzzleHttp\\Middleware::GuzzleHttp\\{closure}(Object(GuzzleHttp\\Psr7\\Response))
#2 /Users/rahul/Documents/store/initappz/foodiesworld/foodies-api/vendor/guzzlehttp/promises/src/Promise.php(153): GuzzleHttp\\Promise\\Promise::callHandler(1, Object(GuzzleHttp\\Psr7\\Response), NULL)
#3 /Users/rahul/Documents/store/initappz/foodiesworld/foodies-api/vendor/guzzlehttp/promises/src/TaskQueue.php(48): GuzzleHttp\\Promise\\Promise::GuzzleHttp\\Promise\\{closure}()
#4 /Users/rahul/Documents/store/initappz/foodiesworld/foodies-api/vendor/guzzlehttp/promises/src/Promise.php(248): GuzzleHttp\\Promise\\TaskQueue->run(true)
#5 /Users/rahul/Documents/store/initappz/foodiesworld/foodies-api/vendor/guzzlehttp/promises/src/Promise.php(224): GuzzleHttp\\Promise\\Promise->invokeWaitFn()
#6 /Users/rahul/Documents/store/initappz/foodiesworld/foodies-api/vendor/guzzlehttp/promises/src/Promise.php(269): GuzzleHttp\\Promise\\Promise->waitIfPending()
#7 /Users/rahul/Documents/store/initappz/foodiesworld/foodies-api/vendor/guzzlehttp/promises/src/Promise.php(226): GuzzleHttp\\Promise\\Promise->invokeWaitList()
#8 /Users/rahul/Documents/store/initappz/foodiesworld/foodies-api/vendor/guzzlehttp/promises/src/Promise.php(62): GuzzleHttp\\Promise\\Promise->waitIfPending()
#9 /Users/rahul/Documents/store/initappz/foodiesworld/foodies-api/vendor/guzzlehttp/guzzle/src/Client.php(187): GuzzleHttp\\Promise\\Promise->wait()
#10 /Users/rahul/Documents/store/initappz/foodiesworld/foodies-api/app/Http/Controllers/v1/OtpController.php(310): GuzzleHttp\\Client->request('POST', 'https://api.twi...', Array)
#11 [internal function]: App\\Http\\Controllers\\v1\\OtpController->verifyPhone(Object(Illuminate\\Http\\Request))
#12 /Users/rahul/Documents/store/initappz/foodiesworld/foodies-api/vendor/laravel/framework/src/Illuminate/Routing/Controller.php(54): call_user_func_array(Array, Array)
#13 /Users/rahul/Documents/store/initappz/foodiesworld/foodies-api/vendor/laravel/framework/src/Illuminate/Routing/ControllerDispatcher.php(45): Illuminate\\Routing\\Controller->callAction('verifyPhone', Array)
#14 /Users/rahul/Documents/store/initappz/foodiesworld/foodies-api/vendor/laravel/framework/src/Illuminate/Routing/Route.php(219): Illuminate\\Routing\\ControllerDispatcher->dispatch(Object(Illuminate\\Routing\\Route), Object(App\\Http\\Controllers\\v1\\OtpController), 'verifyPhone')
#15 /Users/rahul/Documents/store/initappz/foodiesworld/foodies-api/vendor/laravel/framework/src/Illuminate/Routing/Route.php(176): Illuminate\\Routing\\Route->runController()
#16 /Users/rahul/Documents/store/initappz/foodiesworld/foodies-api/vendor/laravel/framework/src/Illuminate/Routing/Router.php(681): Illuminate\\Routing\\Route->run()
#17 /Users/rahul/Documents/store/initappz/foodiesworld/foodies-api/vendor/laravel/framework/src/Illuminate/Pipeline/Pipeline.php(130): Illuminate\\Routing\\Router->Illuminate\\Routing\\{closure}(Object(Illuminate\\Http\\Request))
#18 /Users/rahul/Documents/store/initappz/foodiesworld/foodies-api/vendor/laravel/framework/src/Illuminate/Routing/Middleware/SubstituteBindings.php(41): Illuminate\\Pipeline\\Pipeline->Illuminate\\Pipeline\\{closure}(Object(Illuminate\\Http\\Request))
#19 /Users/rahul/Documents/store/initappz/foodiesworld/foodies-api/vendor/laravel/framework/src/Illuminate/Pipeline/Pipeline.php(171): Illuminate\\Routing\\Middleware\\SubstituteBindings->handle(Object(Illuminate\\Http\\Request), Object(Closure))
#20 /Users/rahul/Documents/store/initappz/foodiesworld/foodies-api/vendor/laravel/framework/src/Illuminate/Routing/Middleware/ThrottleRequests.php(59): Illuminate\\Pipeline\\Pipeline->Illuminate\\Pipeline\\{closure}(Object(Illuminate\\Http\\Request))
#21 /Users/rahul/Documents/store/initappz/foodiesworld/foodies-api/vendor/laravel/framework/src/Illuminate/Pipeline/Pipeline.php(171): Illuminate\\Routing\\Middleware\\ThrottleRequests->handle(Object(Illuminate\\Http\\Request), Object(Closure), 60, '1')
#22 /Users/rahul/Documents/store/initappz/foodiesworld/foodies-api/vendor/laravel/framework/src/Illuminate/Pipeline/Pipeline.php(105): Illuminate\\Pipeline\\Pipeline->Illuminate\\Pipeline\\{closure}(Object(Illuminate\\Http\\Request))
#23 /Users/rahul/Documents/store/initappz/foodiesworld/foodies-api/vendor/laravel/framework/src/Illuminate/Routing/Router.php(683): Illuminate\\Pipeline\\Pipeline->then(Object(Closure))
#24 /Users/rahul/Documents/store/initappz/foodiesworld/foodies-api/vendor/laravel/framework/src/Illuminate/Routing/Router.php(658): Illuminate\\Routing\\Router->runRouteWithinStack(Object(Illuminate\\Routing\\Route), Object(Illuminate\\Http\\Request))
#25 /Users/rahul/Documents/store/initappz/foodiesworld/foodies-api/vendor/laravel/framework/src/Illuminate/Routing/Router.php(624): Illuminate\\Routing\\Router->runRoute(Object(Illuminate\\Http\\Request), Object(Illuminate\\Routing\\Route))
#26 /Users/rahul/Documents/store/initappz/foodiesworld/foodies-api/vendor/laravel/framework/src/Illuminate/Routing/Router.php(613): Illuminate\\Routing\\Router->dispatchToRoute(Object(Illuminate\\Http\\Request))
#27 /Users/rahul/Documents/store/initappz/foodiesworld/foodies-api/vendor/laravel/framework/src/Illuminate/Foundation/Http/Kernel.php(170): Illuminate\\Routing\\Router->dispatch(Object(Illuminate\\Http\\Request))
#28 /Users/rahul/Documents/store/initappz/foodiesworld/foodies-api/vendor/laravel/framework/src/Illuminate/Pipeline/Pipeline.php(130): Illuminate\\Foundation\\Http\\Kernel->Illuminate\\Foundation\\Http\\{closure}(Object(Illuminate\\Http\\Request))
#29 /Users/rahul/Documents/store/initappz/foodiesworld/foodies-api/vendor/fruitcake/laravel-cors/src/HandleCors.php(50): Illuminate\\Pipeline\\Pipeline->Illuminate\\Pipeline\\{closure}(Object(Illuminate\\Http\\Request))
#30 /Users/rahul/Documents/store/initappz/foodiesworld/foodies-api/vendor/laravel/framework/src/Illuminate/Pipeline/Pipeline.php(171): Fruitcake\\Cors\\HandleCors->handle(Object(Illuminate\\Http\\Request), Object(Closure))
#31 /Users/rahul/Documents/store/initappz/foodiesworld/foodies-api/vendor/laravel/framework/src/Illuminate/Foundation/Http/Middleware/TransformsRequest.php(21): Illuminate\\Pipeline\\Pipeline->Illuminate\\Pipeline\\{closure}(Object(Illuminate\\Http\\Request))
#32 /Users/rahul/Documents/store/initappz/foodiesworld/foodies-api/vendor/laravel/framework/src/Illuminate/Pipeline/Pipeline.php(171): Illuminate\\Foundation\\Http\\Middleware\\TransformsRequest->handle(Object(Illuminate\\Http\\Request), Object(Closure))
#33 /Users/rahul/Documents/store/initappz/foodiesworld/foodies-api/vendor/laravel/framework/src/Illuminate/Foundation/Http/Middleware/TransformsRequest.php(21): Illuminate\\Pipeline\\Pipeline->Illuminate\\Pipeline\\{closure}(Object(Illuminate\\Http\\Request))
#34 /Users/rahul/Documents/store/initappz/foodiesworld/foodies-api/vendor/laravel/framework/src/Illuminate/Pipeline/Pipeline.php(171): Illuminate\\Foundation\\Http\\Middleware\\TransformsRequest->handle(Object(Illuminate\\Http\\Request), Object(Closure))
#35 /Users/rahul/Documents/store/initappz/foodiesworld/foodies-api/vendor/laravel/framework/src/Illuminate/Foundation/Http/Middleware/ValidatePostSize.php(27): Illuminate\\Pipeline\\Pipeline->Illuminate\\Pipeline\\{closure}(Object(Illuminate\\Http\\Request))
#36 /Users/rahul/Documents/store/initappz/foodiesworld/foodies-api/vendor/laravel/framework/src/Illuminate/Pipeline/Pipeline.php(171): Illuminate\\Foundation\\Http\\Middleware\\ValidatePostSize->handle(Object(Illuminate\\Http\\Request), Object(Closure))
#37 /Users/rahul/Documents/store/initappz/foodiesworld/foodies-api/vendor/laravel/framework/src/Illuminate/Foundation/Http/Middleware/CheckForMaintenanceMode.php(63): Illuminate\\Pipeline\\Pipeline->Illuminate\\Pipeline\\{closure}(Object(Illuminate\\Http\\Request))
#38 /Users/rahul/Documents/store/initappz/foodiesworld/foodies-api/vendor/laravel/framework/src/Illuminate/Pipeline/Pipeline.php(171): Illuminate\\Foundation\\Http\\Middleware\\CheckForMaintenanceMode->handle(Object(Illuminate\\Http\\Request), Object(Closure))
#39 /Users/rahul/Documents/store/initappz/foodiesworld/foodies-api/vendor/fideloper/proxy/src/TrustProxies.php(57): Illuminate\\Pipeline\\Pipeline->Illuminate\\Pipeline\\{closure}(Object(Illuminate\\Http\\Request))
#40 /Users/rahul/Documents/store/initappz/foodiesworld/foodies-api/vendor/laravel/framework/src/Illuminate/Pipeline/Pipeline.php(171): Fideloper\\Proxy\\TrustProxies->handle(Object(Illuminate\\Http\\Request), Object(Closure))
#41 /Users/rahul/Documents/store/initappz/foodiesworld/foodies-api/vendor/laravel/framework/src/Illuminate/Pipeline/Pipeline.php(105): Illuminate\\Pipeline\\Pipeline->Illuminate\\Pipeline\\{closure}(Object(Illuminate\\Http\\Request))
#42 /Users/rahul/Documents/store/initappz/foodiesworld/foodies-api/vendor/laravel/framework/src/Illuminate/Foundation/Http/Kernel.php(145): Illuminate\\Pipeline\\Pipeline->then(Object(Closure))
#43 /Users/rahul/Documents/store/initappz/foodiesworld/foodies-api/vendor/laravel/framework/src/Illuminate/Foundation/Http/Kernel.php(110): Illuminate\\Foundation\\Http\\Kernel->sendRequestThroughRouter(Object(Illuminate\\Http\\Request))
#44 /Users/rahul/Documents/store/initappz/foodiesworld/foodies-api/public/index.php(55): Illuminate\\Foundation\\Http\\Kernel->handle(Object(Illuminate\\Http\\Request))
#45 /Users/rahul/Documents/store/initappz/foodiesworld/foodies-api/server.php(21): require_once('/Users/rahul/Do...')
#46 {main}
"} 
[2022-08-06 04:41:43] local.ERROR: Client error: `POST https://api.twilio.com/2010-04-01/Accounts/AC0be0d88e2cfcab5a4daed50692f770a1/Messages.json` resulted in a `401 Unauthorized` response:
{"code":20003,"message":"Authenticate","more_info":"https://www.twilio.com/docs/errors/20003","status":401}
 {"exception":"[object] (GuzzleHttp\\Exception\\ClientException(code: 401): Client error: `POST https://api.twilio.com/2010-04-01/Accounts/AC0be0d88e2cfcab5a4daed50692f770a1/Messages.json` resulted in a `401 Unauthorized` response:
{\"code\":20003,\"message\":\"Authenticate\",\"more_info\":\"https://www.twilio.com/docs/errors/20003\",\"status\":401}
 at /Users/rahul/Documents/store/initappz/foodiesworld/foodies-api/vendor/guzzlehttp/guzzle/src/Exception/RequestException.php:113)
[stacktrace]
#0 /Users/rahul/Documents/store/initappz/foodiesworld/foodies-api/vendor/guzzlehttp/guzzle/src/Middleware.php(69): GuzzleHttp\\Exception\\RequestException::create(Object(GuzzleHttp\\Psr7\\Request), Object(GuzzleHttp\\Psr7\\Response), NULL, Array, NULL)
#1 /Users/rahul/Documents/store/initappz/foodiesworld/foodies-api/vendor/guzzlehttp/promises/src/Promise.php(204): GuzzleHttp\\Middleware::GuzzleHttp\\{closure}(Object(GuzzleHttp\\Psr7\\Response))
#2 /Users/rahul/Documents/store/initappz/foodiesworld/foodies-api/vendor/guzzlehttp/promises/src/Promise.php(153): GuzzleHttp\\Promise\\Promise::callHandler(1, Object(GuzzleHttp\\Psr7\\Response), NULL)
#3 /Users/rahul/Documents/store/initappz/foodiesworld/foodies-api/vendor/guzzlehttp/promises/src/TaskQueue.php(48): GuzzleHttp\\Promise\\Promise::GuzzleHttp\\Promise\\{closure}()
#4 /Users/rahul/Documents/store/initappz/foodiesworld/foodies-api/vendor/guzzlehttp/promises/src/Promise.php(248): GuzzleHttp\\Promise\\TaskQueue->run(true)
#5 /Users/rahul/Documents/store/initappz/foodiesworld/foodies-api/vendor/guzzlehttp/promises/src/Promise.php(224): GuzzleHttp\\Promise\\Promise->invokeWaitFn()
#6 /Users/rahul/Documents/store/initappz/foodiesworld/foodies-api/vendor/guzzlehttp/promises/src/Promise.php(269): GuzzleHttp\\Promise\\Promise->waitIfPending()
#7 /Users/rahul/Documents/store/initappz/foodiesworld/foodies-api/vendor/guzzlehttp/promises/src/Promise.php(226): GuzzleHttp\\Promise\\Promise->invokeWaitList()
#8 /Users/rahul/Documents/store/initappz/foodiesworld/foodies-api/vendor/guzzlehttp/promises/src/Promise.php(62): GuzzleHttp\\Promise\\Promise->waitIfPending()
#9 /Users/rahul/Documents/store/initappz/foodiesworld/foodies-api/vendor/guzzlehttp/guzzle/src/Client.php(187): GuzzleHttp\\Promise\\Promise->wait()
#10 /Users/rahul/Documents/store/initappz/foodiesworld/foodies-api/app/Http/Controllers/v1/OtpController.php(310): GuzzleHttp\\Client->request('POST', 'https://api.twi...', Array)
#11 [internal function]: App\\Http\\Controllers\\v1\\OtpController->verifyPhone(Object(Illuminate\\Http\\Request))
#12 /Users/rahul/Documents/store/initappz/foodiesworld/foodies-api/vendor/laravel/framework/src/Illuminate/Routing/Controller.php(54): call_user_func_array(Array, Array)
#13 /Users/rahul/Documents/store/initappz/foodiesworld/foodies-api/vendor/laravel/framework/src/Illuminate/Routing/ControllerDispatcher.php(45): Illuminate\\Routing\\Controller->callAction('verifyPhone', Array)
#14 /Users/rahul/Documents/store/initappz/foodiesworld/foodies-api/vendor/laravel/framework/src/Illuminate/Routing/Route.php(219): Illuminate\\Routing\\ControllerDispatcher->dispatch(Object(Illuminate\\Routing\\Route), Object(App\\Http\\Controllers\\v1\\OtpController), 'verifyPhone')
#15 /Users/rahul/Documents/store/initappz/foodiesworld/foodies-api/vendor/laravel/framework/src/Illuminate/Routing/Route.php(176): Illuminate\\Routing\\Route->runController()
#16 /Users/rahul/Documents/store/initappz/foodiesworld/foodies-api/vendor/laravel/framework/src/Illuminate/Routing/Router.php(681): Illuminate\\Routing\\Route->run()
#17 /Users/rahul/Documents/store/initappz/foodiesworld/foodies-api/vendor/laravel/framework/src/Illuminate/Pipeline/Pipeline.php(130): Illuminate\\Routing\\Router->Illuminate\\Routing\\{closure}(Object(Illuminate\\Http\\Request))
#18 /Users/rahul/Documents/store/initappz/foodiesworld/foodies-api/vendor/laravel/framework/src/Illuminate/Routing/Middleware/SubstituteBindings.php(41): Illuminate\\Pipeline\\Pipeline->Illuminate\\Pipeline\\{closure}(Object(Illuminate\\Http\\Request))
#19 /Users/rahul/Documents/store/initappz/foodiesworld/foodies-api/vendor/laravel/framework/src/Illuminate/Pipeline/Pipeline.php(171): Illuminate\\Routing\\Middleware\\SubstituteBindings->handle(Object(Illuminate\\Http\\Request), Object(Closure))
#20 /Users/rahul/Documents/store/initappz/foodiesworld/foodies-api/vendor/laravel/framework/src/Illuminate/Routing/Middleware/ThrottleRequests.php(59): Illuminate\\Pipeline\\Pipeline->Illuminate\\Pipeline\\{closure}(Object(Illuminate\\Http\\Request))
#21 /Users/rahul/Documents/store/initappz/foodiesworld/foodies-api/vendor/laravel/framework/src/Illuminate/Pipeline/Pipeline.php(171): Illuminate\\Routing\\Middleware\\ThrottleRequests->handle(Object(Illuminate\\Http\\Request), Object(Closure), 60, '1')
#22 /Users/rahul/Documents/store/initappz/foodiesworld/foodies-api/vendor/laravel/framework/src/Illuminate/Pipeline/Pipeline.php(105): Illuminate\\Pipeline\\Pipeline->Illuminate\\Pipeline\\{closure}(Object(Illuminate\\Http\\Request))
#23 /Users/rahul/Documents/store/initappz/foodiesworld/foodies-api/vendor/laravel/framework/src/Illuminate/Routing/Router.php(683): Illuminate\\Pipeline\\Pipeline->then(Object(Closure))
#24 /Users/rahul/Documents/store/initappz/foodiesworld/foodies-api/vendor/laravel/framework/src/Illuminate/Routing/Router.php(658): Illuminate\\Routing\\Router->runRouteWithinStack(Object(Illuminate\\Routing\\Route), Object(Illuminate\\Http\\Request))
#25 /Users/rahul/Documents/store/initappz/foodiesworld/foodies-api/vendor/laravel/framework/src/Illuminate/Routing/Router.php(624): Illuminate\\Routing\\Router->runRoute(Object(Illuminate\\Http\\Request), Object(Illuminate\\Routing\\Route))
#26 /Users/rahul/Documents/store/initappz/foodiesworld/foodies-api/vendor/laravel/framework/src/Illuminate/Routing/Router.php(613): Illuminate\\Routing\\Router->dispatchToRoute(Object(Illuminate\\Http\\Request))
#27 /Users/rahul/Documents/store/initappz/foodiesworld/foodies-api/vendor/laravel/framework/src/Illuminate/Foundation/Http/Kernel.php(170): Illuminate\\Routing\\Router->dispatch(Object(Illuminate\\Http\\Request))
#28 /Users/rahul/Documents/store/initappz/foodiesworld/foodies-api/vendor/laravel/framework/src/Illuminate/Pipeline/Pipeline.php(130): Illuminate\\Foundation\\Http\\Kernel->Illuminate\\Foundation\\Http\\{closure}(Object(Illuminate\\Http\\Request))
#29 /Users/rahul/Documents/store/initappz/foodiesworld/foodies-api/vendor/fruitcake/laravel-cors/src/HandleCors.php(50): Illuminate\\Pipeline\\Pipeline->Illuminate\\Pipeline\\{closure}(Object(Illuminate\\Http\\Request))
#30 /Users/rahul/Documents/store/initappz/foodiesworld/foodies-api/vendor/laravel/framework/src/Illuminate/Pipeline/Pipeline.php(171): Fruitcake\\Cors\\HandleCors->handle(Object(Illuminate\\Http\\Request), Object(Closure))
#31 /Users/rahul/Documents/store/initappz/foodiesworld/foodies-api/vendor/laravel/framework/src/Illuminate/Foundation/Http/Middleware/TransformsRequest.php(21): Illuminate\\Pipeline\\Pipeline->Illuminate\\Pipeline\\{closure}(Object(Illuminate\\Http\\Request))
#32 /Users/rahul/Documents/store/initappz/foodiesworld/foodies-api/vendor/laravel/framework/src/Illuminate/Pipeline/Pipeline.php(171): Illuminate\\Foundation\\Http\\Middleware\\TransformsRequest->handle(Object(Illuminate\\Http\\Request), Object(Closure))
#33 /Users/rahul/Documents/store/initappz/foodiesworld/foodies-api/vendor/laravel/framework/src/Illuminate/Foundation/Http/Middleware/TransformsRequest.php(21): Illuminate\\Pipeline\\Pipeline->Illuminate\\Pipeline\\{closure}(Object(Illuminate\\Http\\Request))
#34 /Users/rahul/Documents/store/initappz/foodiesworld/foodies-api/vendor/laravel/framework/src/Illuminate/Pipeline/Pipeline.php(171): Illuminate\\Foundation\\Http\\Middleware\\TransformsRequest->handle(Object(Illuminate\\Http\\Request), Object(Closure))
#35 /Users/rahul/Documents/store/initappz/foodiesworld/foodies-api/vendor/laravel/framework/src/Illuminate/Foundation/Http/Middleware/ValidatePostSize.php(27): Illuminate\\Pipeline\\Pipeline->Illuminate\\Pipeline\\{closure}(Object(Illuminate\\Http\\Request))
#36 /Users/rahul/Documents/store/initappz/foodiesworld/foodies-api/vendor/laravel/framework/src/Illuminate/Pipeline/Pipeline.php(171): Illuminate\\Foundation\\Http\\Middleware\\ValidatePostSize->handle(Object(Illuminate\\Http\\Request), Object(Closure))
#37 /Users/rahul/Documents/store/initappz/foodiesworld/foodies-api/vendor/laravel/framework/src/Illuminate/Foundation/Http/Middleware/CheckForMaintenanceMode.php(63): Illuminate\\Pipeline\\Pipeline->Illuminate\\Pipeline\\{closure}(Object(Illuminate\\Http\\Request))
#38 /Users/rahul/Documents/store/initappz/foodiesworld/foodies-api/vendor/laravel/framework/src/Illuminate/Pipeline/Pipeline.php(171): Illuminate\\Foundation\\Http\\Middleware\\CheckForMaintenanceMode->handle(Object(Illuminate\\Http\\Request), Object(Closure))
#39 /Users/rahul/Documents/store/initappz/foodiesworld/foodies-api/vendor/fideloper/proxy/src/TrustProxies.php(57): Illuminate\\Pipeline\\Pipeline->Illuminate\\Pipeline\\{closure}(Object(Illuminate\\Http\\Request))
#40 /Users/rahul/Documents/store/initappz/foodiesworld/foodies-api/vendor/laravel/framework/src/Illuminate/Pipeline/Pipeline.php(171): Fideloper\\Proxy\\TrustProxies->handle(Object(Illuminate\\Http\\Request), Object(Closure))
#41 /Users/rahul/Documents/store/initappz/foodiesworld/foodies-api/vendor/laravel/framework/src/Illuminate/Pipeline/Pipeline.php(105): Illuminate\\Pipeline\\Pipeline->Illuminate\\Pipeline\\{closure}(Object(Illuminate\\Http\\Request))
#42 /Users/rahul/Documents/store/initappz/foodiesworld/foodies-api/vendor/laravel/framework/src/Illuminate/Foundation/Http/Kernel.php(145): Illuminate\\Pipeline\\Pipeline->then(Object(Closure))
#43 /Users/rahul/Documents/store/initappz/foodiesworld/foodies-api/vendor/laravel/framework/src/Illuminate/Foundation/Http/Kernel.php(110): Illuminate\\Foundation\\Http\\Kernel->sendRequestThroughRouter(Object(Illuminate\\Http\\Request))
#44 /Users/rahul/Documents/store/initappz/foodiesworld/foodies-api/public/index.php(55): Illuminate\\Foundation\\Http\\Kernel->handle(Object(Illuminate\\Http\\Request))
#45 /Users/rahul/Documents/store/initappz/foodiesworld/foodies-api/server.php(21): require_once('/Users/rahul/Do...')
#46 {main}
"} 
[2022-08-06 06:36:08] local.ERROR: SQLSTATE[42S22]: Column not found: 1054 Unknown column 'a.covers' in 'field list' (SQL: select `a`.`first_name` as `sender_first_name`, `a`.`id` as `sender_id`, `b`.`first_name` as `receiver_name`, `b`.`id` as `receiver_id`, `a`.`last_name` as `sender_last_name`, `a`.`covers` as `sender_cover`, `b`.`last_name` as `receiver_last_name`, `b`.`covers` as `receiver_cover`, `a`.`type` as `sender_type`, `b`.`type` as `receiver_type`, `chat_rooms`.`last_message` as `last_message`, `chat_rooms`.`last_message_type` as `last_message_type`, `chat_rooms`.`updated_at` as `updated_at` from `chat_rooms` inner join `users` as `a` on `chat_rooms`.`sender_id` = `a`.`id` inner join `users` as `b` on `chat_rooms`.`receiver_id` = `b`.`id` where `chat_rooms`.`sender_id` = 41 or `chat_rooms`.`receiver_id` = 41) {"userId":41,"exception":"[object] (Illuminate\\Database\\QueryException(code: 42S22): SQLSTATE[42S22]: Column not found: 1054 Unknown column 'a.covers' in 'field list' (SQL: select `a`.`first_name` as `sender_first_name`, `a`.`id` as `sender_id`, `b`.`first_name` as `receiver_name`, `b`.`id` as `receiver_id`, `a`.`last_name` as `sender_last_name`, `a`.`covers` as `sender_cover`, `b`.`last_name` as `receiver_last_name`, `b`.`covers` as `receiver_cover`, `a`.`type` as `sender_type`, `b`.`type` as `receiver_type`, `chat_rooms`.`last_message` as `last_message`, `chat_rooms`.`last_message_type` as `last_message_type`, `chat_rooms`.`updated_at` as `updated_at` from `chat_rooms` inner join `users` as `a` on `chat_rooms`.`sender_id` = `a`.`id` inner join `users` as `b` on `chat_rooms`.`receiver_id` = `b`.`id` where `chat_rooms`.`sender_id` = 41 or `chat_rooms`.`receiver_id` = 41) at /Users/rahul/Documents/store/initappz/foodiesworld/foodies-api/vendor/laravel/framework/src/Illuminate/Database/Connection.php:669)
[stacktrace]
#0 /Users/rahul/Documents/store/initappz/foodiesworld/foodies-api/vendor/laravel/framework/src/Illuminate/Database/Connection.php(629): Illuminate\\Database\\Connection->runQueryCallback('select `a`.`fir...', Array, Object(Closure))
#1 /Users/rahul/Documents/store/initappz/foodiesworld/foodies-api/vendor/laravel/framework/src/Illuminate/Database/Connection.php(338): Illuminate\\Database\\Connection->run('select `a`.`fir...', Array, Object(Closure))
#2 /Users/rahul/Documents/store/initappz/foodiesworld/foodies-api/vendor/laravel/framework/src/Illuminate/Database/Query/Builder.php(2149): Illuminate\\Database\\Connection->select('select `a`.`fir...', Array, true)
#3 /Users/rahul/Documents/store/initappz/foodiesworld/foodies-api/vendor/laravel/framework/src/Illuminate/Database/Query/Builder.php(2137): Illuminate\\Database\\Query\\Builder->runSelect()
#4 /Users/rahul/Documents/store/initappz/foodiesworld/foodies-api/vendor/laravel/framework/src/Illuminate/Database/Query/Builder.php(2609): Illuminate\\Database\\Query\\Builder->Illuminate\\Database\\Query\\{closure}()
#5 /Users/rahul/Documents/store/initappz/foodiesworld/foodies-api/vendor/laravel/framework/src/Illuminate/Database/Query/Builder.php(2138): Illuminate\\Database\\Query\\Builder->onceWithColumns(Array, Object(Closure))
#6 /Users/rahul/Documents/store/initappz/foodiesworld/foodies-api/app/Http/Controllers/v1/ChatRoomsController.php(135): Illuminate\\Database\\Query\\Builder->get()
#7 [internal function]: App\\Http\\Controllers\\v1\\ChatRoomsController->getChatListBUid(Object(Illuminate\\Http\\Request))
#8 /Users/rahul/Documents/store/initappz/foodiesworld/foodies-api/vendor/laravel/framework/src/Illuminate/Routing/Controller.php(54): call_user_func_array(Array, Array)
#9 /Users/rahul/Documents/store/initappz/foodiesworld/foodies-api/vendor/laravel/framework/src/Illuminate/Routing/ControllerDispatcher.php(45): Illuminate\\Routing\\Controller->callAction('getChatListBUid', Array)
#10 /Users/rahul/Documents/store/initappz/foodiesworld/foodies-api/vendor/laravel/framework/src/Illuminate/Routing/Route.php(219): Illuminate\\Routing\\ControllerDispatcher->dispatch(Object(Illuminate\\Routing\\Route), Object(App\\Http\\Controllers\\v1\\ChatRoomsController), 'getChatListBUid')
#11 /Users/rahul/Documents/store/initappz/foodiesworld/foodies-api/vendor/laravel/framework/src/Illuminate/Routing/Route.php(176): Illuminate\\Routing\\Route->runController()
#12 /Users/rahul/Documents/store/initappz/foodiesworld/foodies-api/vendor/laravel/framework/src/Illuminate/Routing/Router.php(681): Illuminate\\Routing\\Route->run()
#13 /Users/rahul/Documents/store/initappz/foodiesworld/foodies-api/vendor/laravel/framework/src/Illuminate/Pipeline/Pipeline.php(130): Illuminate\\Routing\\Router->Illuminate\\Routing\\{closure}(Object(Illuminate\\Http\\Request))
#14 /Users/rahul/Documents/store/initappz/foodiesworld/foodies-api/vendor/tymon/jwt-auth/src/Http/Middleware/Authenticate.php(32): Illuminate\\Pipeline\\Pipeline->Illuminate\\Pipeline\\{closure}(Object(Illuminate\\Http\\Request))
#15 /Users/rahul/Documents/store/initappz/foodiesworld/foodies-api/vendor/laravel/framework/src/Illuminate/Pipeline/Pipeline.php(171): Tymon\\JWTAuth\\Http\\Middleware\\Authenticate->handle(Object(Illuminate\\Http\\Request), Object(Closure))
#16 /Users/rahul/Documents/store/initappz/foodiesworld/foodies-api/app/Http/Middleware/JWTMiddleware.php(47): Illuminate\\Pipeline\\Pipeline->Illuminate\\Pipeline\\{closure}(Object(Illuminate\\Http\\Request))
#17 /Users/rahul/Documents/store/initappz/foodiesworld/foodies-api/vendor/laravel/framework/src/Illuminate/Pipeline/Pipeline.php(171): App\\Http\\Middleware\\JWTMiddleware->handle(Object(Illuminate\\Http\\Request), Object(Closure))
#18 /Users/rahul/Documents/store/initappz/foodiesworld/foodies-api/vendor/laravel/framework/src/Illuminate/Routing/Middleware/SubstituteBindings.php(41): Illuminate\\Pipeline\\Pipeline->Illuminate\\Pipeline\\{closure}(Object(Illuminate\\Http\\Request))
#19 /Users/rahul/Documents/store/initappz/foodiesworld/foodies-api/vendor/laravel/framework/src/Illuminate/Pipeline/Pipeline.php(171): Illuminate\\Routing\\Middleware\\SubstituteBindings->handle(Object(Illuminate\\Http\\Request), Object(Closure))
#20 /Users/rahul/Documents/store/initappz/foodiesworld/foodies-api/vendor/laravel/framework/src/Illuminate/Routing/Middleware/ThrottleRequests.php(59): Illuminate\\Pipeline\\Pipeline->Illuminate\\Pipeline\\{closure}(Object(Illuminate\\Http\\Request))
#21 /Users/rahul/Documents/store/initappz/foodiesworld/foodies-api/vendor/laravel/framework/src/Illuminate/Pipeline/Pipeline.php(171): Illuminate\\Routing\\Middleware\\ThrottleRequests->handle(Object(Illuminate\\Http\\Request), Object(Closure), 60, '1')
#22 /Users/rahul/Documents/store/initappz/foodiesworld/foodies-api/vendor/laravel/framework/src/Illuminate/Pipeline/Pipeline.php(105): Illuminate\\Pipeline\\Pipeline->Illuminate\\Pipeline\\{closure}(Object(Illuminate\\Http\\Request))
#23 /Users/rahul/Documents/store/initappz/foodiesworld/foodies-api/vendor/laravel/framework/src/Illuminate/Routing/Router.php(683): Illuminate\\Pipeline\\Pipeline->then(Object(Closure))
#24 /Users/rahul/Documents/store/initappz/foodiesworld/foodies-api/vendor/laravel/framework/src/Illuminate/Routing/Router.php(658): Illuminate\\Routing\\Router->runRouteWithinStack(Object(Illuminate\\Routing\\Route), Object(Illuminate\\Http\\Request))
#25 /Users/rahul/Documents/store/initappz/foodiesworld/foodies-api/vendor/laravel/framework/src/Illuminate/Routing/Router.php(624): Illuminate\\Routing\\Router->runRoute(Object(Illuminate\\Http\\Request), Object(Illuminate\\Routing\\Route))
#26 /Users/rahul/Documents/store/initappz/foodiesworld/foodies-api/vendor/laravel/framework/src/Illuminate/Routing/Router.php(613): Illuminate\\Routing\\Router->dispatchToRoute(Object(Illuminate\\Http\\Request))
#27 /Users/rahul/Documents/store/initappz/foodiesworld/foodies-api/vendor/laravel/framework/src/Illuminate/Foundation/Http/Kernel.php(170): Illuminate\\Routing\\Router->dispatch(Object(Illuminate\\Http\\Request))
#28 /Users/rahul/Documents/store/initappz/foodiesworld/foodies-api/vendor/laravel/framework/src/Illuminate/Pipeline/Pipeline.php(130): Illuminate\\Foundation\\Http\\Kernel->Illuminate\\Foundation\\Http\\{closure}(Object(Illuminate\\Http\\Request))
#29 /Users/rahul/Documents/store/initappz/foodiesworld/foodies-api/vendor/fruitcake/laravel-cors/src/HandleCors.php(50): Illuminate\\Pipeline\\Pipeline->Illuminate\\Pipeline\\{closure}(Object(Illuminate\\Http\\Request))
#30 /Users/rahul/Documents/store/initappz/foodiesworld/foodies-api/vendor/laravel/framework/src/Illuminate/Pipeline/Pipeline.php(171): Fruitcake\\Cors\\HandleCors->handle(Object(Illuminate\\Http\\Request), Object(Closure))
#31 /Users/rahul/Documents/store/initappz/foodiesworld/foodies-api/vendor/laravel/framework/src/Illuminate/Foundation/Http/Middleware/TransformsRequest.php(21): Illuminate\\Pipeline\\Pipeline->Illuminate\\Pipeline\\{closure}(Object(Illuminate\\Http\\Request))
#32 /Users/rahul/Documents/store/initappz/foodiesworld/foodies-api/vendor/laravel/framework/src/Illuminate/Pipeline/Pipeline.php(171): Illuminate\\Foundation\\Http\\Middleware\\TransformsRequest->handle(Object(Illuminate\\Http\\Request), Object(Closure))
#33 /Users/rahul/Documents/store/initappz/foodiesworld/foodies-api/vendor/laravel/framework/src/Illuminate/Foundation/Http/Middleware/TransformsRequest.php(21): Illuminate\\Pipeline\\Pipeline->Illuminate\\Pipeline\\{closure}(Object(Illuminate\\Http\\Request))
#34 /Users/rahul/Documents/store/initappz/foodiesworld/foodies-api/vendor/laravel/framework/src/Illuminate/Pipeline/Pipeline.php(171): Illuminate\\Foundation\\Http\\Middleware\\TransformsRequest->handle(Object(Illuminate\\Http\\Request), Object(Closure))
#35 /Users/rahul/Documents/store/initappz/foodiesworld/foodies-api/vendor/laravel/framework/src/Illuminate/Foundation/Http/Middleware/ValidatePostSize.php(27): Illuminate\\Pipeline\\Pipeline->Illuminate\\Pipeline\\{closure}(Object(Illuminate\\Http\\Request))
#36 /Users/rahul/Documents/store/initappz/foodiesworld/foodies-api/vendor/laravel/framework/src/Illuminate/Pipeline/Pipeline.php(171): Illuminate\\Foundation\\Http\\Middleware\\ValidatePostSize->handle(Object(Illuminate\\Http\\Request), Object(Closure))
#37 /Users/rahul/Documents/store/initappz/foodiesworld/foodies-api/vendor/laravel/framework/src/Illuminate/Foundation/Http/Middleware/CheckForMaintenanceMode.php(63): Illuminate\\Pipeline\\Pipeline->Illuminate\\Pipeline\\{closure}(Object(Illuminate\\Http\\Request))
#38 /Users/rahul/Documents/store/initappz/foodiesworld/foodies-api/vendor/laravel/framework/src/Illuminate/Pipeline/Pipeline.php(171): Illuminate\\Foundation\\Http\\Middleware\\CheckForMaintenanceMode->handle(Object(Illuminate\\Http\\Request), Object(Closure))
#39 /Users/rahul/Documents/store/initappz/foodiesworld/foodies-api/vendor/fideloper/proxy/src/TrustProxies.php(57): Illuminate\\Pipeline\\Pipeline->Illuminate\\Pipeline\\{closure}(Object(Illuminate\\Http\\Request))
#40 /Users/rahul/Documents/store/initappz/foodiesworld/foodies-api/vendor/laravel/framework/src/Illuminate/Pipeline/Pipeline.php(171): Fideloper\\Proxy\\TrustProxies->handle(Object(Illuminate\\Http\\Request), Object(Closure))
#41 /Users/rahul/Documents/store/initappz/foodiesworld/foodies-api/vendor/laravel/framework/src/Illuminate/Pipeline/Pipeline.php(105): Illuminate\\Pipeline\\Pipeline->Illuminate\\Pipeline\\{closure}(Object(Illuminate\\Http\\Request))
#42 /Users/rahul/Documents/store/initappz/foodiesworld/foodies-api/vendor/laravel/framework/src/Illuminate/Foundation/Http/Kernel.php(145): Illuminate\\Pipeline\\Pipeline->then(Object(Closure))
#43 /Users/rahul/Documents/store/initappz/foodiesworld/foodies-api/vendor/laravel/framework/src/Illuminate/Foundation/Http/Kernel.php(110): Illuminate\\Foundation\\Http\\Kernel->sendRequestThroughRouter(Object(Illuminate\\Http\\Request))
#44 /Users/rahul/Documents/store/initappz/foodiesworld/foodies-api/public/index.php(55): Illuminate\\Foundation\\Http\\Kernel->handle(Object(Illuminate\\Http\\Request))
#45 /Users/rahul/Documents/store/initappz/foodiesworld/foodies-api/server.php(21): require_once('/Users/rahul/Do...')
#46 {main}

[previous exception] [object] (PDOException(code: 42S22): SQLSTATE[42S22]: Column not found: 1054 Unknown column 'a.covers' in 'field list' at /Users/rahul/Documents/store/initappz/foodiesworld/foodies-api/vendor/laravel/framework/src/Illuminate/Database/Connection.php:331)
[stacktrace]
#0 /Users/rahul/Documents/store/initappz/foodiesworld/foodies-api/vendor/laravel/framework/src/Illuminate/Database/Connection.php(331): PDO->prepare('select `a`.`fir...')
#1 /Users/rahul/Documents/store/initappz/foodiesworld/foodies-api/vendor/laravel/framework/src/Illuminate/Database/Connection.php(662): Illuminate\\Database\\Connection->Illuminate\\Database\\{closure}('select `a`.`fir...', Array)
#2 /Users/rahul/Documents/store/initappz/foodiesworld/foodies-api/vendor/laravel/framework/src/Illuminate/Database/Connection.php(629): Illuminate\\Database\\Connection->runQueryCallback('select `a`.`fir...', Array, Object(Closure))
#3 /Users/rahul/Documents/store/initappz/foodiesworld/foodies-api/vendor/laravel/framework/src/Illuminate/Database/Connection.php(338): Illuminate\\Database\\Connection->run('select `a`.`fir...', Array, Object(Closure))
#4 /Users/rahul/Documents/store/initappz/foodiesworld/foodies-api/vendor/laravel/framework/src/Illuminate/Database/Query/Builder.php(2149): Illuminate\\Database\\Connection->select('select `a`.`fir...', Array, true)
#5 /Users/rahul/Documents/store/initappz/foodiesworld/foodies-api/vendor/laravel/framework/src/Illuminate/Database/Query/Builder.php(2137): Illuminate\\Database\\Query\\Builder->runSelect()
#6 /Users/rahul/Documents/store/initappz/foodiesworld/foodies-api/vendor/laravel/framework/src/Illuminate/Database/Query/Builder.php(2609): Illuminate\\Database\\Query\\Builder->Illuminate\\Database\\Query\\{closure}()
#7 /Users/rahul/Documents/store/initappz/foodiesworld/foodies-api/vendor/laravel/framework/src/Illuminate/Database/Query/Builder.php(2138): Illuminate\\Database\\Query\\Builder->onceWithColumns(Array, Object(Closure))
#8 /Users/rahul/Documents/store/initappz/foodiesworld/foodies-api/app/Http/Controllers/v1/ChatRoomsController.php(135): Illuminate\\Database\\Query\\Builder->get()
#9 [internal function]: App\\Http\\Controllers\\v1\\ChatRoomsController->getChatListBUid(Object(Illuminate\\Http\\Request))
#10 /Users/rahul/Documents/store/initappz/foodiesworld/foodies-api/vendor/laravel/framework/src/Illuminate/Routing/Controller.php(54): call_user_func_array(Array, Array)
#11 /Users/rahul/Documents/store/initappz/foodiesworld/foodies-api/vendor/laravel/framework/src/Illuminate/Routing/ControllerDispatcher.php(45): Illuminate\\Routing\\Controller->callAction('getChatListBUid', Array)
#12 /Users/rahul/Documents/store/initappz/foodiesworld/foodies-api/vendor/laravel/framework/src/Illuminate/Routing/Route.php(219): Illuminate\\Routing\\ControllerDispatcher->dispatch(Object(Illuminate\\Routing\\Route), Object(App\\Http\\Controllers\\v1\\ChatRoomsController), 'getChatListBUid')
#13 /Users/rahul/Documents/store/initappz/foodiesworld/foodies-api/vendor/laravel/framework/src/Illuminate/Routing/Route.php(176): Illuminate\\Routing\\Route->runController()
#14 /Users/rahul/Documents/store/initappz/foodiesworld/foodies-api/vendor/laravel/framework/src/Illuminate/Routing/Router.php(681): Illuminate\\Routing\\Route->run()
#15 /Users/rahul/Documents/store/initappz/foodiesworld/foodies-api/vendor/laravel/framework/src/Illuminate/Pipeline/Pipeline.php(130): Illuminate\\Routing\\Router->Illuminate\\Routing\\{closure}(Object(Illuminate\\Http\\Request))
#16 /Users/rahul/Documents/store/initappz/foodiesworld/foodies-api/vendor/tymon/jwt-auth/src/Http/Middleware/Authenticate.php(32): Illuminate\\Pipeline\\Pipeline->Illuminate\\Pipeline\\{closure}(Object(Illuminate\\Http\\Request))
#17 /Users/rahul/Documents/store/initappz/foodiesworld/foodies-api/vendor/laravel/framework/src/Illuminate/Pipeline/Pipeline.php(171): Tymon\\JWTAuth\\Http\\Middleware\\Authenticate->handle(Object(Illuminate\\Http\\Request), Object(Closure))
#18 /Users/rahul/Documents/store/initappz/foodiesworld/foodies-api/app/Http/Middleware/JWTMiddleware.php(47): Illuminate\\Pipeline\\Pipeline->Illuminate\\Pipeline\\{closure}(Object(Illuminate\\Http\\Request))
#19 /Users/rahul/Documents/store/initappz/foodiesworld/foodies-api/vendor/laravel/framework/src/Illuminate/Pipeline/Pipeline.php(171): App\\Http\\Middleware\\JWTMiddleware->handle(Object(Illuminate\\Http\\Request), Object(Closure))
#20 /Users/rahul/Documents/store/initappz/foodiesworld/foodies-api/vendor/laravel/framework/src/Illuminate/Routing/Middleware/SubstituteBindings.php(41): Illuminate\\Pipeline\\Pipeline->Illuminate\\Pipeline\\{closure}(Object(Illuminate\\Http\\Request))
#21 /Users/rahul/Documents/store/initappz/foodiesworld/foodies-api/vendor/laravel/framework/src/Illuminate/Pipeline/Pipeline.php(171): Illuminate\\Routing\\Middleware\\SubstituteBindings->handle(Object(Illuminate\\Http\\Request), Object(Closure))
#22 /Users/rahul/Documents/store/initappz/foodiesworld/foodies-api/vendor/laravel/framework/src/Illuminate/Routing/Middleware/ThrottleRequests.php(59): Illuminate\\Pipeline\\Pipeline->Illuminate\\Pipeline\\{closure}(Object(Illuminate\\Http\\Request))
#23 /Users/rahul/Documents/store/initappz/foodiesworld/foodies-api/vendor/laravel/framework/src/Illuminate/Pipeline/Pipeline.php(171): Illuminate\\Routing\\Middleware\\ThrottleRequests->handle(Object(Illuminate\\Http\\Request), Object(Closure), 60, '1')
#24 /Users/rahul/Documents/store/initappz/foodiesworld/foodies-api/vendor/laravel/framework/src/Illuminate/Pipeline/Pipeline.php(105): Illuminate\\Pipeline\\Pipeline->Illuminate\\Pipeline\\{closure}(Object(Illuminate\\Http\\Request))
#25 /Users/rahul/Documents/store/initappz/foodiesworld/foodies-api/vendor/laravel/framework/src/Illuminate/Routing/Router.php(683): Illuminate\\Pipeline\\Pipeline->then(Object(Closure))
#26 /Users/rahul/Documents/store/initappz/foodiesworld/foodies-api/vendor/laravel/framework/src/Illuminate/Routing/Router.php(658): Illuminate\\Routing\\Router->runRouteWithinStack(Object(Illuminate\\Routing\\Route), Object(Illuminate\\Http\\Request))
#27 /Users/rahul/Documents/store/initappz/foodiesworld/foodies-api/vendor/laravel/framework/src/Illuminate/Routing/Router.php(624): Illuminate\\Routing\\Router->runRoute(Object(Illuminate\\Http\\Request), Object(Illuminate\\Routing\\Route))
#28 /Users/rahul/Documents/store/initappz/foodiesworld/foodies-api/vendor/laravel/framework/src/Illuminate/Routing/Router.php(613): Illuminate\\Routing\\Router->dispatchToRoute(Object(Illuminate\\Http\\Request))
#29 /Users/rahul/Documents/store/initappz/foodiesworld/foodies-api/vendor/laravel/framework/src/Illuminate/Foundation/Http/Kernel.php(170): Illuminate\\Routing\\Router->dispatch(Object(Illuminate\\Http\\Request))
#30 /Users/rahul/Documents/store/initappz/foodiesworld/foodies-api/vendor/laravel/framework/src/Illuminate/Pipeline/Pipeline.php(130): Illuminate\\Foundation\\Http\\Kernel->Illuminate\\Foundation\\Http\\{closure}(Object(Illuminate\\Http\\Request))
#31 /Users/rahul/Documents/store/initappz/foodiesworld/foodies-api/vendor/fruitcake/laravel-cors/src/HandleCors.php(50): Illuminate\\Pipeline\\Pipeline->Illuminate\\Pipeline\\{closure}(Object(Illuminate\\Http\\Request))
#32 /Users/rahul/Documents/store/initappz/foodiesworld/foodies-api/vendor/laravel/framework/src/Illuminate/Pipeline/Pipeline.php(171): Fruitcake\\Cors\\HandleCors->handle(Object(Illuminate\\Http\\Request), Object(Closure))
#33 /Users/rahul/Documents/store/initappz/foodiesworld/foodies-api/vendor/laravel/framework/src/Illuminate/Foundation/Http/Middleware/TransformsRequest.php(21): Illuminate\\Pipeline\\Pipeline->Illuminate\\Pipeline\\{closure}(Object(Illuminate\\Http\\Request))
#34 /Users/rahul/Documents/store/initappz/foodiesworld/foodies-api/vendor/laravel/framework/src/Illuminate/Pipeline/Pipeline.php(171): Illuminate\\Foundation\\Http\\Middleware\\TransformsRequest->handle(Object(Illuminate\\Http\\Request), Object(Closure))
#35 /Users/rahul/Documents/store/initappz/foodiesworld/foodies-api/vendor/laravel/framework/src/Illuminate/Foundation/Http/Middleware/TransformsRequest.php(21): Illuminate\\Pipeline\\Pipeline->Illuminate\\Pipeline\\{closure}(Object(Illuminate\\Http\\Request))
#36 /Users/rahul/Documents/store/initappz/foodiesworld/foodies-api/vendor/laravel/framework/src/Illuminate/Pipeline/Pipeline.php(171): Illuminate\\Foundation\\Http\\Middleware\\TransformsRequest->handle(Object(Illuminate\\Http\\Request), Object(Closure))
#37 /Users/rahul/Documents/store/initappz/foodiesworld/foodies-api/vendor/laravel/framework/src/Illuminate/Foundation/Http/Middleware/ValidatePostSize.php(27): Illuminate\\Pipeline\\Pipeline->Illuminate\\Pipeline\\{closure}(Object(Illuminate\\Http\\Request))
#38 /Users/rahul/Documents/store/initappz/foodiesworld/foodies-api/vendor/laravel/framework/src/Illuminate/Pipeline/Pipeline.php(171): Illuminate\\Foundation\\Http\\Middleware\\ValidatePostSize->handle(Object(Illuminate\\Http\\Request), Object(Closure))
#39 /Users/rahul/Documents/store/initappz/foodiesworld/foodies-api/vendor/laravel/framework/src/Illuminate/Foundation/Http/Middleware/CheckForMaintenanceMode.php(63): Illuminate\\Pipeline\\Pipeline->Illuminate\\Pipeline\\{closure}(Object(Illuminate\\Http\\Request))
#40 /Users/rahul/Documents/store/initappz/foodiesworld/foodies-api/vendor/laravel/framework/src/Illuminate/Pipeline/Pipeline.php(171): Illuminate\\Foundation\\Http\\Middleware\\CheckForMaintenanceMode->handle(Object(Illuminate\\Http\\Request), Object(Closure))
#41 /Users/rahul/Documents/store/initappz/foodiesworld/foodies-api/vendor/fideloper/proxy/src/TrustProxies.php(57): Illuminate\\Pipeline\\Pipeline->Illuminate\\Pipeline\\{closure}(Object(Illuminate\\Http\\Request))
#42 /Users/rahul/Documents/store/initappz/foodiesworld/foodies-api/vendor/laravel/framework/src/Illuminate/Pipeline/Pipeline.php(171): Fideloper\\Proxy\\TrustProxies->handle(Object(Illuminate\\Http\\Request), Object(Closure))
#43 /Users/rahul/Documents/store/initappz/foodiesworld/foodies-api/vendor/laravel/framework/src/Illuminate/Pipeline/Pipeline.php(105): Illuminate\\Pipeline\\Pipeline->Illuminate\\Pipeline\\{closure}(Object(Illuminate\\Http\\Request))
#44 /Users/rahul/Documents/store/initappz/foodiesworld/foodies-api/vendor/laravel/framework/src/Illuminate/Foundation/Http/Kernel.php(145): Illuminate\\Pipeline\\Pipeline->then(Object(Closure))
#45 /Users/rahul/Documents/store/initappz/foodiesworld/foodies-api/vendor/laravel/framework/src/Illuminate/Foundation/Http/Kernel.php(110): Illuminate\\Foundation\\Http\\Kernel->sendRequestThroughRouter(Object(Illuminate\\Http\\Request))
#46 /Users/rahul/Documents/store/initappz/foodiesworld/foodies-api/public/index.php(55): Illuminate\\Foundation\\Http\\Kernel->handle(Object(Illuminate\\Http\\Request))
#47 /Users/rahul/Documents/store/initappz/foodiesworld/foodies-api/server.php(21): require_once('/Users/rahul/Do...')
#48 {main}
"} 
