[2022-08-08 04:11:41] local.ERROR: Class 'App\Http\Controllers\v1\Profile\Mail' not found {"exception":"[object] (Symfony\\Component\\Debug\\Exception\\FatalThrowableError(code: 0): Class 'App\\Http\\Controllers\\v1\\Profile\\Mail' not found at /Users/rahul/Documents/store/initappz/foodiesworld/foodies-api/app/Http/Controllers/v1/Profile/ProfileController.php:133)
[stacktrace]
#0 [internal function]: App\\Http\\Controllers\\v1\\Profile\\ProfileController->sendVerificationOnMail(Object(Illuminate\\Http\\Request))
#1 /Users/rahul/Documents/store/initappz/foodiesworld/foodies-api/vendor/laravel/framework/src/Illuminate/Routing/Controller.php(54): call_user_func_array(Array, Array)
#2 /Users/rahul/Documents/store/initappz/foodiesworld/foodies-api/vendor/laravel/framework/src/Illuminate/Routing/ControllerDispatcher.php(45): Illuminate\\Routing\\Controller->callAction('sendVerificatio...', Array)
#3 /Users/rahul/Documents/store/initappz/foodiesworld/foodies-api/vendor/laravel/framework/src/Illuminate/Routing/Route.php(219): Illuminate\\Routing\\ControllerDispatcher->dispatch(Object(Illuminate\\Routing\\Route), Object(App\\Http\\Controllers\\v1\\Profile\\ProfileController), 'sendVerificatio...')
#4 /Users/rahul/Documents/store/initappz/foodiesworld/foodies-api/vendor/laravel/framework/src/Illuminate/Routing/Route.php(176): Illuminate\\Routing\\Route->runController()
#5 /Users/rahul/Documents/store/initappz/foodiesworld/foodies-api/vendor/laravel/framework/src/Illuminate/Routing/Router.php(681): Illuminate\\Routing\\Route->run()
#6 /Users/rahul/Documents/store/initappz/foodiesworld/foodies-api/vendor/laravel/framework/src/Illuminate/Pipeline/Pipeline.php(130): Illuminate\\Routing\\Router->Illuminate\\Routing\\{closure}(Object(Illuminate\\Http\\Request))
#7 /Users/rahul/Documents/store/initappz/foodiesworld/foodies-api/vendor/laravel/framework/src/Illuminate/Routing/Middleware/SubstituteBindings.php(41): Illuminate\\Pipeline\\Pipeline->Illuminate\\Pipeline\\{closure}(Object(Illuminate\\Http\\Request))
#8 /Users/rahul/Documents/store/initappz/foodiesworld/foodies-api/vendor/laravel/framework/src/Illuminate/Pipeline/Pipeline.php(171): Illuminate\\Routing\\Middleware\\SubstituteBindings->handle(Object(Illuminate\\Http\\Request), Object(Closure))
#9 /Users/rahul/Documents/store/initappz/foodiesworld/foodies-api/vendor/laravel/framework/src/Illuminate/Routing/Middleware/ThrottleRequests.php(59): Illuminate\\Pipeline\\Pipeline->Illuminate\\Pipeline\\{closure}(Object(Illuminate\\Http\\Request))
#10 /Users/rahul/Documents/store/initappz/foodiesworld/foodies-api/vendor/laravel/framework/src/Illuminate/Pipeline/Pipeline.php(171): Illuminate\\Routing\\Middleware\\ThrottleRequests->handle(Object(Illuminate\\Http\\Request), Object(Closure), 60, '1')
#11 /Users/rahul/Documents/store/initappz/foodiesworld/foodies-api/vendor/laravel/framework/src/Illuminate/Pipeline/Pipeline.php(105): Illuminate\\Pipeline\\Pipeline->Illuminate\\Pipeline\\{closure}(Object(Illuminate\\Http\\Request))
#12 /Users/rahul/Documents/store/initappz/foodiesworld/foodies-api/vendor/laravel/framework/src/Illuminate/Routing/Router.php(683): Illuminate\\Pipeline\\Pipeline->then(Object(Closure))
#13 /Users/rahul/Documents/store/initappz/foodiesworld/foodies-api/vendor/laravel/framework/src/Illuminate/Routing/Router.php(658): Illuminate\\Routing\\Router->runRouteWithinStack(Object(Illuminate\\Routing\\Route), Object(Illuminate\\Http\\Request))
#14 /Users/rahul/Documents/store/initappz/foodiesworld/foodies-api/vendor/laravel/framework/src/Illuminate/Routing/Router.php(624): Illuminate\\Routing\\Router->runRoute(Object(Illuminate\\Http\\Request), Object(Illuminate\\Routing\\Route))
#15 /Users/rahul/Documents/store/initappz/foodiesworld/foodies-api/vendor/laravel/framework/src/Illuminate/Routing/Router.php(613): Illuminate\\Routing\\Router->dispatchToRoute(Object(Illuminate\\Http\\Request))
#16 /Users/rahul/Documents/store/initappz/foodiesworld/foodies-api/vendor/laravel/framework/src/Illuminate/Foundation/Http/Kernel.php(170): Illuminate\\Routing\\Router->dispatch(Object(Illuminate\\Http\\Request))
#17 /Users/rahul/Documents/store/initappz/foodiesworld/foodies-api/vendor/laravel/framework/src/Illuminate/Pipeline/Pipeline.php(130): Illuminate\\Foundation\\Http\\Kernel->Illuminate\\Foundation\\Http\\{closure}(Object(Illuminate\\Http\\Request))
#18 /Users/rahul/Documents/store/initappz/foodiesworld/foodies-api/vendor/fruitcake/laravel-cors/src/HandleCors.php(50): Illuminate\\Pipeline\\Pipeline->Illuminate\\Pipeline\\{closure}(Object(Illuminate\\Http\\Request))
#19 /Users/rahul/Documents/store/initappz/foodiesworld/foodies-api/vendor/laravel/framework/src/Illuminate/Pipeline/Pipeline.php(171): Fruitcake\\Cors\\HandleCors->handle(Object(Illuminate\\Http\\Request), Object(Closure))
#20 /Users/rahul/Documents/store/initappz/foodiesworld/foodies-api/vendor/laravel/framework/src/Illuminate/Foundation/Http/Middleware/TransformsRequest.php(21): Illuminate\\Pipeline\\Pipeline->Illuminate\\Pipeline\\{closure}(Object(Illuminate\\Http\\Request))
#21 /Users/rahul/Documents/store/initappz/foodiesworld/foodies-api/vendor/laravel/framework/src/Illuminate/Pipeline/Pipeline.php(171): Illuminate\\Foundation\\Http\\Middleware\\TransformsRequest->handle(Object(Illuminate\\Http\\Request), Object(Closure))
#22 /Users/rahul/Documents/store/initappz/foodiesworld/foodies-api/vendor/laravel/framework/src/Illuminate/Foundation/Http/Middleware/TransformsRequest.php(21): Illuminate\\Pipeline\\Pipeline->Illuminate\\Pipeline\\{closure}(Object(Illuminate\\Http\\Request))
#23 /Users/rahul/Documents/store/initappz/foodiesworld/foodies-api/vendor/laravel/framework/src/Illuminate/Pipeline/Pipeline.php(171): Illuminate\\Foundation\\Http\\Middleware\\TransformsRequest->handle(Object(Illuminate\\Http\\Request), Object(Closure))
#24 /Users/rahul/Documents/store/initappz/foodiesworld/foodies-api/vendor/laravel/framework/src/Illuminate/Foundation/Http/Middleware/ValidatePostSize.php(27): Illuminate\\Pipeline\\Pipeline->Illuminate\\Pipeline\\{closure}(Object(Illuminate\\Http\\Request))
#25 /Users/rahul/Documents/store/initappz/foodiesworld/foodies-api/vendor/laravel/framework/src/Illuminate/Pipeline/Pipeline.php(171): Illuminate\\Foundation\\Http\\Middleware\\ValidatePostSize->handle(Object(Illuminate\\Http\\Request), Object(Closure))
#26 /Users/rahul/Documents/store/initappz/foodiesworld/foodies-api/vendor/laravel/framework/src/Illuminate/Foundation/Http/Middleware/CheckForMaintenanceMode.php(63): Illuminate\\Pipeline\\Pipeline->Illuminate\\Pipeline\\{closure}(Object(Illuminate\\Http\\Request))
#27 /Users/rahul/Documents/store/initappz/foodiesworld/foodies-api/vendor/laravel/framework/src/Illuminate/Pipeline/Pipeline.php(171): Illuminate\\Foundation\\Http\\Middleware\\CheckForMaintenanceMode->handle(Object(Illuminate\\Http\\Request), Object(Closure))
#28 /Users/rahul/Documents/store/initappz/foodiesworld/foodies-api/vendor/fideloper/proxy/src/TrustProxies.php(57): Illuminate\\Pipeline\\Pipeline->Illuminate\\Pipeline\\{closure}(Object(Illuminate\\Http\\Request))
#29 /Users/rahul/Documents/store/initappz/foodiesworld/foodies-api/vendor/laravel/framework/src/Illuminate/Pipeline/Pipeline.php(171): Fideloper\\Proxy\\TrustProxies->handle(Object(Illuminate\\Http\\Request), Object(Closure))
#30 /Users/rahul/Documents/store/initappz/foodiesworld/foodies-api/vendor/laravel/framework/src/Illuminate/Pipeline/Pipeline.php(105): Illuminate\\Pipeline\\Pipeline->Illuminate\\Pipeline\\{closure}(Object(Illuminate\\Http\\Request))
#31 /Users/rahul/Documents/store/initappz/foodiesworld/foodies-api/vendor/laravel/framework/src/Illuminate/Foundation/Http/Kernel.php(145): Illuminate\\Pipeline\\Pipeline->then(Object(Closure))
#32 /Users/rahul/Documents/store/initappz/foodiesworld/foodies-api/vendor/laravel/framework/src/Illuminate/Foundation/Http/Kernel.php(110): Illuminate\\Foundation\\Http\\Kernel->sendRequestThroughRouter(Object(Illuminate\\Http\\Request))
#33 /Users/rahul/Documents/store/initappz/foodiesworld/foodies-api/public/index.php(55): Illuminate\\Foundation\\Http\\Kernel->handle(Object(Illuminate\\Http\\Request))
#34 /Users/rahul/Documents/store/initappz/foodiesworld/foodies-api/server.php(21): require_once('/Users/rahul/Do...')
#35 {main}
"} 
[2022-08-08 15:39:59] local.ERROR: Argument 1 passed to Illuminate\Database\Query\Builder::cleanBindings() must be of the type array, string given, called in /Users/rahul/Documents/store/initappz/foodiesworld/foodies-api/vendor/laravel/framework/src/Illuminate/Database/Query/Builder.php on line 908 {"userId":4,"exception":"[object] (Symfony\\Component\\Debug\\Exception\\FatalThrowableError(code: 0): Argument 1 passed to Illuminate\\Database\\Query\\Builder::cleanBindings() must be of the type array, string given, called in /Users/rahul/Documents/store/initappz/foodiesworld/foodies-api/vendor/laravel/framework/src/Illuminate/Database/Query/Builder.php on line 908 at /Users/rahul/Documents/store/initappz/foodiesworld/foodies-api/vendor/laravel/framework/src/Illuminate/Database/Query/Builder.php:2944)
[stacktrace]
#0 /Users/rahul/Documents/store/initappz/foodiesworld/foodies-api/vendor/laravel/framework/src/Illuminate/Database/Query/Builder.php(908): Illuminate\\Database\\Query\\Builder->cleanBindings('4')
#1 /Users/rahul/Documents/store/initappz/foodiesworld/foodies-api/app/Http/Controllers/v1/RatingsController.php(392): Illuminate\\Database\\Query\\Builder->whereIn('rating.product_...', '4')
#2 [internal function]: App\\Http\\Controllers\\v1\\RatingsController->getStoreReviews(Object(Illuminate\\Http\\Request))
#3 /Users/rahul/Documents/store/initappz/foodiesworld/foodies-api/vendor/laravel/framework/src/Illuminate/Routing/Controller.php(54): call_user_func_array(Array, Array)
#4 /Users/rahul/Documents/store/initappz/foodiesworld/foodies-api/vendor/laravel/framework/src/Illuminate/Routing/ControllerDispatcher.php(45): Illuminate\\Routing\\Controller->callAction('getStoreReviews', Array)
#5 /Users/rahul/Documents/store/initappz/foodiesworld/foodies-api/vendor/laravel/framework/src/Illuminate/Routing/Route.php(219): Illuminate\\Routing\\ControllerDispatcher->dispatch(Object(Illuminate\\Routing\\Route), Object(App\\Http\\Controllers\\v1\\RatingsController), 'getStoreReviews')
#6 /Users/rahul/Documents/store/initappz/foodiesworld/foodies-api/vendor/laravel/framework/src/Illuminate/Routing/Route.php(176): Illuminate\\Routing\\Route->runController()
#7 /Users/rahul/Documents/store/initappz/foodiesworld/foodies-api/vendor/laravel/framework/src/Illuminate/Routing/Router.php(681): Illuminate\\Routing\\Route->run()
#8 /Users/rahul/Documents/store/initappz/foodiesworld/foodies-api/vendor/laravel/framework/src/Illuminate/Pipeline/Pipeline.php(130): Illuminate\\Routing\\Router->Illuminate\\Routing\\{closure}(Object(Illuminate\\Http\\Request))
#9 /Users/rahul/Documents/store/initappz/foodiesworld/foodies-api/vendor/tymon/jwt-auth/src/Http/Middleware/Authenticate.php(32): Illuminate\\Pipeline\\Pipeline->Illuminate\\Pipeline\\{closure}(Object(Illuminate\\Http\\Request))
#10 /Users/rahul/Documents/store/initappz/foodiesworld/foodies-api/vendor/laravel/framework/src/Illuminate/Pipeline/Pipeline.php(171): Tymon\\JWTAuth\\Http\\Middleware\\Authenticate->handle(Object(Illuminate\\Http\\Request), Object(Closure))
#11 /Users/rahul/Documents/store/initappz/foodiesworld/foodies-api/app/Http/Middleware/JWTMiddleware.php(47): Illuminate\\Pipeline\\Pipeline->Illuminate\\Pipeline\\{closure}(Object(Illuminate\\Http\\Request))
#12 /Users/rahul/Documents/store/initappz/foodiesworld/foodies-api/vendor/laravel/framework/src/Illuminate/Pipeline/Pipeline.php(171): App\\Http\\Middleware\\JWTMiddleware->handle(Object(Illuminate\\Http\\Request), Object(Closure))
#13 /Users/rahul/Documents/store/initappz/foodiesworld/foodies-api/vendor/laravel/framework/src/Illuminate/Routing/Middleware/SubstituteBindings.php(41): Illuminate\\Pipeline\\Pipeline->Illuminate\\Pipeline\\{closure}(Object(Illuminate\\Http\\Request))
#14 /Users/rahul/Documents/store/initappz/foodiesworld/foodies-api/vendor/laravel/framework/src/Illuminate/Pipeline/Pipeline.php(171): Illuminate\\Routing\\Middleware\\SubstituteBindings->handle(Object(Illuminate\\Http\\Request), Object(Closure))
#15 /Users/rahul/Documents/store/initappz/foodiesworld/foodies-api/vendor/laravel/framework/src/Illuminate/Routing/Middleware/ThrottleRequests.php(59): Illuminate\\Pipeline\\Pipeline->Illuminate\\Pipeline\\{closure}(Object(Illuminate\\Http\\Request))
#16 /Users/rahul/Documents/store/initappz/foodiesworld/foodies-api/vendor/laravel/framework/src/Illuminate/Pipeline/Pipeline.php(171): Illuminate\\Routing\\Middleware\\ThrottleRequests->handle(Object(Illuminate\\Http\\Request), Object(Closure), 60, '1')
#17 /Users/rahul/Documents/store/initappz/foodiesworld/foodies-api/vendor/laravel/framework/src/Illuminate/Pipeline/Pipeline.php(105): Illuminate\\Pipeline\\Pipeline->Illuminate\\Pipeline\\{closure}(Object(Illuminate\\Http\\Request))
#18 /Users/rahul/Documents/store/initappz/foodiesworld/foodies-api/vendor/laravel/framework/src/Illuminate/Routing/Router.php(683): Illuminate\\Pipeline\\Pipeline->then(Object(Closure))
#19 /Users/rahul/Documents/store/initappz/foodiesworld/foodies-api/vendor/laravel/framework/src/Illuminate/Routing/Router.php(658): Illuminate\\Routing\\Router->runRouteWithinStack(Object(Illuminate\\Routing\\Route), Object(Illuminate\\Http\\Request))
#20 /Users/rahul/Documents/store/initappz/foodiesworld/foodies-api/vendor/laravel/framework/src/Illuminate/Routing/Router.php(624): Illuminate\\Routing\\Router->runRoute(Object(Illuminate\\Http\\Request), Object(Illuminate\\Routing\\Route))
#21 /Users/rahul/Documents/store/initappz/foodiesworld/foodies-api/vendor/laravel/framework/src/Illuminate/Routing/Router.php(613): Illuminate\\Routing\\Router->dispatchToRoute(Object(Illuminate\\Http\\Request))
#22 /Users/rahul/Documents/store/initappz/foodiesworld/foodies-api/vendor/laravel/framework/src/Illuminate/Foundation/Http/Kernel.php(170): Illuminate\\Routing\\Router->dispatch(Object(Illuminate\\Http\\Request))
#23 /Users/rahul/Documents/store/initappz/foodiesworld/foodies-api/vendor/laravel/framework/src/Illuminate/Pipeline/Pipeline.php(130): Illuminate\\Foundation\\Http\\Kernel->Illuminate\\Foundation\\Http\\{closure}(Object(Illuminate\\Http\\Request))
#24 /Users/rahul/Documents/store/initappz/foodiesworld/foodies-api/vendor/fruitcake/laravel-cors/src/HandleCors.php(50): Illuminate\\Pipeline\\Pipeline->Illuminate\\Pipeline\\{closure}(Object(Illuminate\\Http\\Request))
#25 /Users/rahul/Documents/store/initappz/foodiesworld/foodies-api/vendor/laravel/framework/src/Illuminate/Pipeline/Pipeline.php(171): Fruitcake\\Cors\\HandleCors->handle(Object(Illuminate\\Http\\Request), Object(Closure))
#26 /Users/rahul/Documents/store/initappz/foodiesworld/foodies-api/vendor/laravel/framework/src/Illuminate/Foundation/Http/Middleware/TransformsRequest.php(21): Illuminate\\Pipeline\\Pipeline->Illuminate\\Pipeline\\{closure}(Object(Illuminate\\Http\\Request))
#27 /Users/rahul/Documents/store/initappz/foodiesworld/foodies-api/vendor/laravel/framework/src/Illuminate/Pipeline/Pipeline.php(171): Illuminate\\Foundation\\Http\\Middleware\\TransformsRequest->handle(Object(Illuminate\\Http\\Request), Object(Closure))
#28 /Users/rahul/Documents/store/initappz/foodiesworld/foodies-api/vendor/laravel/framework/src/Illuminate/Foundation/Http/Middleware/TransformsRequest.php(21): Illuminate\\Pipeline\\Pipeline->Illuminate\\Pipeline\\{closure}(Object(Illuminate\\Http\\Request))
#29 /Users/rahul/Documents/store/initappz/foodiesworld/foodies-api/vendor/laravel/framework/src/Illuminate/Pipeline/Pipeline.php(171): Illuminate\\Foundation\\Http\\Middleware\\TransformsRequest->handle(Object(Illuminate\\Http\\Request), Object(Closure))
#30 /Users/rahul/Documents/store/initappz/foodiesworld/foodies-api/vendor/laravel/framework/src/Illuminate/Foundation/Http/Middleware/ValidatePostSize.php(27): Illuminate\\Pipeline\\Pipeline->Illuminate\\Pipeline\\{closure}(Object(Illuminate\\Http\\Request))
#31 /Users/rahul/Documents/store/initappz/foodiesworld/foodies-api/vendor/laravel/framework/src/Illuminate/Pipeline/Pipeline.php(171): Illuminate\\Foundation\\Http\\Middleware\\ValidatePostSize->handle(Object(Illuminate\\Http\\Request), Object(Closure))
#32 /Users/rahul/Documents/store/initappz/foodiesworld/foodies-api/vendor/laravel/framework/src/Illuminate/Foundation/Http/Middleware/CheckForMaintenanceMode.php(63): Illuminate\\Pipeline\\Pipeline->Illuminate\\Pipeline\\{closure}(Object(Illuminate\\Http\\Request))
#33 /Users/rahul/Documents/store/initappz/foodiesworld/foodies-api/vendor/laravel/framework/src/Illuminate/Pipeline/Pipeline.php(171): Illuminate\\Foundation\\Http\\Middleware\\CheckForMaintenanceMode->handle(Object(Illuminate\\Http\\Request), Object(Closure))
#34 /Users/rahul/Documents/store/initappz/foodiesworld/foodies-api/vendor/fideloper/proxy/src/TrustProxies.php(57): Illuminate\\Pipeline\\Pipeline->Illuminate\\Pipeline\\{closure}(Object(Illuminate\\Http\\Request))
#35 /Users/rahul/Documents/store/initappz/foodiesworld/foodies-api/vendor/laravel/framework/src/Illuminate/Pipeline/Pipeline.php(171): Fideloper\\Proxy\\TrustProxies->handle(Object(Illuminate\\Http\\Request), Object(Closure))
#36 /Users/rahul/Documents/store/initappz/foodiesworld/foodies-api/vendor/laravel/framework/src/Illuminate/Pipeline/Pipeline.php(105): Illuminate\\Pipeline\\Pipeline->Illuminate\\Pipeline\\{closure}(Object(Illuminate\\Http\\Request))
#37 /Users/rahul/Documents/store/initappz/foodiesworld/foodies-api/vendor/laravel/framework/src/Illuminate/Foundation/Http/Kernel.php(145): Illuminate\\Pipeline\\Pipeline->then(Object(Closure))
#38 /Users/rahul/Documents/store/initappz/foodiesworld/foodies-api/vendor/laravel/framework/src/Illuminate/Foundation/Http/Kernel.php(110): Illuminate\\Foundation\\Http\\Kernel->sendRequestThroughRouter(Object(Illuminate\\Http\\Request))
#39 /Users/rahul/Documents/store/initappz/foodiesworld/foodies-api/public/index.php(55): Illuminate\\Foundation\\Http\\Kernel->handle(Object(Illuminate\\Http\\Request))
#40 /Users/rahul/Documents/store/initappz/foodiesworld/foodies-api/server.php(21): require_once('/Users/rahul/Do...')
#41 {main}
"} 
