[2022-08-01 12:02:54] local.ERROR: The 'exp_month' parameter should be an integer (instead, is Invalid date). {"userId":41,"exception":"[object] (Stripe\\Exception\\CardException(code: 0): The 'exp_month' parameter should be an integer (instead, is Invalid date). at /Users/rahul/Documents/store/initappz/foodiesworld/foodies-api/vendor/stripe/stripe-php/lib/Exception/ApiErrorException.php:38)
[stacktrace]
#0 /Users/rahul/Documents/store/initappz/foodiesworld/foodies-api/vendor/stripe/stripe-php/lib/Exception/CardException.php(38): Stripe\\Exception\\ApiErrorException::factory('The 'exp_month'...', 402, '{\
  \"error\": {\
...', Array, Object(Stripe\\Util\\CaseInsensitiveArray), 'invalid_number')
#1 /Users/rahul/Documents/store/initappz/foodiesworld/foodies-api/vendor/stripe/stripe-php/lib/ApiRequestor.php(219): Stripe\\Exception\\CardException::factory('The 'exp_month'...', 402, '{\
  \"error\": {\
...', Array, Object(Stripe\\Util\\CaseInsensitiveArray), 'invalid_number', NULL, 'exp_month')
#2 /Users/rahul/Documents/store/initappz/foodiesworld/foodies-api/vendor/stripe/stripe-php/lib/ApiRequestor.php(175): Stripe\\ApiRequestor::_specificAPIError('{\
  \"error\": {\
...', 402, Object(Stripe\\Util\\CaseInsensitiveArray), Array, Array)
#3 /Users/rahul/Documents/store/initappz/foodiesworld/foodies-api/vendor/stripe/stripe-php/lib/ApiRequestor.php(560): Stripe\\ApiRequestor->handleErrorResponse('{\
  \"error\": {\
...', 402, Object(Stripe\\Util\\CaseInsensitiveArray), Array)
#4 /Users/rahul/Documents/store/initappz/foodiesworld/foodies-api/vendor/stripe/stripe-php/lib/ApiRequestor.php(124): Stripe\\ApiRequestor->_interpretResponse('{\
  \"error\": {\
...', 402, Object(Stripe\\Util\\CaseInsensitiveArray))
#5 /Users/rahul/Documents/store/initappz/foodiesworld/foodies-api/vendor/stripe/stripe-php/lib/BaseStripeClient.php(134): Stripe\\ApiRequestor->request('post', '/v1/tokens', Array, Array)
#6 /Users/rahul/Documents/store/initappz/foodiesworld/foodies-api/vendor/stripe/stripe-php/lib/Service/AbstractService.php(75): Stripe\\BaseStripeClient->request('post', '/v1/tokens', Array, Object(Stripe\\Util\\RequestOptions))
#7 /Users/rahul/Documents/store/initappz/foodiesworld/foodies-api/vendor/stripe/stripe-php/lib/Service/TokenService.php(24): Stripe\\Service\\AbstractService->request('post', '/v1/tokens', Array, NULL)
#8 /Users/rahul/Documents/store/initappz/foodiesworld/foodies-api/app/Http/Controllers/v1/PaymentsController.php(372): Stripe\\Service\\TokenService->create(Array)
#9 [internal function]: App\\Http\\Controllers\\v1\\PaymentsController->createStripeToken(Object(Illuminate\\Http\\Request))
#10 /Users/rahul/Documents/store/initappz/foodiesworld/foodies-api/vendor/laravel/framework/src/Illuminate/Routing/Controller.php(54): call_user_func_array(Array, Array)
#11 /Users/rahul/Documents/store/initappz/foodiesworld/foodies-api/vendor/laravel/framework/src/Illuminate/Routing/ControllerDispatcher.php(45): Illuminate\\Routing\\Controller->callAction('createStripeTok...', Array)
#12 /Users/rahul/Documents/store/initappz/foodiesworld/foodies-api/vendor/laravel/framework/src/Illuminate/Routing/Route.php(219): Illuminate\\Routing\\ControllerDispatcher->dispatch(Object(Illuminate\\Routing\\Route), Object(App\\Http\\Controllers\\v1\\PaymentsController), 'createStripeTok...')
#13 /Users/rahul/Documents/store/initappz/foodiesworld/foodies-api/vendor/laravel/framework/src/Illuminate/Routing/Route.php(176): Illuminate\\Routing\\Route->runController()
#14 /Users/rahul/Documents/store/initappz/foodiesworld/foodies-api/vendor/laravel/framework/src/Illuminate/Routing/Router.php(681): Illuminate\\Routing\\Route->run()
#15 /Users/rahul/Documents/store/initappz/foodiesworld/foodies-api/vendor/laravel/framework/src/Illuminate/Pipeline/Pipeline.php(130): Illuminate\\Routing\\Router->Illuminate\\Routing\\{closure}(Object(Illuminate\\Http\\Request))
#16 /Users/rahul/Documents/store/initappz/foodiesworld/foodies-api/vendor/tymon/jwt-auth/src/Http/Middleware/Authenticate.php(32): Illuminate\\Pipeline\\Pipeline->Illuminate\\Pipeline\\{closure}(Object(Illuminate\\Http\\Request))
#17 /Users/rahul/Documents/store/initappz/foodiesworld/foodies-api/vendor/laravel/framework/src/Illuminate/Pipeline/Pipeline.php(171): Tymon\\JWTAuth\\Http\\Middleware\\Authenticate->handle(Object(Illuminate\\Http\\Request), Object(Closure))
#18 /Users/rahul/Documents/store/initappz/foodiesworld/foodies-api/app/Http/Middleware/JWTMiddleware.php(47): Illuminate\\Pipeline\\Pipeline->Illuminate\\Pipeline\\{closure}(Object(Illuminate\\Http\\Request))
#19 /Users/rahul/Documents/store/initappz/foodiesworld/foodies-api/vendor/laravel/framework/src/Illuminate/Pipeline/Pipeline.php(171): App\\Http\\Middleware\\JWTMiddleware->handle(Object(Illuminate\\Http\\Request), Object(Closure))
#20 /Users/rahul/Documents/store/initappz/foodiesworld/foodies-api/vendor/laravel/framework/src/Illuminate/Routing/Middleware/SubstituteBindings.php(41): Illuminate\\Pipeline\\Pipeline->Illuminate\\Pipeline\\{closure}(Object(Illuminate\\Http\\Request))
#21 /Users/rahul/Documents/store/initappz/foodiesworld/foodies-api/vendor/laravel/framework/src/Illuminate/Pipeline/Pipeline.php(171): Illuminate\\Routing\\Middleware\\SubstituteBindings->handle(Object(Illuminate\\Http\\Request), Object(Closure))
#22 /Users/rahul/Documents/store/initappz/foodiesworld/foodies-api/vendor/laravel/framework/src/Illuminate/Routing/Middleware/ThrottleRequests.php(59): Illuminate\\Pipeline\\Pipeline->Illuminate\\Pipeline\\{closure}(Object(Illuminate\\Http\\Request))
#23 /Users/rahul/Documents/store/initappz/foodiesworld/foodies-api/vendor/laravel/framework/src/Illuminate/Pipeline/Pipeline.php(171): Illuminate\\Routing\\Middleware\\ThrottleRequests->handle(Object(Illuminate\\Http\\Request), Object(Closure), 60, '1')
#24 /Users/rahul/Documents/store/initappz/foodiesworld/foodies-api/vendor/laravel/framework/src/Illuminate/Pipeline/Pipeline.php(105): Illuminate\\Pipeline\\Pipeline->Illuminate\\Pipeline\\{closure}(Object(Illuminate\\Http\\Request))
#25 /Users/rahul/Documents/store/initappz/foodiesworld/foodies-api/vendor/laravel/framework/src/Illuminate/Routing/Router.php(683): Illuminate\\Pipeline\\Pipeline->then(Object(Closure))
#26 /Users/rahul/Documents/store/initappz/foodiesworld/foodies-api/vendor/laravel/framework/src/Illuminate/Routing/Router.php(658): Illuminate\\Routing\\Router->runRouteWithinStack(Object(Illuminate\\Routing\\Route), Object(Illuminate\\Http\\Request))
#27 /Users/rahul/Documents/store/initappz/foodiesworld/foodies-api/vendor/laravel/framework/src/Illuminate/Routing/Router.php(624): Illuminate\\Routing\\Router->runRoute(Object(Illuminate\\Http\\Request), Object(Illuminate\\Routing\\Route))
#28 /Users/rahul/Documents/store/initappz/foodiesworld/foodies-api/vendor/laravel/framework/src/Illuminate/Routing/Router.php(613): Illuminate\\Routing\\Router->dispatchToRoute(Object(Illuminate\\Http\\Request))
#29 /Users/rahul/Documents/store/initappz/foodiesworld/foodies-api/vendor/laravel/framework/src/Illuminate/Foundation/Http/Kernel.php(170): Illuminate\\Routing\\Router->dispatch(Object(Illuminate\\Http\\Request))
#30 /Users/rahul/Documents/store/initappz/foodiesworld/foodies-api/vendor/laravel/framework/src/Illuminate/Pipeline/Pipeline.php(130): Illuminate\\Foundation\\Http\\Kernel->Illuminate\\Foundation\\Http\\{closure}(Object(Illuminate\\Http\\Request))
#31 /Users/rahul/Documents/store/initappz/foodiesworld/foodies-api/vendor/fruitcake/laravel-cors/src/HandleCors.php(50): Illuminate\\Pipeline\\Pipeline->Illuminate\\Pipeline\\{closure}(Object(Illuminate\\Http\\Request))
#32 /Users/rahul/Documents/store/initappz/foodiesworld/foodies-api/vendor/laravel/framework/src/Illuminate/Pipeline/Pipeline.php(171): Fruitcake\\Cors\\HandleCors->handle(Object(Illuminate\\Http\\Request), Object(Closure))
#33 /Users/rahul/Documents/store/initappz/foodiesworld/foodies-api/vendor/laravel/framework/src/Illuminate/Foundation/Http/Middleware/TransformsRequest.php(21): Illuminate\\Pipeline\\Pipeline->Illuminate\\Pipeline\\{closure}(Object(Illuminate\\Http\\Request))
#34 /Users/rahul/Documents/store/initappz/foodiesworld/foodies-api/vendor/laravel/framework/src/Illuminate/Pipeline/Pipeline.php(171): Illuminate\\Foundation\\Http\\Middleware\\TransformsRequest->handle(Object(Illuminate\\Http\\Request), Object(Closure))
#35 /Users/rahul/Documents/store/initappz/foodiesworld/foodies-api/vendor/laravel/framework/src/Illuminate/Foundation/Http/Middleware/TransformsRequest.php(21): Illuminate\\Pipeline\\Pipeline->Illuminate\\Pipeline\\{closure}(Object(Illuminate\\Http\\Request))
#36 /Users/rahul/Documents/store/initappz/foodiesworld/foodies-api/vendor/laravel/framework/src/Illuminate/Pipeline/Pipeline.php(171): Illuminate\\Foundation\\Http\\Middleware\\TransformsRequest->handle(Object(Illuminate\\Http\\Request), Object(Closure))
#37 /Users/rahul/Documents/store/initappz/foodiesworld/foodies-api/vendor/laravel/framework/src/Illuminate/Foundation/Http/Middleware/ValidatePostSize.php(27): Illuminate\\Pipeline\\Pipeline->Illuminate\\Pipeline\\{closure}(Object(Illuminate\\Http\\Request))
#38 /Users/rahul/Documents/store/initappz/foodiesworld/foodies-api/vendor/laravel/framework/src/Illuminate/Pipeline/Pipeline.php(171): Illuminate\\Foundation\\Http\\Middleware\\ValidatePostSize->handle(Object(Illuminate\\Http\\Request), Object(Closure))
#39 /Users/rahul/Documents/store/initappz/foodiesworld/foodies-api/vendor/laravel/framework/src/Illuminate/Foundation/Http/Middleware/CheckForMaintenanceMode.php(63): Illuminate\\Pipeline\\Pipeline->Illuminate\\Pipeline\\{closure}(Object(Illuminate\\Http\\Request))
#40 /Users/rahul/Documents/store/initappz/foodiesworld/foodies-api/vendor/laravel/framework/src/Illuminate/Pipeline/Pipeline.php(171): Illuminate\\Foundation\\Http\\Middleware\\CheckForMaintenanceMode->handle(Object(Illuminate\\Http\\Request), Object(Closure))
#41 /Users/rahul/Documents/store/initappz/foodiesworld/foodies-api/vendor/fideloper/proxy/src/TrustProxies.php(57): Illuminate\\Pipeline\\Pipeline->Illuminate\\Pipeline\\{closure}(Object(Illuminate\\Http\\Request))
#42 /Users/rahul/Documents/store/initappz/foodiesworld/foodies-api/vendor/laravel/framework/src/Illuminate/Pipeline/Pipeline.php(171): Fideloper\\Proxy\\TrustProxies->handle(Object(Illuminate\\Http\\Request), Object(Closure))
#43 /Users/rahul/Documents/store/initappz/foodiesworld/foodies-api/vendor/laravel/framework/src/Illuminate/Pipeline/Pipeline.php(105): Illuminate\\Pipeline\\Pipeline->Illuminate\\Pipeline\\{closure}(Object(Illuminate\\Http\\Request))
#44 /Users/rahul/Documents/store/initappz/foodiesworld/foodies-api/vendor/laravel/framework/src/Illuminate/Foundation/Http/Kernel.php(145): Illuminate\\Pipeline\\Pipeline->then(Object(Closure))
#45 /Users/rahul/Documents/store/initappz/foodiesworld/foodies-api/vendor/laravel/framework/src/Illuminate/Foundation/Http/Kernel.php(110): Illuminate\\Foundation\\Http\\Kernel->sendRequestThroughRouter(Object(Illuminate\\Http\\Request))
#46 /Users/rahul/Documents/store/initappz/foodiesworld/foodies-api/public/index.php(55): Illuminate\\Foundation\\Http\\Kernel->handle(Object(Illuminate\\Http\\Request))
#47 /Users/rahul/Documents/store/initappz/foodiesworld/foodies-api/server.php(21): require_once('/Users/rahul/Do...')
#48 {main}
"} 
[2022-08-01 12:04:39] local.ERROR: The 'exp_month' parameter should be an integer (instead, is Invalid date). {"userId":41,"exception":"[object] (Stripe\\Exception\\CardException(code: 0): The 'exp_month' parameter should be an integer (instead, is Invalid date). at /Users/rahul/Documents/store/initappz/foodiesworld/foodies-api/vendor/stripe/stripe-php/lib/Exception/ApiErrorException.php:38)
[stacktrace]
#0 /Users/rahul/Documents/store/initappz/foodiesworld/foodies-api/vendor/stripe/stripe-php/lib/Exception/CardException.php(38): Stripe\\Exception\\ApiErrorException::factory('The 'exp_month'...', 402, '{\
  \"error\": {\
...', Array, Object(Stripe\\Util\\CaseInsensitiveArray), 'invalid_number')
#1 /Users/rahul/Documents/store/initappz/foodiesworld/foodies-api/vendor/stripe/stripe-php/lib/ApiRequestor.php(219): Stripe\\Exception\\CardException::factory('The 'exp_month'...', 402, '{\
  \"error\": {\
...', Array, Object(Stripe\\Util\\CaseInsensitiveArray), 'invalid_number', NULL, 'exp_month')
#2 /Users/rahul/Documents/store/initappz/foodiesworld/foodies-api/vendor/stripe/stripe-php/lib/ApiRequestor.php(175): Stripe\\ApiRequestor::_specificAPIError('{\
  \"error\": {\
...', 402, Object(Stripe\\Util\\CaseInsensitiveArray), Array, Array)
#3 /Users/rahul/Documents/store/initappz/foodiesworld/foodies-api/vendor/stripe/stripe-php/lib/ApiRequestor.php(560): Stripe\\ApiRequestor->handleErrorResponse('{\
  \"error\": {\
...', 402, Object(Stripe\\Util\\CaseInsensitiveArray), Array)
#4 /Users/rahul/Documents/store/initappz/foodiesworld/foodies-api/vendor/stripe/stripe-php/lib/ApiRequestor.php(124): Stripe\\ApiRequestor->_interpretResponse('{\
  \"error\": {\
...', 402, Object(Stripe\\Util\\CaseInsensitiveArray))
#5 /Users/rahul/Documents/store/initappz/foodiesworld/foodies-api/vendor/stripe/stripe-php/lib/BaseStripeClient.php(134): Stripe\\ApiRequestor->request('post', '/v1/tokens', Array, Array)
#6 /Users/rahul/Documents/store/initappz/foodiesworld/foodies-api/vendor/stripe/stripe-php/lib/Service/AbstractService.php(75): Stripe\\BaseStripeClient->request('post', '/v1/tokens', Array, Object(Stripe\\Util\\RequestOptions))
#7 /Users/rahul/Documents/store/initappz/foodiesworld/foodies-api/vendor/stripe/stripe-php/lib/Service/TokenService.php(24): Stripe\\Service\\AbstractService->request('post', '/v1/tokens', Array, NULL)
#8 /Users/rahul/Documents/store/initappz/foodiesworld/foodies-api/app/Http/Controllers/v1/PaymentsController.php(372): Stripe\\Service\\TokenService->create(Array)
#9 [internal function]: App\\Http\\Controllers\\v1\\PaymentsController->createStripeToken(Object(Illuminate\\Http\\Request))
#10 /Users/rahul/Documents/store/initappz/foodiesworld/foodies-api/vendor/laravel/framework/src/Illuminate/Routing/Controller.php(54): call_user_func_array(Array, Array)
#11 /Users/rahul/Documents/store/initappz/foodiesworld/foodies-api/vendor/laravel/framework/src/Illuminate/Routing/ControllerDispatcher.php(45): Illuminate\\Routing\\Controller->callAction('createStripeTok...', Array)
#12 /Users/rahul/Documents/store/initappz/foodiesworld/foodies-api/vendor/laravel/framework/src/Illuminate/Routing/Route.php(219): Illuminate\\Routing\\ControllerDispatcher->dispatch(Object(Illuminate\\Routing\\Route), Object(App\\Http\\Controllers\\v1\\PaymentsController), 'createStripeTok...')
#13 /Users/rahul/Documents/store/initappz/foodiesworld/foodies-api/vendor/laravel/framework/src/Illuminate/Routing/Route.php(176): Illuminate\\Routing\\Route->runController()
#14 /Users/rahul/Documents/store/initappz/foodiesworld/foodies-api/vendor/laravel/framework/src/Illuminate/Routing/Router.php(681): Illuminate\\Routing\\Route->run()
#15 /Users/rahul/Documents/store/initappz/foodiesworld/foodies-api/vendor/laravel/framework/src/Illuminate/Pipeline/Pipeline.php(130): Illuminate\\Routing\\Router->Illuminate\\Routing\\{closure}(Object(Illuminate\\Http\\Request))
#16 /Users/rahul/Documents/store/initappz/foodiesworld/foodies-api/vendor/tymon/jwt-auth/src/Http/Middleware/Authenticate.php(32): Illuminate\\Pipeline\\Pipeline->Illuminate\\Pipeline\\{closure}(Object(Illuminate\\Http\\Request))
#17 /Users/rahul/Documents/store/initappz/foodiesworld/foodies-api/vendor/laravel/framework/src/Illuminate/Pipeline/Pipeline.php(171): Tymon\\JWTAuth\\Http\\Middleware\\Authenticate->handle(Object(Illuminate\\Http\\Request), Object(Closure))
#18 /Users/rahul/Documents/store/initappz/foodiesworld/foodies-api/app/Http/Middleware/JWTMiddleware.php(47): Illuminate\\Pipeline\\Pipeline->Illuminate\\Pipeline\\{closure}(Object(Illuminate\\Http\\Request))
#19 /Users/rahul/Documents/store/initappz/foodiesworld/foodies-api/vendor/laravel/framework/src/Illuminate/Pipeline/Pipeline.php(171): App\\Http\\Middleware\\JWTMiddleware->handle(Object(Illuminate\\Http\\Request), Object(Closure))
#20 /Users/rahul/Documents/store/initappz/foodiesworld/foodies-api/vendor/laravel/framework/src/Illuminate/Routing/Middleware/SubstituteBindings.php(41): Illuminate\\Pipeline\\Pipeline->Illuminate\\Pipeline\\{closure}(Object(Illuminate\\Http\\Request))
#21 /Users/rahul/Documents/store/initappz/foodiesworld/foodies-api/vendor/laravel/framework/src/Illuminate/Pipeline/Pipeline.php(171): Illuminate\\Routing\\Middleware\\SubstituteBindings->handle(Object(Illuminate\\Http\\Request), Object(Closure))
#22 /Users/rahul/Documents/store/initappz/foodiesworld/foodies-api/vendor/laravel/framework/src/Illuminate/Routing/Middleware/ThrottleRequests.php(59): Illuminate\\Pipeline\\Pipeline->Illuminate\\Pipeline\\{closure}(Object(Illuminate\\Http\\Request))
#23 /Users/rahul/Documents/store/initappz/foodiesworld/foodies-api/vendor/laravel/framework/src/Illuminate/Pipeline/Pipeline.php(171): Illuminate\\Routing\\Middleware\\ThrottleRequests->handle(Object(Illuminate\\Http\\Request), Object(Closure), 60, '1')
#24 /Users/rahul/Documents/store/initappz/foodiesworld/foodies-api/vendor/laravel/framework/src/Illuminate/Pipeline/Pipeline.php(105): Illuminate\\Pipeline\\Pipeline->Illuminate\\Pipeline\\{closure}(Object(Illuminate\\Http\\Request))
#25 /Users/rahul/Documents/store/initappz/foodiesworld/foodies-api/vendor/laravel/framework/src/Illuminate/Routing/Router.php(683): Illuminate\\Pipeline\\Pipeline->then(Object(Closure))
#26 /Users/rahul/Documents/store/initappz/foodiesworld/foodies-api/vendor/laravel/framework/src/Illuminate/Routing/Router.php(658): Illuminate\\Routing\\Router->runRouteWithinStack(Object(Illuminate\\Routing\\Route), Object(Illuminate\\Http\\Request))
#27 /Users/rahul/Documents/store/initappz/foodiesworld/foodies-api/vendor/laravel/framework/src/Illuminate/Routing/Router.php(624): Illuminate\\Routing\\Router->runRoute(Object(Illuminate\\Http\\Request), Object(Illuminate\\Routing\\Route))
#28 /Users/rahul/Documents/store/initappz/foodiesworld/foodies-api/vendor/laravel/framework/src/Illuminate/Routing/Router.php(613): Illuminate\\Routing\\Router->dispatchToRoute(Object(Illuminate\\Http\\Request))
#29 /Users/rahul/Documents/store/initappz/foodiesworld/foodies-api/vendor/laravel/framework/src/Illuminate/Foundation/Http/Kernel.php(170): Illuminate\\Routing\\Router->dispatch(Object(Illuminate\\Http\\Request))
#30 /Users/rahul/Documents/store/initappz/foodiesworld/foodies-api/vendor/laravel/framework/src/Illuminate/Pipeline/Pipeline.php(130): Illuminate\\Foundation\\Http\\Kernel->Illuminate\\Foundation\\Http\\{closure}(Object(Illuminate\\Http\\Request))
#31 /Users/rahul/Documents/store/initappz/foodiesworld/foodies-api/vendor/fruitcake/laravel-cors/src/HandleCors.php(50): Illuminate\\Pipeline\\Pipeline->Illuminate\\Pipeline\\{closure}(Object(Illuminate\\Http\\Request))
#32 /Users/rahul/Documents/store/initappz/foodiesworld/foodies-api/vendor/laravel/framework/src/Illuminate/Pipeline/Pipeline.php(171): Fruitcake\\Cors\\HandleCors->handle(Object(Illuminate\\Http\\Request), Object(Closure))
#33 /Users/rahul/Documents/store/initappz/foodiesworld/foodies-api/vendor/laravel/framework/src/Illuminate/Foundation/Http/Middleware/TransformsRequest.php(21): Illuminate\\Pipeline\\Pipeline->Illuminate\\Pipeline\\{closure}(Object(Illuminate\\Http\\Request))
#34 /Users/rahul/Documents/store/initappz/foodiesworld/foodies-api/vendor/laravel/framework/src/Illuminate/Pipeline/Pipeline.php(171): Illuminate\\Foundation\\Http\\Middleware\\TransformsRequest->handle(Object(Illuminate\\Http\\Request), Object(Closure))
#35 /Users/rahul/Documents/store/initappz/foodiesworld/foodies-api/vendor/laravel/framework/src/Illuminate/Foundation/Http/Middleware/TransformsRequest.php(21): Illuminate\\Pipeline\\Pipeline->Illuminate\\Pipeline\\{closure}(Object(Illuminate\\Http\\Request))
#36 /Users/rahul/Documents/store/initappz/foodiesworld/foodies-api/vendor/laravel/framework/src/Illuminate/Pipeline/Pipeline.php(171): Illuminate\\Foundation\\Http\\Middleware\\TransformsRequest->handle(Object(Illuminate\\Http\\Request), Object(Closure))
#37 /Users/rahul/Documents/store/initappz/foodiesworld/foodies-api/vendor/laravel/framework/src/Illuminate/Foundation/Http/Middleware/ValidatePostSize.php(27): Illuminate\\Pipeline\\Pipeline->Illuminate\\Pipeline\\{closure}(Object(Illuminate\\Http\\Request))
#38 /Users/rahul/Documents/store/initappz/foodiesworld/foodies-api/vendor/laravel/framework/src/Illuminate/Pipeline/Pipeline.php(171): Illuminate\\Foundation\\Http\\Middleware\\ValidatePostSize->handle(Object(Illuminate\\Http\\Request), Object(Closure))
#39 /Users/rahul/Documents/store/initappz/foodiesworld/foodies-api/vendor/laravel/framework/src/Illuminate/Foundation/Http/Middleware/CheckForMaintenanceMode.php(63): Illuminate\\Pipeline\\Pipeline->Illuminate\\Pipeline\\{closure}(Object(Illuminate\\Http\\Request))
#40 /Users/rahul/Documents/store/initappz/foodiesworld/foodies-api/vendor/laravel/framework/src/Illuminate/Pipeline/Pipeline.php(171): Illuminate\\Foundation\\Http\\Middleware\\CheckForMaintenanceMode->handle(Object(Illuminate\\Http\\Request), Object(Closure))
#41 /Users/rahul/Documents/store/initappz/foodiesworld/foodies-api/vendor/fideloper/proxy/src/TrustProxies.php(57): Illuminate\\Pipeline\\Pipeline->Illuminate\\Pipeline\\{closure}(Object(Illuminate\\Http\\Request))
#42 /Users/rahul/Documents/store/initappz/foodiesworld/foodies-api/vendor/laravel/framework/src/Illuminate/Pipeline/Pipeline.php(171): Fideloper\\Proxy\\TrustProxies->handle(Object(Illuminate\\Http\\Request), Object(Closure))
#43 /Users/rahul/Documents/store/initappz/foodiesworld/foodies-api/vendor/laravel/framework/src/Illuminate/Pipeline/Pipeline.php(105): Illuminate\\Pipeline\\Pipeline->Illuminate\\Pipeline\\{closure}(Object(Illuminate\\Http\\Request))
#44 /Users/rahul/Documents/store/initappz/foodiesworld/foodies-api/vendor/laravel/framework/src/Illuminate/Foundation/Http/Kernel.php(145): Illuminate\\Pipeline\\Pipeline->then(Object(Closure))
#45 /Users/rahul/Documents/store/initappz/foodiesworld/foodies-api/vendor/laravel/framework/src/Illuminate/Foundation/Http/Kernel.php(110): Illuminate\\Foundation\\Http\\Kernel->sendRequestThroughRouter(Object(Illuminate\\Http\\Request))
#46 /Users/rahul/Documents/store/initappz/foodiesworld/foodies-api/public/index.php(55): Illuminate\\Foundation\\Http\\Kernel->handle(Object(Illuminate\\Http\\Request))
#47 /Users/rahul/Documents/store/initappz/foodiesworld/foodies-api/server.php(21): require_once('/Users/rahul/Do...')
#48 {main}
"} 
[2022-08-01 12:10:32] local.ERROR: No such customer: 'tok_1LRxS6CMKAU2S3i2grBQnjaZ' {"userId":41,"exception":"[object] (Stripe\\Exception\\InvalidRequestException(code: 0): No such customer: 'tok_1LRxS6CMKAU2S3i2grBQnjaZ' at /Users/rahul/Documents/store/initappz/foodiesworld/foodies-api/vendor/stripe/stripe-php/lib/Exception/ApiErrorException.php:38)
[stacktrace]
#0 /Users/rahul/Documents/store/initappz/foodiesworld/foodies-api/vendor/stripe/stripe-php/lib/Exception/InvalidRequestException.php(35): Stripe\\Exception\\ApiErrorException::factory('No such custome...', 404, '{\
  \"error\": {\
...', Array, Object(Stripe\\Util\\CaseInsensitiveArray), 'resource_missin...')
#1 /Users/rahul/Documents/store/initappz/foodiesworld/foodies-api/vendor/stripe/stripe-php/lib/ApiRequestor.php(213): Stripe\\Exception\\InvalidRequestException::factory('No such custome...', 404, '{\
  \"error\": {\
...', Array, Object(Stripe\\Util\\CaseInsensitiveArray), 'resource_missin...', 'customer')
#2 /Users/rahul/Documents/store/initappz/foodiesworld/foodies-api/vendor/stripe/stripe-php/lib/ApiRequestor.php(175): Stripe\\ApiRequestor::_specificAPIError('{\
  \"error\": {\
...', 404, Object(Stripe\\Util\\CaseInsensitiveArray), Array, Array)
#3 /Users/rahul/Documents/store/initappz/foodiesworld/foodies-api/vendor/stripe/stripe-php/lib/ApiRequestor.php(560): Stripe\\ApiRequestor->handleErrorResponse('{\
  \"error\": {\
...', 404, Object(Stripe\\Util\\CaseInsensitiveArray), Array)
#4 /Users/rahul/Documents/store/initappz/foodiesworld/foodies-api/vendor/stripe/stripe-php/lib/ApiRequestor.php(124): Stripe\\ApiRequestor->_interpretResponse('{\
  \"error\": {\
...', 404, Object(Stripe\\Util\\CaseInsensitiveArray))
#5 /Users/rahul/Documents/store/initappz/foodiesworld/foodies-api/vendor/stripe/stripe-php/lib/BaseStripeClient.php(134): Stripe\\ApiRequestor->request('get', '/v1/customers/t...', Array, Array)
#6 /Users/rahul/Documents/store/initappz/foodiesworld/foodies-api/vendor/stripe/stripe-php/lib/BaseStripeClient.php(173): Stripe\\BaseStripeClient->request('get', '/v1/customers/t...', Array, Object(Stripe\\Util\\RequestOptions))
#7 /Users/rahul/Documents/store/initappz/foodiesworld/foodies-api/vendor/stripe/stripe-php/lib/Service/AbstractService.php(85): Stripe\\BaseStripeClient->requestCollection('get', '/v1/customers/t...', Array, NULL)
#8 /Users/rahul/Documents/store/initappz/foodiesworld/foodies-api/vendor/stripe/stripe-php/lib/Service/CustomerService.php(71): Stripe\\Service\\AbstractService->requestCollection('get', '/v1/customers/t...', Array, NULL)
#9 /Users/rahul/Documents/store/initappz/foodiesworld/foodies-api/app/Http/Controllers/v1/PaymentsController.php(476): Stripe\\Service\\CustomerService->allSources('tok_1LRxS6CMKAU...', Array)
#10 [internal function]: App\\Http\\Controllers\\v1\\PaymentsController->getStripeCards(Object(Illuminate\\Http\\Request))
#11 /Users/rahul/Documents/store/initappz/foodiesworld/foodies-api/vendor/laravel/framework/src/Illuminate/Routing/Controller.php(54): call_user_func_array(Array, Array)
#12 /Users/rahul/Documents/store/initappz/foodiesworld/foodies-api/vendor/laravel/framework/src/Illuminate/Routing/ControllerDispatcher.php(45): Illuminate\\Routing\\Controller->callAction('getStripeCards', Array)
#13 /Users/rahul/Documents/store/initappz/foodiesworld/foodies-api/vendor/laravel/framework/src/Illuminate/Routing/Route.php(219): Illuminate\\Routing\\ControllerDispatcher->dispatch(Object(Illuminate\\Routing\\Route), Object(App\\Http\\Controllers\\v1\\PaymentsController), 'getStripeCards')
#14 /Users/rahul/Documents/store/initappz/foodiesworld/foodies-api/vendor/laravel/framework/src/Illuminate/Routing/Route.php(176): Illuminate\\Routing\\Route->runController()
#15 /Users/rahul/Documents/store/initappz/foodiesworld/foodies-api/vendor/laravel/framework/src/Illuminate/Routing/Router.php(681): Illuminate\\Routing\\Route->run()
#16 /Users/rahul/Documents/store/initappz/foodiesworld/foodies-api/vendor/laravel/framework/src/Illuminate/Pipeline/Pipeline.php(130): Illuminate\\Routing\\Router->Illuminate\\Routing\\{closure}(Object(Illuminate\\Http\\Request))
#17 /Users/rahul/Documents/store/initappz/foodiesworld/foodies-api/vendor/tymon/jwt-auth/src/Http/Middleware/Authenticate.php(32): Illuminate\\Pipeline\\Pipeline->Illuminate\\Pipeline\\{closure}(Object(Illuminate\\Http\\Request))
#18 /Users/rahul/Documents/store/initappz/foodiesworld/foodies-api/vendor/laravel/framework/src/Illuminate/Pipeline/Pipeline.php(171): Tymon\\JWTAuth\\Http\\Middleware\\Authenticate->handle(Object(Illuminate\\Http\\Request), Object(Closure))
#19 /Users/rahul/Documents/store/initappz/foodiesworld/foodies-api/app/Http/Middleware/JWTMiddleware.php(47): Illuminate\\Pipeline\\Pipeline->Illuminate\\Pipeline\\{closure}(Object(Illuminate\\Http\\Request))
#20 /Users/rahul/Documents/store/initappz/foodiesworld/foodies-api/vendor/laravel/framework/src/Illuminate/Pipeline/Pipeline.php(171): App\\Http\\Middleware\\JWTMiddleware->handle(Object(Illuminate\\Http\\Request), Object(Closure))
#21 /Users/rahul/Documents/store/initappz/foodiesworld/foodies-api/vendor/laravel/framework/src/Illuminate/Routing/Middleware/SubstituteBindings.php(41): Illuminate\\Pipeline\\Pipeline->Illuminate\\Pipeline\\{closure}(Object(Illuminate\\Http\\Request))
#22 /Users/rahul/Documents/store/initappz/foodiesworld/foodies-api/vendor/laravel/framework/src/Illuminate/Pipeline/Pipeline.php(171): Illuminate\\Routing\\Middleware\\SubstituteBindings->handle(Object(Illuminate\\Http\\Request), Object(Closure))
#23 /Users/rahul/Documents/store/initappz/foodiesworld/foodies-api/vendor/laravel/framework/src/Illuminate/Routing/Middleware/ThrottleRequests.php(59): Illuminate\\Pipeline\\Pipeline->Illuminate\\Pipeline\\{closure}(Object(Illuminate\\Http\\Request))
#24 /Users/rahul/Documents/store/initappz/foodiesworld/foodies-api/vendor/laravel/framework/src/Illuminate/Pipeline/Pipeline.php(171): Illuminate\\Routing\\Middleware\\ThrottleRequests->handle(Object(Illuminate\\Http\\Request), Object(Closure), 60, '1')
#25 /Users/rahul/Documents/store/initappz/foodiesworld/foodies-api/vendor/laravel/framework/src/Illuminate/Pipeline/Pipeline.php(105): Illuminate\\Pipeline\\Pipeline->Illuminate\\Pipeline\\{closure}(Object(Illuminate\\Http\\Request))
#26 /Users/rahul/Documents/store/initappz/foodiesworld/foodies-api/vendor/laravel/framework/src/Illuminate/Routing/Router.php(683): Illuminate\\Pipeline\\Pipeline->then(Object(Closure))
#27 /Users/rahul/Documents/store/initappz/foodiesworld/foodies-api/vendor/laravel/framework/src/Illuminate/Routing/Router.php(658): Illuminate\\Routing\\Router->runRouteWithinStack(Object(Illuminate\\Routing\\Route), Object(Illuminate\\Http\\Request))
#28 /Users/rahul/Documents/store/initappz/foodiesworld/foodies-api/vendor/laravel/framework/src/Illuminate/Routing/Router.php(624): Illuminate\\Routing\\Router->runRoute(Object(Illuminate\\Http\\Request), Object(Illuminate\\Routing\\Route))
#29 /Users/rahul/Documents/store/initappz/foodiesworld/foodies-api/vendor/laravel/framework/src/Illuminate/Routing/Router.php(613): Illuminate\\Routing\\Router->dispatchToRoute(Object(Illuminate\\Http\\Request))
#30 /Users/rahul/Documents/store/initappz/foodiesworld/foodies-api/vendor/laravel/framework/src/Illuminate/Foundation/Http/Kernel.php(170): Illuminate\\Routing\\Router->dispatch(Object(Illuminate\\Http\\Request))
#31 /Users/rahul/Documents/store/initappz/foodiesworld/foodies-api/vendor/laravel/framework/src/Illuminate/Pipeline/Pipeline.php(130): Illuminate\\Foundation\\Http\\Kernel->Illuminate\\Foundation\\Http\\{closure}(Object(Illuminate\\Http\\Request))
#32 /Users/rahul/Documents/store/initappz/foodiesworld/foodies-api/vendor/fruitcake/laravel-cors/src/HandleCors.php(50): Illuminate\\Pipeline\\Pipeline->Illuminate\\Pipeline\\{closure}(Object(Illuminate\\Http\\Request))
#33 /Users/rahul/Documents/store/initappz/foodiesworld/foodies-api/vendor/laravel/framework/src/Illuminate/Pipeline/Pipeline.php(171): Fruitcake\\Cors\\HandleCors->handle(Object(Illuminate\\Http\\Request), Object(Closure))
#34 /Users/rahul/Documents/store/initappz/foodiesworld/foodies-api/vendor/laravel/framework/src/Illuminate/Foundation/Http/Middleware/TransformsRequest.php(21): Illuminate\\Pipeline\\Pipeline->Illuminate\\Pipeline\\{closure}(Object(Illuminate\\Http\\Request))
#35 /Users/rahul/Documents/store/initappz/foodiesworld/foodies-api/vendor/laravel/framework/src/Illuminate/Pipeline/Pipeline.php(171): Illuminate\\Foundation\\Http\\Middleware\\TransformsRequest->handle(Object(Illuminate\\Http\\Request), Object(Closure))
#36 /Users/rahul/Documents/store/initappz/foodiesworld/foodies-api/vendor/laravel/framework/src/Illuminate/Foundation/Http/Middleware/TransformsRequest.php(21): Illuminate\\Pipeline\\Pipeline->Illuminate\\Pipeline\\{closure}(Object(Illuminate\\Http\\Request))
#37 /Users/rahul/Documents/store/initappz/foodiesworld/foodies-api/vendor/laravel/framework/src/Illuminate/Pipeline/Pipeline.php(171): Illuminate\\Foundation\\Http\\Middleware\\TransformsRequest->handle(Object(Illuminate\\Http\\Request), Object(Closure))
#38 /Users/rahul/Documents/store/initappz/foodiesworld/foodies-api/vendor/laravel/framework/src/Illuminate/Foundation/Http/Middleware/ValidatePostSize.php(27): Illuminate\\Pipeline\\Pipeline->Illuminate\\Pipeline\\{closure}(Object(Illuminate\\Http\\Request))
#39 /Users/rahul/Documents/store/initappz/foodiesworld/foodies-api/vendor/laravel/framework/src/Illuminate/Pipeline/Pipeline.php(171): Illuminate\\Foundation\\Http\\Middleware\\ValidatePostSize->handle(Object(Illuminate\\Http\\Request), Object(Closure))
#40 /Users/rahul/Documents/store/initappz/foodiesworld/foodies-api/vendor/laravel/framework/src/Illuminate/Foundation/Http/Middleware/CheckForMaintenanceMode.php(63): Illuminate\\Pipeline\\Pipeline->Illuminate\\Pipeline\\{closure}(Object(Illuminate\\Http\\Request))
#41 /Users/rahul/Documents/store/initappz/foodiesworld/foodies-api/vendor/laravel/framework/src/Illuminate/Pipeline/Pipeline.php(171): Illuminate\\Foundation\\Http\\Middleware\\CheckForMaintenanceMode->handle(Object(Illuminate\\Http\\Request), Object(Closure))
#42 /Users/rahul/Documents/store/initappz/foodiesworld/foodies-api/vendor/fideloper/proxy/src/TrustProxies.php(57): Illuminate\\Pipeline\\Pipeline->Illuminate\\Pipeline\\{closure}(Object(Illuminate\\Http\\Request))
#43 /Users/rahul/Documents/store/initappz/foodiesworld/foodies-api/vendor/laravel/framework/src/Illuminate/Pipeline/Pipeline.php(171): Fideloper\\Proxy\\TrustProxies->handle(Object(Illuminate\\Http\\Request), Object(Closure))
#44 /Users/rahul/Documents/store/initappz/foodiesworld/foodies-api/vendor/laravel/framework/src/Illuminate/Pipeline/Pipeline.php(105): Illuminate\\Pipeline\\Pipeline->Illuminate\\Pipeline\\{closure}(Object(Illuminate\\Http\\Request))
#45 /Users/rahul/Documents/store/initappz/foodiesworld/foodies-api/vendor/laravel/framework/src/Illuminate/Foundation/Http/Kernel.php(145): Illuminate\\Pipeline\\Pipeline->then(Object(Closure))
#46 /Users/rahul/Documents/store/initappz/foodiesworld/foodies-api/vendor/laravel/framework/src/Illuminate/Foundation/Http/Kernel.php(110): Illuminate\\Foundation\\Http\\Kernel->sendRequestThroughRouter(Object(Illuminate\\Http\\Request))
#47 /Users/rahul/Documents/store/initappz/foodiesworld/foodies-api/public/index.php(55): Illuminate\\Foundation\\Http\\Kernel->handle(Object(Illuminate\\Http\\Request))
#48 /Users/rahul/Documents/store/initappz/foodiesworld/foodies-api/server.php(21): require_once('/Users/rahul/Do...')
#49 {main}
"} 
[2022-08-01 12:59:16] local.ERROR: Client error: `POST https://test.instamojo.com/api/1.1/payment-requests/` resulted in a `400 Bad Request` response:
{
    "success": false,
    "message": {
        "amount": [
            "Amount cannot be less than INR 9.00."
         (truncated...)
 {"userId":41,"exception":"[object] (GuzzleHttp\\Exception\\ClientException(code: 400): Client error: `POST https://test.instamojo.com/api/1.1/payment-requests/` resulted in a `400 Bad Request` response:
{
    \"success\": false,
    \"message\": {
        \"amount\": [
            \"Amount cannot be less than INR 9.00.\"
         (truncated...)
 at /Users/rahul/Documents/store/initappz/foodiesworld/foodies-api/vendor/guzzlehttp/guzzle/src/Exception/RequestException.php:113)
[stacktrace]
#0 /Users/rahul/Documents/store/initappz/foodiesworld/foodies-api/vendor/guzzlehttp/guzzle/src/Middleware.php(69): GuzzleHttp\\Exception\\RequestException::create(Object(GuzzleHttp\\Psr7\\Request), Object(GuzzleHttp\\Psr7\\Response), NULL, Array, NULL)
#1 /Users/rahul/Documents/store/initappz/foodiesworld/foodies-api/vendor/guzzlehttp/promises/src/Promise.php(204): GuzzleHttp\\Middleware::GuzzleHttp\\{closure}(Object(GuzzleHttp\\Psr7\\Response))
#2 /Users/rahul/Documents/store/initappz/foodiesworld/foodies-api/vendor/guzzlehttp/promises/src/Promise.php(153): GuzzleHttp\\Promise\\Promise::callHandler(1, Object(GuzzleHttp\\Psr7\\Response), NULL)
#3 /Users/rahul/Documents/store/initappz/foodiesworld/foodies-api/vendor/guzzlehttp/promises/src/TaskQueue.php(48): GuzzleHttp\\Promise\\Promise::GuzzleHttp\\Promise\\{closure}()
#4 /Users/rahul/Documents/store/initappz/foodiesworld/foodies-api/vendor/guzzlehttp/promises/src/Promise.php(248): GuzzleHttp\\Promise\\TaskQueue->run(true)
#5 /Users/rahul/Documents/store/initappz/foodiesworld/foodies-api/vendor/guzzlehttp/promises/src/Promise.php(224): GuzzleHttp\\Promise\\Promise->invokeWaitFn()
#6 /Users/rahul/Documents/store/initappz/foodiesworld/foodies-api/vendor/guzzlehttp/promises/src/Promise.php(269): GuzzleHttp\\Promise\\Promise->waitIfPending()
#7 /Users/rahul/Documents/store/initappz/foodiesworld/foodies-api/vendor/guzzlehttp/promises/src/Promise.php(226): GuzzleHttp\\Promise\\Promise->invokeWaitList()
#8 /Users/rahul/Documents/store/initappz/foodiesworld/foodies-api/vendor/guzzlehttp/promises/src/Promise.php(62): GuzzleHttp\\Promise\\Promise->waitIfPending()
#9 /Users/rahul/Documents/store/initappz/foodiesworld/foodies-api/vendor/guzzlehttp/guzzle/src/Client.php(187): GuzzleHttp\\Promise\\Promise->wait()
#10 /Users/rahul/Documents/store/initappz/foodiesworld/foodies-api/app/Http/Controllers/v1/PaymentsController.php(1029): GuzzleHttp\\Client->request('POST', 'https://test.in...', Array)
#11 [internal function]: App\\Http\\Controllers\\v1\\PaymentsController->instamojoPay(Object(Illuminate\\Http\\Request))
#12 /Users/rahul/Documents/store/initappz/foodiesworld/foodies-api/vendor/laravel/framework/src/Illuminate/Routing/Controller.php(54): call_user_func_array(Array, Array)
#13 /Users/rahul/Documents/store/initappz/foodiesworld/foodies-api/vendor/laravel/framework/src/Illuminate/Routing/ControllerDispatcher.php(45): Illuminate\\Routing\\Controller->callAction('instamojoPay', Array)
#14 /Users/rahul/Documents/store/initappz/foodiesworld/foodies-api/vendor/laravel/framework/src/Illuminate/Routing/Route.php(219): Illuminate\\Routing\\ControllerDispatcher->dispatch(Object(Illuminate\\Routing\\Route), Object(App\\Http\\Controllers\\v1\\PaymentsController), 'instamojoPay')
#15 /Users/rahul/Documents/store/initappz/foodiesworld/foodies-api/vendor/laravel/framework/src/Illuminate/Routing/Route.php(176): Illuminate\\Routing\\Route->runController()
#16 /Users/rahul/Documents/store/initappz/foodiesworld/foodies-api/vendor/laravel/framework/src/Illuminate/Routing/Router.php(681): Illuminate\\Routing\\Route->run()
#17 /Users/rahul/Documents/store/initappz/foodiesworld/foodies-api/vendor/laravel/framework/src/Illuminate/Pipeline/Pipeline.php(130): Illuminate\\Routing\\Router->Illuminate\\Routing\\{closure}(Object(Illuminate\\Http\\Request))
#18 /Users/rahul/Documents/store/initappz/foodiesworld/foodies-api/vendor/laravel/framework/src/Illuminate/Routing/Middleware/SubstituteBindings.php(41): Illuminate\\Pipeline\\Pipeline->Illuminate\\Pipeline\\{closure}(Object(Illuminate\\Http\\Request))
#19 /Users/rahul/Documents/store/initappz/foodiesworld/foodies-api/vendor/laravel/framework/src/Illuminate/Pipeline/Pipeline.php(171): Illuminate\\Routing\\Middleware\\SubstituteBindings->handle(Object(Illuminate\\Http\\Request), Object(Closure))
#20 /Users/rahul/Documents/store/initappz/foodiesworld/foodies-api/vendor/laravel/framework/src/Illuminate/Routing/Middleware/ThrottleRequests.php(59): Illuminate\\Pipeline\\Pipeline->Illuminate\\Pipeline\\{closure}(Object(Illuminate\\Http\\Request))
#21 /Users/rahul/Documents/store/initappz/foodiesworld/foodies-api/vendor/laravel/framework/src/Illuminate/Pipeline/Pipeline.php(171): Illuminate\\Routing\\Middleware\\ThrottleRequests->handle(Object(Illuminate\\Http\\Request), Object(Closure), 60, '1')
#22 /Users/rahul/Documents/store/initappz/foodiesworld/foodies-api/vendor/laravel/framework/src/Illuminate/Pipeline/Pipeline.php(105): Illuminate\\Pipeline\\Pipeline->Illuminate\\Pipeline\\{closure}(Object(Illuminate\\Http\\Request))
#23 /Users/rahul/Documents/store/initappz/foodiesworld/foodies-api/vendor/laravel/framework/src/Illuminate/Routing/Router.php(683): Illuminate\\Pipeline\\Pipeline->then(Object(Closure))
#24 /Users/rahul/Documents/store/initappz/foodiesworld/foodies-api/vendor/laravel/framework/src/Illuminate/Routing/Router.php(658): Illuminate\\Routing\\Router->runRouteWithinStack(Object(Illuminate\\Routing\\Route), Object(Illuminate\\Http\\Request))
#25 /Users/rahul/Documents/store/initappz/foodiesworld/foodies-api/vendor/laravel/framework/src/Illuminate/Routing/Router.php(624): Illuminate\\Routing\\Router->runRoute(Object(Illuminate\\Http\\Request), Object(Illuminate\\Routing\\Route))
#26 /Users/rahul/Documents/store/initappz/foodiesworld/foodies-api/vendor/laravel/framework/src/Illuminate/Routing/Router.php(613): Illuminate\\Routing\\Router->dispatchToRoute(Object(Illuminate\\Http\\Request))
#27 /Users/rahul/Documents/store/initappz/foodiesworld/foodies-api/vendor/laravel/framework/src/Illuminate/Foundation/Http/Kernel.php(170): Illuminate\\Routing\\Router->dispatch(Object(Illuminate\\Http\\Request))
#28 /Users/rahul/Documents/store/initappz/foodiesworld/foodies-api/vendor/laravel/framework/src/Illuminate/Pipeline/Pipeline.php(130): Illuminate\\Foundation\\Http\\Kernel->Illuminate\\Foundation\\Http\\{closure}(Object(Illuminate\\Http\\Request))
#29 /Users/rahul/Documents/store/initappz/foodiesworld/foodies-api/vendor/fruitcake/laravel-cors/src/HandleCors.php(50): Illuminate\\Pipeline\\Pipeline->Illuminate\\Pipeline\\{closure}(Object(Illuminate\\Http\\Request))
#30 /Users/rahul/Documents/store/initappz/foodiesworld/foodies-api/vendor/laravel/framework/src/Illuminate/Pipeline/Pipeline.php(171): Fruitcake\\Cors\\HandleCors->handle(Object(Illuminate\\Http\\Request), Object(Closure))
#31 /Users/rahul/Documents/store/initappz/foodiesworld/foodies-api/vendor/laravel/framework/src/Illuminate/Foundation/Http/Middleware/TransformsRequest.php(21): Illuminate\\Pipeline\\Pipeline->Illuminate\\Pipeline\\{closure}(Object(Illuminate\\Http\\Request))
#32 /Users/rahul/Documents/store/initappz/foodiesworld/foodies-api/vendor/laravel/framework/src/Illuminate/Pipeline/Pipeline.php(171): Illuminate\\Foundation\\Http\\Middleware\\TransformsRequest->handle(Object(Illuminate\\Http\\Request), Object(Closure))
#33 /Users/rahul/Documents/store/initappz/foodiesworld/foodies-api/vendor/laravel/framework/src/Illuminate/Foundation/Http/Middleware/TransformsRequest.php(21): Illuminate\\Pipeline\\Pipeline->Illuminate\\Pipeline\\{closure}(Object(Illuminate\\Http\\Request))
#34 /Users/rahul/Documents/store/initappz/foodiesworld/foodies-api/vendor/laravel/framework/src/Illuminate/Pipeline/Pipeline.php(171): Illuminate\\Foundation\\Http\\Middleware\\TransformsRequest->handle(Object(Illuminate\\Http\\Request), Object(Closure))
#35 /Users/rahul/Documents/store/initappz/foodiesworld/foodies-api/vendor/laravel/framework/src/Illuminate/Foundation/Http/Middleware/ValidatePostSize.php(27): Illuminate\\Pipeline\\Pipeline->Illuminate\\Pipeline\\{closure}(Object(Illuminate\\Http\\Request))
#36 /Users/rahul/Documents/store/initappz/foodiesworld/foodies-api/vendor/laravel/framework/src/Illuminate/Pipeline/Pipeline.php(171): Illuminate\\Foundation\\Http\\Middleware\\ValidatePostSize->handle(Object(Illuminate\\Http\\Request), Object(Closure))
#37 /Users/rahul/Documents/store/initappz/foodiesworld/foodies-api/vendor/laravel/framework/src/Illuminate/Foundation/Http/Middleware/CheckForMaintenanceMode.php(63): Illuminate\\Pipeline\\Pipeline->Illuminate\\Pipeline\\{closure}(Object(Illuminate\\Http\\Request))
#38 /Users/rahul/Documents/store/initappz/foodiesworld/foodies-api/vendor/laravel/framework/src/Illuminate/Pipeline/Pipeline.php(171): Illuminate\\Foundation\\Http\\Middleware\\CheckForMaintenanceMode->handle(Object(Illuminate\\Http\\Request), Object(Closure))
#39 /Users/rahul/Documents/store/initappz/foodiesworld/foodies-api/vendor/fideloper/proxy/src/TrustProxies.php(57): Illuminate\\Pipeline\\Pipeline->Illuminate\\Pipeline\\{closure}(Object(Illuminate\\Http\\Request))
#40 /Users/rahul/Documents/store/initappz/foodiesworld/foodies-api/vendor/laravel/framework/src/Illuminate/Pipeline/Pipeline.php(171): Fideloper\\Proxy\\TrustProxies->handle(Object(Illuminate\\Http\\Request), Object(Closure))
#41 /Users/rahul/Documents/store/initappz/foodiesworld/foodies-api/vendor/laravel/framework/src/Illuminate/Pipeline/Pipeline.php(105): Illuminate\\Pipeline\\Pipeline->Illuminate\\Pipeline\\{closure}(Object(Illuminate\\Http\\Request))
#42 /Users/rahul/Documents/store/initappz/foodiesworld/foodies-api/vendor/laravel/framework/src/Illuminate/Foundation/Http/Kernel.php(145): Illuminate\\Pipeline\\Pipeline->then(Object(Closure))
#43 /Users/rahul/Documents/store/initappz/foodiesworld/foodies-api/vendor/laravel/framework/src/Illuminate/Foundation/Http/Kernel.php(110): Illuminate\\Foundation\\Http\\Kernel->sendRequestThroughRouter(Object(Illuminate\\Http\\Request))
#44 /Users/rahul/Documents/store/initappz/foodiesworld/foodies-api/public/index.php(55): Illuminate\\Foundation\\Http\\Kernel->handle(Object(Illuminate\\Http\\Request))
#45 /Users/rahul/Documents/store/initappz/foodiesworld/foodies-api/server.php(21): require_once('/Users/rahul/Do...')
#46 {main}
"} 
[2022-08-01 15:54:10] local.ERROR: SQLSTATE[HY000]: General error: 1366 Incorrect integer value: 'home' for column 'title' at row 1 (SQL: insert into `address` (`uid`, `is_default`, `optional_phone`, `title`, `address`, `house`, `landmark`, `pincode`, `lat`, `lng`, `status`, `updated_at`, `created_at`) values (41, 1, 9517537410, home, Waghawadi Road, Vidhyanagar, Bhavnagar, Gujarat, India, Shop No 316, Eva Surbhi Opp, Aksharwadi, 364001, 21.7540267, 72.1436713, 1, 2022-08-01 15:54:10, 2022-08-01 15:54:10)) {"userId":41,"exception":"[object] (Illuminate\\Database\\QueryException(code: HY000): SQLSTATE[HY000]: General error: 1366 Incorrect integer value: 'home' for column 'title' at row 1 (SQL: insert into `address` (`uid`, `is_default`, `optional_phone`, `title`, `address`, `house`, `landmark`, `pincode`, `lat`, `lng`, `status`, `updated_at`, `created_at`) values (41, 1, 9517537410, home, Waghawadi Road, Vidhyanagar, Bhavnagar, Gujarat, India, Shop No 316, Eva Surbhi Opp, Aksharwadi, 364001, 21.7540267, 72.1436713, 1, 2022-08-01 15:54:10, 2022-08-01 15:54:10)) at /Users/rahul/Documents/store/initappz/foodiesworld/foodies-api/vendor/laravel/framework/src/Illuminate/Database/Connection.php:669)
[stacktrace]
#0 /Users/rahul/Documents/store/initappz/foodiesworld/foodies-api/vendor/laravel/framework/src/Illuminate/Database/Connection.php(629): Illuminate\\Database\\Connection->runQueryCallback('insert into `ad...', Array, Object(Closure))
#1 /Users/rahul/Documents/store/initappz/foodiesworld/foodies-api/vendor/laravel/framework/src/Illuminate/Database/Connection.php(464): Illuminate\\Database\\Connection->run('insert into `ad...', Array, Object(Closure))
#2 /Users/rahul/Documents/store/initappz/foodiesworld/foodies-api/vendor/laravel/framework/src/Illuminate/Database/Connection.php(416): Illuminate\\Database\\Connection->statement('insert into `ad...', Array)
#3 /Users/rahul/Documents/store/initappz/foodiesworld/foodies-api/vendor/laravel/framework/src/Illuminate/Database/Query/Processors/Processor.php(32): Illuminate\\Database\\Connection->insert('insert into `ad...', Array)
#4 /Users/rahul/Documents/store/initappz/foodiesworld/foodies-api/vendor/laravel/framework/src/Illuminate/Database/Query/Builder.php(2695): Illuminate\\Database\\Query\\Processors\\Processor->processInsertGetId(Object(Illuminate\\Database\\Query\\Builder), 'insert into `ad...', Array, 'id')
#5 /Users/rahul/Documents/store/initappz/foodiesworld/foodies-api/vendor/laravel/framework/src/Illuminate/Database/Eloquent/Builder.php(1366): Illuminate\\Database\\Query\\Builder->insertGetId(Array, 'id')
#6 /Users/rahul/Documents/store/initappz/foodiesworld/foodies-api/vendor/laravel/framework/src/Illuminate/Database/Eloquent/Model.php(840): Illuminate\\Database\\Eloquent\\Builder->__call('insertGetId', Array)
#7 /Users/rahul/Documents/store/initappz/foodiesworld/foodies-api/vendor/laravel/framework/src/Illuminate/Database/Eloquent/Model.php(805): Illuminate\\Database\\Eloquent\\Model->insertAndSetId(Object(Illuminate\\Database\\Eloquent\\Builder), Array)
#8 /Users/rahul/Documents/store/initappz/foodiesworld/foodies-api/vendor/laravel/framework/src/Illuminate/Database/Eloquent/Model.php(668): Illuminate\\Database\\Eloquent\\Model->performInsert(Object(Illuminate\\Database\\Eloquent\\Builder))
#9 /Users/rahul/Documents/store/initappz/foodiesworld/foodies-api/vendor/laravel/framework/src/Illuminate/Database/Eloquent/Builder.php(765): Illuminate\\Database\\Eloquent\\Model->save()
#10 /Users/rahul/Documents/store/initappz/foodiesworld/foodies-api/vendor/laravel/framework/src/Illuminate/Support/helpers.php(422): Illuminate\\Database\\Eloquent\\Builder->Illuminate\\Database\\Eloquent\\{closure}(Object(App\\Models\\Address))
#11 /Users/rahul/Documents/store/initappz/foodiesworld/foodies-api/vendor/laravel/framework/src/Illuminate/Database/Eloquent/Builder.php(766): tap(Object(App\\Models\\Address), Object(Closure))
#12 /Users/rahul/Documents/store/initappz/foodiesworld/foodies-api/vendor/laravel/framework/src/Illuminate/Support/Traits/ForwardsCalls.php(23): Illuminate\\Database\\Eloquent\\Builder->create(Array)
#13 /Users/rahul/Documents/store/initappz/foodiesworld/foodies-api/vendor/laravel/framework/src/Illuminate/Database/Eloquent/Model.php(1622): Illuminate\\Database\\Eloquent\\Model->forwardCallTo(Object(Illuminate\\Database\\Eloquent\\Builder), 'create', Array)
#14 /Users/rahul/Documents/store/initappz/foodiesworld/foodies-api/vendor/laravel/framework/src/Illuminate/Database/Eloquent/Model.php(1634): Illuminate\\Database\\Eloquent\\Model->__call('create', Array)
#15 /Users/rahul/Documents/store/initappz/foodiesworld/foodies-api/app/Http/Controllers/v1/AddressController.php(34): Illuminate\\Database\\Eloquent\\Model::__callStatic('create', Array)
#16 [internal function]: App\\Http\\Controllers\\v1\\AddressController->save(Object(Illuminate\\Http\\Request))
#17 /Users/rahul/Documents/store/initappz/foodiesworld/foodies-api/vendor/laravel/framework/src/Illuminate/Routing/Controller.php(54): call_user_func_array(Array, Array)
#18 /Users/rahul/Documents/store/initappz/foodiesworld/foodies-api/vendor/laravel/framework/src/Illuminate/Routing/ControllerDispatcher.php(45): Illuminate\\Routing\\Controller->callAction('save', Array)
#19 /Users/rahul/Documents/store/initappz/foodiesworld/foodies-api/vendor/laravel/framework/src/Illuminate/Routing/Route.php(219): Illuminate\\Routing\\ControllerDispatcher->dispatch(Object(Illuminate\\Routing\\Route), Object(App\\Http\\Controllers\\v1\\AddressController), 'save')
#20 /Users/rahul/Documents/store/initappz/foodiesworld/foodies-api/vendor/laravel/framework/src/Illuminate/Routing/Route.php(176): Illuminate\\Routing\\Route->runController()
#21 /Users/rahul/Documents/store/initappz/foodiesworld/foodies-api/vendor/laravel/framework/src/Illuminate/Routing/Router.php(681): Illuminate\\Routing\\Route->run()
#22 /Users/rahul/Documents/store/initappz/foodiesworld/foodies-api/vendor/laravel/framework/src/Illuminate/Pipeline/Pipeline.php(130): Illuminate\\Routing\\Router->Illuminate\\Routing\\{closure}(Object(Illuminate\\Http\\Request))
#23 /Users/rahul/Documents/store/initappz/foodiesworld/foodies-api/vendor/tymon/jwt-auth/src/Http/Middleware/Authenticate.php(32): Illuminate\\Pipeline\\Pipeline->Illuminate\\Pipeline\\{closure}(Object(Illuminate\\Http\\Request))
#24 /Users/rahul/Documents/store/initappz/foodiesworld/foodies-api/vendor/laravel/framework/src/Illuminate/Pipeline/Pipeline.php(171): Tymon\\JWTAuth\\Http\\Middleware\\Authenticate->handle(Object(Illuminate\\Http\\Request), Object(Closure))
#25 /Users/rahul/Documents/store/initappz/foodiesworld/foodies-api/app/Http/Middleware/JWTMiddleware.php(47): Illuminate\\Pipeline\\Pipeline->Illuminate\\Pipeline\\{closure}(Object(Illuminate\\Http\\Request))
#26 /Users/rahul/Documents/store/initappz/foodiesworld/foodies-api/vendor/laravel/framework/src/Illuminate/Pipeline/Pipeline.php(171): App\\Http\\Middleware\\JWTMiddleware->handle(Object(Illuminate\\Http\\Request), Object(Closure))
#27 /Users/rahul/Documents/store/initappz/foodiesworld/foodies-api/vendor/laravel/framework/src/Illuminate/Routing/Middleware/SubstituteBindings.php(41): Illuminate\\Pipeline\\Pipeline->Illuminate\\Pipeline\\{closure}(Object(Illuminate\\Http\\Request))
#28 /Users/rahul/Documents/store/initappz/foodiesworld/foodies-api/vendor/laravel/framework/src/Illuminate/Pipeline/Pipeline.php(171): Illuminate\\Routing\\Middleware\\SubstituteBindings->handle(Object(Illuminate\\Http\\Request), Object(Closure))
#29 /Users/rahul/Documents/store/initappz/foodiesworld/foodies-api/vendor/laravel/framework/src/Illuminate/Routing/Middleware/ThrottleRequests.php(59): Illuminate\\Pipeline\\Pipeline->Illuminate\\Pipeline\\{closure}(Object(Illuminate\\Http\\Request))
#30 /Users/rahul/Documents/store/initappz/foodiesworld/foodies-api/vendor/laravel/framework/src/Illuminate/Pipeline/Pipeline.php(171): Illuminate\\Routing\\Middleware\\ThrottleRequests->handle(Object(Illuminate\\Http\\Request), Object(Closure), 60, '1')
#31 /Users/rahul/Documents/store/initappz/foodiesworld/foodies-api/vendor/laravel/framework/src/Illuminate/Pipeline/Pipeline.php(105): Illuminate\\Pipeline\\Pipeline->Illuminate\\Pipeline\\{closure}(Object(Illuminate\\Http\\Request))
#32 /Users/rahul/Documents/store/initappz/foodiesworld/foodies-api/vendor/laravel/framework/src/Illuminate/Routing/Router.php(683): Illuminate\\Pipeline\\Pipeline->then(Object(Closure))
#33 /Users/rahul/Documents/store/initappz/foodiesworld/foodies-api/vendor/laravel/framework/src/Illuminate/Routing/Router.php(658): Illuminate\\Routing\\Router->runRouteWithinStack(Object(Illuminate\\Routing\\Route), Object(Illuminate\\Http\\Request))
#34 /Users/rahul/Documents/store/initappz/foodiesworld/foodies-api/vendor/laravel/framework/src/Illuminate/Routing/Router.php(624): Illuminate\\Routing\\Router->runRoute(Object(Illuminate\\Http\\Request), Object(Illuminate\\Routing\\Route))
#35 /Users/rahul/Documents/store/initappz/foodiesworld/foodies-api/vendor/laravel/framework/src/Illuminate/Routing/Router.php(613): Illuminate\\Routing\\Router->dispatchToRoute(Object(Illuminate\\Http\\Request))
#36 /Users/rahul/Documents/store/initappz/foodiesworld/foodies-api/vendor/laravel/framework/src/Illuminate/Foundation/Http/Kernel.php(170): Illuminate\\Routing\\Router->dispatch(Object(Illuminate\\Http\\Request))
#37 /Users/rahul/Documents/store/initappz/foodiesworld/foodies-api/vendor/laravel/framework/src/Illuminate/Pipeline/Pipeline.php(130): Illuminate\\Foundation\\Http\\Kernel->Illuminate\\Foundation\\Http\\{closure}(Object(Illuminate\\Http\\Request))
#38 /Users/rahul/Documents/store/initappz/foodiesworld/foodies-api/vendor/fruitcake/laravel-cors/src/HandleCors.php(50): Illuminate\\Pipeline\\Pipeline->Illuminate\\Pipeline\\{closure}(Object(Illuminate\\Http\\Request))
#39 /Users/rahul/Documents/store/initappz/foodiesworld/foodies-api/vendor/laravel/framework/src/Illuminate/Pipeline/Pipeline.php(171): Fruitcake\\Cors\\HandleCors->handle(Object(Illuminate\\Http\\Request), Object(Closure))
#40 /Users/rahul/Documents/store/initappz/foodiesworld/foodies-api/vendor/laravel/framework/src/Illuminate/Foundation/Http/Middleware/TransformsRequest.php(21): Illuminate\\Pipeline\\Pipeline->Illuminate\\Pipeline\\{closure}(Object(Illuminate\\Http\\Request))
#41 /Users/rahul/Documents/store/initappz/foodiesworld/foodies-api/vendor/laravel/framework/src/Illuminate/Pipeline/Pipeline.php(171): Illuminate\\Foundation\\Http\\Middleware\\TransformsRequest->handle(Object(Illuminate\\Http\\Request), Object(Closure))
#42 /Users/rahul/Documents/store/initappz/foodiesworld/foodies-api/vendor/laravel/framework/src/Illuminate/Foundation/Http/Middleware/TransformsRequest.php(21): Illuminate\\Pipeline\\Pipeline->Illuminate\\Pipeline\\{closure}(Object(Illuminate\\Http\\Request))
#43 /Users/rahul/Documents/store/initappz/foodiesworld/foodies-api/vendor/laravel/framework/src/Illuminate/Pipeline/Pipeline.php(171): Illuminate\\Foundation\\Http\\Middleware\\TransformsRequest->handle(Object(Illuminate\\Http\\Request), Object(Closure))
#44 /Users/rahul/Documents/store/initappz/foodiesworld/foodies-api/vendor/laravel/framework/src/Illuminate/Foundation/Http/Middleware/ValidatePostSize.php(27): Illuminate\\Pipeline\\Pipeline->Illuminate\\Pipeline\\{closure}(Object(Illuminate\\Http\\Request))
#45 /Users/rahul/Documents/store/initappz/foodiesworld/foodies-api/vendor/laravel/framework/src/Illuminate/Pipeline/Pipeline.php(171): Illuminate\\Foundation\\Http\\Middleware\\ValidatePostSize->handle(Object(Illuminate\\Http\\Request), Object(Closure))
#46 /Users/rahul/Documents/store/initappz/foodiesworld/foodies-api/vendor/laravel/framework/src/Illuminate/Foundation/Http/Middleware/CheckForMaintenanceMode.php(63): Illuminate\\Pipeline\\Pipeline->Illuminate\\Pipeline\\{closure}(Object(Illuminate\\Http\\Request))
#47 /Users/rahul/Documents/store/initappz/foodiesworld/foodies-api/vendor/laravel/framework/src/Illuminate/Pipeline/Pipeline.php(171): Illuminate\\Foundation\\Http\\Middleware\\CheckForMaintenanceMode->handle(Object(Illuminate\\Http\\Request), Object(Closure))
#48 /Users/rahul/Documents/store/initappz/foodiesworld/foodies-api/vendor/fideloper/proxy/src/TrustProxies.php(57): Illuminate\\Pipeline\\Pipeline->Illuminate\\Pipeline\\{closure}(Object(Illuminate\\Http\\Request))
#49 /Users/rahul/Documents/store/initappz/foodiesworld/foodies-api/vendor/laravel/framework/src/Illuminate/Pipeline/Pipeline.php(171): Fideloper\\Proxy\\TrustProxies->handle(Object(Illuminate\\Http\\Request), Object(Closure))
#50 /Users/rahul/Documents/store/initappz/foodiesworld/foodies-api/vendor/laravel/framework/src/Illuminate/Pipeline/Pipeline.php(105): Illuminate\\Pipeline\\Pipeline->Illuminate\\Pipeline\\{closure}(Object(Illuminate\\Http\\Request))
#51 /Users/rahul/Documents/store/initappz/foodiesworld/foodies-api/vendor/laravel/framework/src/Illuminate/Foundation/Http/Kernel.php(145): Illuminate\\Pipeline\\Pipeline->then(Object(Closure))
#52 /Users/rahul/Documents/store/initappz/foodiesworld/foodies-api/vendor/laravel/framework/src/Illuminate/Foundation/Http/Kernel.php(110): Illuminate\\Foundation\\Http\\Kernel->sendRequestThroughRouter(Object(Illuminate\\Http\\Request))
#53 /Users/rahul/Documents/store/initappz/foodiesworld/foodies-api/public/index.php(55): Illuminate\\Foundation\\Http\\Kernel->handle(Object(Illuminate\\Http\\Request))
#54 /Users/rahul/Documents/store/initappz/foodiesworld/foodies-api/server.php(21): require_once('/Users/rahul/Do...')
#55 {main}

[previous exception] [object] (PDOException(code: HY000): SQLSTATE[HY000]: General error: 1366 Incorrect integer value: 'home' for column 'title' at row 1 at /Users/rahul/Documents/store/initappz/foodiesworld/foodies-api/vendor/laravel/framework/src/Illuminate/Database/Connection.php:463)
[stacktrace]
#0 /Users/rahul/Documents/store/initappz/foodiesworld/foodies-api/vendor/laravel/framework/src/Illuminate/Database/Connection.php(463): PDOStatement->execute()
#1 /Users/rahul/Documents/store/initappz/foodiesworld/foodies-api/vendor/laravel/framework/src/Illuminate/Database/Connection.php(662): Illuminate\\Database\\Connection->Illuminate\\Database\\{closure}('insert into `ad...', Array)
#2 /Users/rahul/Documents/store/initappz/foodiesworld/foodies-api/vendor/laravel/framework/src/Illuminate/Database/Connection.php(629): Illuminate\\Database\\Connection->runQueryCallback('insert into `ad...', Array, Object(Closure))
#3 /Users/rahul/Documents/store/initappz/foodiesworld/foodies-api/vendor/laravel/framework/src/Illuminate/Database/Connection.php(464): Illuminate\\Database\\Connection->run('insert into `ad...', Array, Object(Closure))
#4 /Users/rahul/Documents/store/initappz/foodiesworld/foodies-api/vendor/laravel/framework/src/Illuminate/Database/Connection.php(416): Illuminate\\Database\\Connection->statement('insert into `ad...', Array)
#5 /Users/rahul/Documents/store/initappz/foodiesworld/foodies-api/vendor/laravel/framework/src/Illuminate/Database/Query/Processors/Processor.php(32): Illuminate\\Database\\Connection->insert('insert into `ad...', Array)
#6 /Users/rahul/Documents/store/initappz/foodiesworld/foodies-api/vendor/laravel/framework/src/Illuminate/Database/Query/Builder.php(2695): Illuminate\\Database\\Query\\Processors\\Processor->processInsertGetId(Object(Illuminate\\Database\\Query\\Builder), 'insert into `ad...', Array, 'id')
#7 /Users/rahul/Documents/store/initappz/foodiesworld/foodies-api/vendor/laravel/framework/src/Illuminate/Database/Eloquent/Builder.php(1366): Illuminate\\Database\\Query\\Builder->insertGetId(Array, 'id')
#8 /Users/rahul/Documents/store/initappz/foodiesworld/foodies-api/vendor/laravel/framework/src/Illuminate/Database/Eloquent/Model.php(840): Illuminate\\Database\\Eloquent\\Builder->__call('insertGetId', Array)
#9 /Users/rahul/Documents/store/initappz/foodiesworld/foodies-api/vendor/laravel/framework/src/Illuminate/Database/Eloquent/Model.php(805): Illuminate\\Database\\Eloquent\\Model->insertAndSetId(Object(Illuminate\\Database\\Eloquent\\Builder), Array)
#10 /Users/rahul/Documents/store/initappz/foodiesworld/foodies-api/vendor/laravel/framework/src/Illuminate/Database/Eloquent/Model.php(668): Illuminate\\Database\\Eloquent\\Model->performInsert(Object(Illuminate\\Database\\Eloquent\\Builder))
#11 /Users/rahul/Documents/store/initappz/foodiesworld/foodies-api/vendor/laravel/framework/src/Illuminate/Database/Eloquent/Builder.php(765): Illuminate\\Database\\Eloquent\\Model->save()
#12 /Users/rahul/Documents/store/initappz/foodiesworld/foodies-api/vendor/laravel/framework/src/Illuminate/Support/helpers.php(422): Illuminate\\Database\\Eloquent\\Builder->Illuminate\\Database\\Eloquent\\{closure}(Object(App\\Models\\Address))
#13 /Users/rahul/Documents/store/initappz/foodiesworld/foodies-api/vendor/laravel/framework/src/Illuminate/Database/Eloquent/Builder.php(766): tap(Object(App\\Models\\Address), Object(Closure))
#14 /Users/rahul/Documents/store/initappz/foodiesworld/foodies-api/vendor/laravel/framework/src/Illuminate/Support/Traits/ForwardsCalls.php(23): Illuminate\\Database\\Eloquent\\Builder->create(Array)
#15 /Users/rahul/Documents/store/initappz/foodiesworld/foodies-api/vendor/laravel/framework/src/Illuminate/Database/Eloquent/Model.php(1622): Illuminate\\Database\\Eloquent\\Model->forwardCallTo(Object(Illuminate\\Database\\Eloquent\\Builder), 'create', Array)
#16 /Users/rahul/Documents/store/initappz/foodiesworld/foodies-api/vendor/laravel/framework/src/Illuminate/Database/Eloquent/Model.php(1634): Illuminate\\Database\\Eloquent\\Model->__call('create', Array)
#17 /Users/rahul/Documents/store/initappz/foodiesworld/foodies-api/app/Http/Controllers/v1/AddressController.php(34): Illuminate\\Database\\Eloquent\\Model::__callStatic('create', Array)
#18 [internal function]: App\\Http\\Controllers\\v1\\AddressController->save(Object(Illuminate\\Http\\Request))
#19 /Users/rahul/Documents/store/initappz/foodiesworld/foodies-api/vendor/laravel/framework/src/Illuminate/Routing/Controller.php(54): call_user_func_array(Array, Array)
#20 /Users/rahul/Documents/store/initappz/foodiesworld/foodies-api/vendor/laravel/framework/src/Illuminate/Routing/ControllerDispatcher.php(45): Illuminate\\Routing\\Controller->callAction('save', Array)
#21 /Users/rahul/Documents/store/initappz/foodiesworld/foodies-api/vendor/laravel/framework/src/Illuminate/Routing/Route.php(219): Illuminate\\Routing\\ControllerDispatcher->dispatch(Object(Illuminate\\Routing\\Route), Object(App\\Http\\Controllers\\v1\\AddressController), 'save')
#22 /Users/rahul/Documents/store/initappz/foodiesworld/foodies-api/vendor/laravel/framework/src/Illuminate/Routing/Route.php(176): Illuminate\\Routing\\Route->runController()
#23 /Users/rahul/Documents/store/initappz/foodiesworld/foodies-api/vendor/laravel/framework/src/Illuminate/Routing/Router.php(681): Illuminate\\Routing\\Route->run()
#24 /Users/rahul/Documents/store/initappz/foodiesworld/foodies-api/vendor/laravel/framework/src/Illuminate/Pipeline/Pipeline.php(130): Illuminate\\Routing\\Router->Illuminate\\Routing\\{closure}(Object(Illuminate\\Http\\Request))
#25 /Users/rahul/Documents/store/initappz/foodiesworld/foodies-api/vendor/tymon/jwt-auth/src/Http/Middleware/Authenticate.php(32): Illuminate\\Pipeline\\Pipeline->Illuminate\\Pipeline\\{closure}(Object(Illuminate\\Http\\Request))
#26 /Users/rahul/Documents/store/initappz/foodiesworld/foodies-api/vendor/laravel/framework/src/Illuminate/Pipeline/Pipeline.php(171): Tymon\\JWTAuth\\Http\\Middleware\\Authenticate->handle(Object(Illuminate\\Http\\Request), Object(Closure))
#27 /Users/rahul/Documents/store/initappz/foodiesworld/foodies-api/app/Http/Middleware/JWTMiddleware.php(47): Illuminate\\Pipeline\\Pipeline->Illuminate\\Pipeline\\{closure}(Object(Illuminate\\Http\\Request))
#28 /Users/rahul/Documents/store/initappz/foodiesworld/foodies-api/vendor/laravel/framework/src/Illuminate/Pipeline/Pipeline.php(171): App\\Http\\Middleware\\JWTMiddleware->handle(Object(Illuminate\\Http\\Request), Object(Closure))
#29 /Users/rahul/Documents/store/initappz/foodiesworld/foodies-api/vendor/laravel/framework/src/Illuminate/Routing/Middleware/SubstituteBindings.php(41): Illuminate\\Pipeline\\Pipeline->Illuminate\\Pipeline\\{closure}(Object(Illuminate\\Http\\Request))
#30 /Users/rahul/Documents/store/initappz/foodiesworld/foodies-api/vendor/laravel/framework/src/Illuminate/Pipeline/Pipeline.php(171): Illuminate\\Routing\\Middleware\\SubstituteBindings->handle(Object(Illuminate\\Http\\Request), Object(Closure))
#31 /Users/rahul/Documents/store/initappz/foodiesworld/foodies-api/vendor/laravel/framework/src/Illuminate/Routing/Middleware/ThrottleRequests.php(59): Illuminate\\Pipeline\\Pipeline->Illuminate\\Pipeline\\{closure}(Object(Illuminate\\Http\\Request))
#32 /Users/rahul/Documents/store/initappz/foodiesworld/foodies-api/vendor/laravel/framework/src/Illuminate/Pipeline/Pipeline.php(171): Illuminate\\Routing\\Middleware\\ThrottleRequests->handle(Object(Illuminate\\Http\\Request), Object(Closure), 60, '1')
#33 /Users/rahul/Documents/store/initappz/foodiesworld/foodies-api/vendor/laravel/framework/src/Illuminate/Pipeline/Pipeline.php(105): Illuminate\\Pipeline\\Pipeline->Illuminate\\Pipeline\\{closure}(Object(Illuminate\\Http\\Request))
#34 /Users/rahul/Documents/store/initappz/foodiesworld/foodies-api/vendor/laravel/framework/src/Illuminate/Routing/Router.php(683): Illuminate\\Pipeline\\Pipeline->then(Object(Closure))
#35 /Users/rahul/Documents/store/initappz/foodiesworld/foodies-api/vendor/laravel/framework/src/Illuminate/Routing/Router.php(658): Illuminate\\Routing\\Router->runRouteWithinStack(Object(Illuminate\\Routing\\Route), Object(Illuminate\\Http\\Request))
#36 /Users/rahul/Documents/store/initappz/foodiesworld/foodies-api/vendor/laravel/framework/src/Illuminate/Routing/Router.php(624): Illuminate\\Routing\\Router->runRoute(Object(Illuminate\\Http\\Request), Object(Illuminate\\Routing\\Route))
#37 /Users/rahul/Documents/store/initappz/foodiesworld/foodies-api/vendor/laravel/framework/src/Illuminate/Routing/Router.php(613): Illuminate\\Routing\\Router->dispatchToRoute(Object(Illuminate\\Http\\Request))
#38 /Users/rahul/Documents/store/initappz/foodiesworld/foodies-api/vendor/laravel/framework/src/Illuminate/Foundation/Http/Kernel.php(170): Illuminate\\Routing\\Router->dispatch(Object(Illuminate\\Http\\Request))
#39 /Users/rahul/Documents/store/initappz/foodiesworld/foodies-api/vendor/laravel/framework/src/Illuminate/Pipeline/Pipeline.php(130): Illuminate\\Foundation\\Http\\Kernel->Illuminate\\Foundation\\Http\\{closure}(Object(Illuminate\\Http\\Request))
#40 /Users/rahul/Documents/store/initappz/foodiesworld/foodies-api/vendor/fruitcake/laravel-cors/src/HandleCors.php(50): Illuminate\\Pipeline\\Pipeline->Illuminate\\Pipeline\\{closure}(Object(Illuminate\\Http\\Request))
#41 /Users/rahul/Documents/store/initappz/foodiesworld/foodies-api/vendor/laravel/framework/src/Illuminate/Pipeline/Pipeline.php(171): Fruitcake\\Cors\\HandleCors->handle(Object(Illuminate\\Http\\Request), Object(Closure))
#42 /Users/rahul/Documents/store/initappz/foodiesworld/foodies-api/vendor/laravel/framework/src/Illuminate/Foundation/Http/Middleware/TransformsRequest.php(21): Illuminate\\Pipeline\\Pipeline->Illuminate\\Pipeline\\{closure}(Object(Illuminate\\Http\\Request))
#43 /Users/rahul/Documents/store/initappz/foodiesworld/foodies-api/vendor/laravel/framework/src/Illuminate/Pipeline/Pipeline.php(171): Illuminate\\Foundation\\Http\\Middleware\\TransformsRequest->handle(Object(Illuminate\\Http\\Request), Object(Closure))
#44 /Users/rahul/Documents/store/initappz/foodiesworld/foodies-api/vendor/laravel/framework/src/Illuminate/Foundation/Http/Middleware/TransformsRequest.php(21): Illuminate\\Pipeline\\Pipeline->Illuminate\\Pipeline\\{closure}(Object(Illuminate\\Http\\Request))
#45 /Users/rahul/Documents/store/initappz/foodiesworld/foodies-api/vendor/laravel/framework/src/Illuminate/Pipeline/Pipeline.php(171): Illuminate\\Foundation\\Http\\Middleware\\TransformsRequest->handle(Object(Illuminate\\Http\\Request), Object(Closure))
#46 /Users/rahul/Documents/store/initappz/foodiesworld/foodies-api/vendor/laravel/framework/src/Illuminate/Foundation/Http/Middleware/ValidatePostSize.php(27): Illuminate\\Pipeline\\Pipeline->Illuminate\\Pipeline\\{closure}(Object(Illuminate\\Http\\Request))
#47 /Users/rahul/Documents/store/initappz/foodiesworld/foodies-api/vendor/laravel/framework/src/Illuminate/Pipeline/Pipeline.php(171): Illuminate\\Foundation\\Http\\Middleware\\ValidatePostSize->handle(Object(Illuminate\\Http\\Request), Object(Closure))
#48 /Users/rahul/Documents/store/initappz/foodiesworld/foodies-api/vendor/laravel/framework/src/Illuminate/Foundation/Http/Middleware/CheckForMaintenanceMode.php(63): Illuminate\\Pipeline\\Pipeline->Illuminate\\Pipeline\\{closure}(Object(Illuminate\\Http\\Request))
#49 /Users/rahul/Documents/store/initappz/foodiesworld/foodies-api/vendor/laravel/framework/src/Illuminate/Pipeline/Pipeline.php(171): Illuminate\\Foundation\\Http\\Middleware\\CheckForMaintenanceMode->handle(Object(Illuminate\\Http\\Request), Object(Closure))
#50 /Users/rahul/Documents/store/initappz/foodiesworld/foodies-api/vendor/fideloper/proxy/src/TrustProxies.php(57): Illuminate\\Pipeline\\Pipeline->Illuminate\\Pipeline\\{closure}(Object(Illuminate\\Http\\Request))
#51 /Users/rahul/Documents/store/initappz/foodiesworld/foodies-api/vendor/laravel/framework/src/Illuminate/Pipeline/Pipeline.php(171): Fideloper\\Proxy\\TrustProxies->handle(Object(Illuminate\\Http\\Request), Object(Closure))
#52 /Users/rahul/Documents/store/initappz/foodiesworld/foodies-api/vendor/laravel/framework/src/Illuminate/Pipeline/Pipeline.php(105): Illuminate\\Pipeline\\Pipeline->Illuminate\\Pipeline\\{closure}(Object(Illuminate\\Http\\Request))
#53 /Users/rahul/Documents/store/initappz/foodiesworld/foodies-api/vendor/laravel/framework/src/Illuminate/Foundation/Http/Kernel.php(145): Illuminate\\Pipeline\\Pipeline->then(Object(Closure))
#54 /Users/rahul/Documents/store/initappz/foodiesworld/foodies-api/vendor/laravel/framework/src/Illuminate/Foundation/Http/Kernel.php(110): Illuminate\\Foundation\\Http\\Kernel->sendRequestThroughRouter(Object(Illuminate\\Http\\Request))
#55 /Users/rahul/Documents/store/initappz/foodiesworld/foodies-api/public/index.php(55): Illuminate\\Foundation\\Http\\Kernel->handle(Object(Illuminate\\Http\\Request))
#56 /Users/rahul/Documents/store/initappz/foodiesworld/foodies-api/server.php(21): require_once('/Users/rahul/Do...')
#57 {main}
"} 
